21:46:14 **** Build of project bsp_mb_07_ddr ****
make -k all 
"Running Make include in cluster_0_microblaze_7/libsrc/bram_v4_0/src"
make -C cluster_0_microblaze_7/libsrc/bram_v4_0/src -s include  "SHELL=CMD" "COMPILER=mb-gcc" "ARCHIVER=mb-ar" "COMPILER_FLAGS= -O2 -c -mcpu=v9.3 -mlittle-endian -mno-xl-soft-div -mxl-barrel-shift -mxl-soft-mul" "EXTRA_COMPILER_FLAGS=-g -ffunction-sections -fdata-sections"
"Running Make include in cluster_0_microblaze_7/libsrc/cpu_v2_1/src"
make -C cluster_0_microblaze_7/libsrc/cpu_v2_1/src -s include  "SHELL=CMD" "COMPILER=mb-gcc" "ARCHIVER=mb-ar" "COMPILER_FLAGS= -O2 -c -mcpu=v9.3 -mlittle-endian -mno-xl-soft-div -mxl-barrel-shift -mxl-soft-mul" "EXTRA_COMPILER_FLAGS=-g -ffunction-sections -fdata-sections"
"Running Make include in cluster_0_microblaze_7/libsrc/standalone_v4_1/src"
make -C cluster_0_microblaze_7/libsrc/standalone_v4_1/src -s include  "SHELL=CMD" "COMPILER=mb-gcc" "ARCHIVER=mb-ar" "COMPILER_FLAGS= -O2 -c -mcpu=v9.3 -mlittle-endian -mno-xl-soft-div -mxl-barrel-shift -mxl-soft-mul" "EXTRA_COMPILER_FLAGS=-g -ffunction-sections -fdata-sections"
"Running Make include in cluster_0_microblaze_7/libsrc/tmrctr_v3_0/src"
make -C cluster_0_microblaze_7/libsrc/tmrctr_v3_0/src -s include  "SHELL=CMD" "COMPILER=mb-gcc" "ARCHIVER=mb-ar" "COMPILER_FLAGS= -O2 -c -mcpu=v9.3 -mlittle-endian -mno-xl-soft-div -mxl-barrel-shift -mxl-soft-mul" "EXTRA_COMPILER_FLAGS=-g -ffunction-sections -fdata-sections"
"Running Make include in cluster_0_microblaze_7/libsrc/uartlite_v3_0/src"
make -C cluster_0_microblaze_7/libsrc/uartlite_v3_0/src -s include  "SHELL=CMD" "COMPILER=mb-gcc" "ARCHIVER=mb-ar" "COMPILER_FLAGS= -O2 -c -mcpu=v9.3 -mlittle-endian -mno-xl-soft-div -mxl-barrel-shift -mxl-soft-mul" "EXTRA_COMPILER_FLAGS=-g -ffunction-sections -fdata-sections"
"Running Make libs in cluster_0_microblaze_7/libsrc/bram_v4_0/src"
make -C cluster_0_microblaze_7/libsrc/bram_v4_0/src -s libs  "SHELL=CMD" "COMPILER=mb-gcc" "ARCHIVER=mb-ar" "COMPILER_FLAGS= -O2 -c -mcpu=v9.3 -mlittle-endian -mno-xl-soft-div -mxl-barrel-shift -mxl-soft-mul" "EXTRA_COMPILER_FLAGS=-g -ffunction-sections -fdata-sections"
"Compiling bram"
mb-ar: creating ../../../lib/libxil.a
"Running Make libs in cluster_0_microblaze_7/libsrc/cpu_v2_1/src"
make -C cluster_0_microblaze_7/libsrc/cpu_v2_1/src -s libs  "SHELL=CMD" "COMPILER=mb-gcc" "ARCHIVER=mb-ar" "COMPILER_FLAGS= -O2 -c -mcpu=v9.3 -mlittle-endian -mno-xl-soft-div -mxl-barrel-shift -mxl-soft-mul" "EXTRA_COMPILER_FLAGS=-g -ffunction-sections -fdata-sections"
"Compiling cpu"
"Running Make libs in cluster_0_microblaze_7/libsrc/standalone_v4_1/src"
make -C cluster_0_microblaze_7/libsrc/standalone_v4_1/src -s libs  "SHELL=CMD" "COMPILER=mb-gcc" "ARCHIVER=mb-ar" "COMPILER_FLAGS= -O2 -c -mcpu=v9.3 -mlittle-endian -mno-xl-soft-div -mxl-barrel-shift -mxl-soft-mul" "EXTRA_COMPILER_FLAGS=-g -ffunction-sections -fdata-sections"
"Compiling standalone";
"Running Make libs in cluster_0_microblaze_7/libsrc/tmrctr_v3_0/src"
make -C cluster_0_microblaze_7/libsrc/tmrctr_v3_0/src -s libs  "SHELL=CMD" "COMPILER=mb-gcc" "ARCHIVER=mb-ar" "COMPILER_FLAGS= -O2 -c -mcpu=v9.3 -mlittle-endian -mno-xl-soft-div -mxl-barrel-shift -mxl-soft-mul" "EXTRA_COMPILER_FLAGS=-g -ffunction-sections -fdata-sections"
"Compiling tmrctr"
"Running Make libs in cluster_0_microblaze_7/libsrc/uartlite_v3_0/src"
make -C cluster_0_microblaze_7/libsrc/uartlite_v3_0/src -s libs  "SHELL=CMD" "COMPILER=mb-gcc" "ARCHIVER=mb-ar" "COMPILER_FLAGS= -O2 -c -mcpu=v9.3 -mlittle-endian -mno-xl-soft-div -mxl-barrel-shift -mxl-soft-mul" "EXTRA_COMPILER_FLAGS=-g -ffunction-sections -fdata-sections"
"Compiling uartlite"
'Finished building libraries'

21:46:20 Build Finished (took 6s.116ms)

