09:53:01 **** Build of project bsp_mb_11_lm ****
make -k all 
"Running Make include in MbCluster1_mb01_128Kb_microblaze_0/libsrc/bram_v4_0/src"
make -C MbCluster1_mb01_128Kb_microblaze_0/libsrc/bram_v4_0/src -s include  "SHELL=CMD" "COMPILER=mb-gcc" "ARCHIVER=mb-ar" "COMPILER_FLAGS= -O2 -c -mcpu=v9.3 -mlittle-endian -mno-xl-soft-div -mxl-barrel-shift -mxl-soft-mul" "EXTRA_COMPILER_FLAGS=-g -ffunction-sections -fdata-sections"
"Running Make include in MbCluster1_mb01_128Kb_microblaze_0/libsrc/cpu_v2_1/src"
make -C MbCluster1_mb01_128Kb_microblaze_0/libsrc/cpu_v2_1/src -s include  "SHELL=CMD" "COMPILER=mb-gcc" "ARCHIVER=mb-ar" "COMPILER_FLAGS= -O2 -c -mcpu=v9.3 -mlittle-endian -mno-xl-soft-div -mxl-barrel-shift -mxl-soft-mul" "EXTRA_COMPILER_FLAGS=-g -ffunction-sections -fdata-sections"
"Running Make include in MbCluster1_mb01_128Kb_microblaze_0/libsrc/standalone_v4_1/src"
make -C MbCluster1_mb01_128Kb_microblaze_0/libsrc/standalone_v4_1/src -s include  "SHELL=CMD" "COMPILER=mb-gcc" "ARCHIVER=mb-ar" "COMPILER_FLAGS= -O2 -c -mcpu=v9.3 -mlittle-endian -mno-xl-soft-div -mxl-barrel-shift -mxl-soft-mul" "EXTRA_COMPILER_FLAGS=-g -ffunction-sections -fdata-sections"
"Running Make include in MbCluster1_mb01_128Kb_microblaze_0/libsrc/tmrctr_v3_0/src"
make -C MbCluster1_mb01_128Kb_microblaze_0/libsrc/tmrctr_v3_0/src -s include  "SHELL=CMD" "COMPILER=mb-gcc" "ARCHIVER=mb-ar" "COMPILER_FLAGS= -O2 -c -mcpu=v9.3 -mlittle-endian -mno-xl-soft-div -mxl-barrel-shift -mxl-soft-mul" "EXTRA_COMPILER_FLAGS=-g -ffunction-sections -fdata-sections"
"Running Make include in MbCluster1_mb01_128Kb_microblaze_0/libsrc/uartlite_v3_0/src"
make -C MbCluster1_mb01_128Kb_microblaze_0/libsrc/uartlite_v3_0/src -s include  "SHELL=CMD" "COMPILER=mb-gcc" "ARCHIVER=mb-ar" "COMPILER_FLAGS= -O2 -c -mcpu=v9.3 -mlittle-endian -mno-xl-soft-div -mxl-barrel-shift -mxl-soft-mul" "EXTRA_COMPILER_FLAGS=-g -ffunction-sections -fdata-sections"
"Running Make libs in MbCluster1_mb01_128Kb_microblaze_0/libsrc/bram_v4_0/src"
make -C MbCluster1_mb01_128Kb_microblaze_0/libsrc/bram_v4_0/src -s libs  "SHELL=CMD" "COMPILER=mb-gcc" "ARCHIVER=mb-ar" "COMPILER_FLAGS= -O2 -c -mcpu=v9.3 -mlittle-endian -mno-xl-soft-div -mxl-barrel-shift -mxl-soft-mul" "EXTRA_COMPILER_FLAGS=-g -ffunction-sections -fdata-sections"
"Compiling bram"
mb-ar: creating ../../../lib/libxil.a
"Running Make libs in MbCluster1_mb01_128Kb_microblaze_0/libsrc/cpu_v2_1/src"
make -C MbCluster1_mb01_128Kb_microblaze_0/libsrc/cpu_v2_1/src -s libs  "SHELL=CMD" "COMPILER=mb-gcc" "ARCHIVER=mb-ar" "COMPILER_FLAGS= -O2 -c -mcpu=v9.3 -mlittle-endian -mno-xl-soft-div -mxl-barrel-shift -mxl-soft-mul" "EXTRA_COMPILER_FLAGS=-g -ffunction-sections -fdata-sections"
"Compiling cpu"
"Running Make libs in MbCluster1_mb01_128Kb_microblaze_0/libsrc/standalone_v4_1/src"
make -C MbCluster1_mb01_128Kb_microblaze_0/libsrc/standalone_v4_1/src -s libs  "SHELL=CMD" "COMPILER=mb-gcc" "ARCHIVER=mb-ar" "COMPILER_FLAGS= -O2 -c -mcpu=v9.3 -mlittle-endian -mno-xl-soft-div -mxl-barrel-shift -mxl-soft-mul" "EXTRA_COMPILER_FLAGS=-g -ffunction-sections -fdata-sections"
"Compiling standalone";
"Running Make libs in MbCluster1_mb01_128Kb_microblaze_0/libsrc/tmrctr_v3_0/src"
make -C MbCluster1_mb01_128Kb_microblaze_0/libsrc/tmrctr_v3_0/src -s libs  "SHELL=CMD" "COMPILER=mb-gcc" "ARCHIVER=mb-ar" "COMPILER_FLAGS= -O2 -c -mcpu=v9.3 -mlittle-endian -mno-xl-soft-div -mxl-barrel-shift -mxl-soft-mul" "EXTRA_COMPILER_FLAGS=-g -ffunction-sections -fdata-sections"
"Compiling tmrctr"
"Running Make libs in MbCluster1_mb01_128Kb_microblaze_0/libsrc/uartlite_v3_0/src"
make -C MbCluster1_mb01_128Kb_microblaze_0/libsrc/uartlite_v3_0/src -s libs  "SHELL=CMD" "COMPILER=mb-gcc" "ARCHIVER=mb-ar" "COMPILER_FLAGS= -O2 -c -mcpu=v9.3 -mlittle-endian -mno-xl-soft-div -mxl-barrel-shift -mxl-soft-mul" "EXTRA_COMPILER_FLAGS=-g -ffunction-sections -fdata-sections"
"Compiling uartlite"
'Finished building libraries'

09:53:07 Build Finished (took 6s.22ms)

