15:59:34 **** Build of project bsp_mb_03_64_hdmi ****
make -k all 
"Running Make include in MbCluster0_mb03_64Kb_microblaze_0/libsrc/bram_v4_0/src"
make -C MbCluster0_mb03_64Kb_microblaze_0/libsrc/bram_v4_0/src -s include  "SHELL=CMD" "COMPILER=mb-gcc" "ARCHIVER=mb-ar" "COMPILER_FLAGS= -O2 -c -mcpu=v9.3 -mlittle-endian -mno-xl-soft-div -mxl-barrel-shift -mxl-soft-mul" "EXTRA_COMPILER_FLAGS=-g -ffunction-sections -fdata-sections"
"Running Make include in MbCluster0_mb03_64Kb_microblaze_0/libsrc/cpu_v2_1/src"
make -C MbCluster0_mb03_64Kb_microblaze_0/libsrc/cpu_v2_1/src -s include  "SHELL=CMD" "COMPILER=mb-gcc" "ARCHIVER=mb-ar" "COMPILER_FLAGS= -O2 -c -mcpu=v9.3 -mlittle-endian -mno-xl-soft-div -mxl-barrel-shift -mxl-soft-mul" "EXTRA_COMPILER_FLAGS=-g -ffunction-sections -fdata-sections"
"Running Make include in MbCluster0_mb03_64Kb_microblaze_0/libsrc/standalone_v4_1/src"
make -C MbCluster0_mb03_64Kb_microblaze_0/libsrc/standalone_v4_1/src -s include  "SHELL=CMD" "COMPILER=mb-gcc" "ARCHIVER=mb-ar" "COMPILER_FLAGS= -O2 -c -mcpu=v9.3 -mlittle-endian -mno-xl-soft-div -mxl-barrel-shift -mxl-soft-mul" "EXTRA_COMPILER_FLAGS=-g -ffunction-sections -fdata-sections"
"Running Make include in MbCluster0_mb03_64Kb_microblaze_0/libsrc/tmrctr_v3_0/src"
make -C MbCluster0_mb03_64Kb_microblaze_0/libsrc/tmrctr_v3_0/src -s include  "SHELL=CMD" "COMPILER=mb-gcc" "ARCHIVER=mb-ar" "COMPILER_FLAGS= -O2 -c -mcpu=v9.3 -mlittle-endian -mno-xl-soft-div -mxl-barrel-shift -mxl-soft-mul" "EXTRA_COMPILER_FLAGS=-g -ffunction-sections -fdata-sections"
"Running Make include in MbCluster0_mb03_64Kb_microblaze_0/libsrc/uartlite_v3_0/src"
make -C MbCluster0_mb03_64Kb_microblaze_0/libsrc/uartlite_v3_0/src -s include  "SHELL=CMD" "COMPILER=mb-gcc" "ARCHIVER=mb-ar" "COMPILER_FLAGS= -O2 -c -mcpu=v9.3 -mlittle-endian -mno-xl-soft-div -mxl-barrel-shift -mxl-soft-mul" "EXTRA_COMPILER_FLAGS=-g -ffunction-sections -fdata-sections"
"Running Make libs in MbCluster0_mb03_64Kb_microblaze_0/libsrc/bram_v4_0/src"
make -C MbCluster0_mb03_64Kb_microblaze_0/libsrc/bram_v4_0/src -s libs  "SHELL=CMD" "COMPILER=mb-gcc" "ARCHIVER=mb-ar" "COMPILER_FLAGS= -O2 -c -mcpu=v9.3 -mlittle-endian -mno-xl-soft-div -mxl-barrel-shift -mxl-soft-mul" "EXTRA_COMPILER_FLAGS=-g -ffunction-sections -fdata-sections"
"Compiling bram"
mb-ar: creating ../../../lib/libxil.a
"Running Make libs in MbCluster0_mb03_64Kb_microblaze_0/libsrc/cpu_v2_1/src"
make -C MbCluster0_mb03_64Kb_microblaze_0/libsrc/cpu_v2_1/src -s libs  "SHELL=CMD" "COMPILER=mb-gcc" "ARCHIVER=mb-ar" "COMPILER_FLAGS= -O2 -c -mcpu=v9.3 -mlittle-endian -mno-xl-soft-div -mxl-barrel-shift -mxl-soft-mul" "EXTRA_COMPILER_FLAGS=-g -ffunction-sections -fdata-sections"
"Compiling cpu"
"Running Make libs in MbCluster0_mb03_64Kb_microblaze_0/libsrc/standalone_v4_1/src"
make -C MbCluster0_mb03_64Kb_microblaze_0/libsrc/standalone_v4_1/src -s libs  "SHELL=CMD" "COMPILER=mb-gcc" "ARCHIVER=mb-ar" "COMPILER_FLAGS= -O2 -c -mcpu=v9.3 -mlittle-endian -mno-xl-soft-div -mxl-barrel-shift -mxl-soft-mul" "EXTRA_COMPILER_FLAGS=-g -ffunction-sections -fdata-sections"
"Compiling standalone";
"Running Make libs in MbCluster0_mb03_64Kb_microblaze_0/libsrc/tmrctr_v3_0/src"
make -C MbCluster0_mb03_64Kb_microblaze_0/libsrc/tmrctr_v3_0/src -s libs  "SHELL=CMD" "COMPILER=mb-gcc" "ARCHIVER=mb-ar" "COMPILER_FLAGS= -O2 -c -mcpu=v9.3 -mlittle-endian -mno-xl-soft-div -mxl-barrel-shift -mxl-soft-mul" "EXTRA_COMPILER_FLAGS=-g -ffunction-sections -fdata-sections"
"Compiling tmrctr"
"Running Make libs in MbCluster0_mb03_64Kb_microblaze_0/libsrc/uartlite_v3_0/src"
make -C MbCluster0_mb03_64Kb_microblaze_0/libsrc/uartlite_v3_0/src -s libs  "SHELL=CMD" "COMPILER=mb-gcc" "ARCHIVER=mb-ar" "COMPILER_FLAGS= -O2 -c -mcpu=v9.3 -mlittle-endian -mno-xl-soft-div -mxl-barrel-shift -mxl-soft-mul" "EXTRA_COMPILER_FLAGS=-g -ffunction-sections -fdata-sections"
"Compiling uartlite"
'Finished building libraries'

15:59:41 Build Finished (took 6s.942ms)

