15:43:23 **** Incremental Build of configuration Release for project decoder_display ****
make all 
'Building file: C:/Users/yolivave/work/orcc-gen/mpeg4Visual/serial/Compa/src/display/display.c'
'Invoking: MicroBlaze gcc compiler'
mb-gcc -Wall -O2 -I"C:\Users\yolivave\work\orcc-gen\mpeg4Visual\serial\Compa\libs\orcc\include" -c -fmessage-length=0 -I../../mb00_bsp/MbCluster0_mb00_256Kb_microblaze_0/include -mlittle-endian -mcpu=v9.3 -mxl-soft-mul -Wl,--no-relax -ffunction-sections -fdata-sections -MMD -MP -MF"display.d" -MT"display.d" -o "display.o" "C:/Users/yolivave/work/orcc-gen/mpeg4Visual/serial/Compa/src/display/display.c"
In file included from C:/Users/yolivave/work/orcc-gen/mpeg4Visual/serial/Compa/src/display/display.c:7:0:
C:\Users\yolivave\work\orcc-gen\mpeg4Visual\serial\Compa\libs\orcc\include/util.h:98:0: warning: ignoring #pragma warning  [-Wunknown-pragmas]
C:/Users/yolivave/work/orcc-gen/mpeg4Visual/serial/Compa/src/display/display.c: In function 'getPictureSize':
C:/Users/yolivave/work/orcc-gen/mpeg4Visual/serial/Compa/src/display/display.c:120:6: warning: unused variable 'index_aligned_HEIGHT' [-Wunused-variable]
C:/Users/yolivave/work/orcc-gen/mpeg4Visual/serial/Compa/src/display/display.c:119:6: warning: unused variable 'index_aligned_WIDTH' [-Wunused-variable]
C:/Users/yolivave/work/orcc-gen/mpeg4Visual/serial/Compa/src/display/display.c: In function 'getPixValue_launch_Luma':
C:/Users/yolivave/work/orcc-gen/mpeg4Visual/serial/Compa/src/display/display.c:149:6: warning: unused variable 'index_aligned_B' [-Wunused-variable]
C:/Users/yolivave/work/orcc-gen/mpeg4Visual/serial/Compa/src/display/display.c: In function 'getPixValue_launch_Chroma':
C:/Users/yolivave/work/orcc-gen/mpeg4Visual/serial/Compa/src/display/display.c:180:6: warning: unused variable 'index_aligned_B' [-Wunused-variable]
C:/Users/yolivave/work/orcc-gen/mpeg4Visual/serial/Compa/src/display/display.c: In function 'display_initialize':
C:/Users/yolivave/work/orcc-gen/mpeg4Visual/serial/Compa/src/display/display.c:245:1: warning: label 'finished' defined but not used [-Wunused-label]
C:/Users/yolivave/work/orcc-gen/mpeg4Visual/serial/Compa/src/display/display.c:241:6: warning: unused variable 'i' [-Wunused-variable]
C:/Users/yolivave/work/orcc-gen/mpeg4Visual/serial/Compa/src/display/display.c: At top level:
C:\Users\yolivave\work\orcc-gen\mpeg4Visual\serial\Compa\libs\orcc\include/generic_fifo.h:41:1: warning: 'fifo_i8_has_tokens' defined but not used [-Wunused-function]
C:\Users\yolivave\work\orcc-gen\mpeg4Visual\serial\Compa\libs\orcc\include/generic_fifo.h:45:1: warning: 'fifo_i8_get_num_tokens' defined but not used [-Wunused-function]
C:\Users\yolivave\work\orcc-gen\mpeg4Visual\serial\Compa\libs\orcc\include/generic_fifo.h:49:1: warning: 'fifo_i8_has_room' defined but not used [-Wunused-function]
C:\Users\yolivave\work\orcc-gen\mpeg4Visual\serial\Compa\libs\orcc\include/generic_fifo.h:60:1: warning: 'fifo_i8_get_room' defined but not used [-Wunused-function]
C:\Users\yolivave\work\orcc-gen\mpeg4Visual\serial\Compa\libs\orcc\include/generic_fifo.h:72:1: warning: 'fifo_i8_clear' defined but not used [-Wunused-function]
C:\Users\yolivave\work\orcc-gen\mpeg4Visual\serial\Compa\libs\orcc\include/generic_fifo.h:80:1: warning: 'fifo_i8_read_1' defined but not used [-Wunused-function]
C:\Users\yolivave\work\orcc-gen\mpeg4Visual\serial\Compa\libs\orcc\include/generic_fifo.h:86:1: warning: 'fifo_i8_write_1' defined but not used [-Wunused-function]
C:\Users\yolivave\work\orcc-gen\mpeg4Visual\serial\Compa\libs\orcc\include/generic_fifo.h:41:1: warning: 'fifo_i16_has_tokens' defined but not used [-Wunused-function]
C:\Users\yolivave\work\orcc-gen\mpeg4Visual\serial\Compa\libs\orcc\include/generic_fifo.h:49:1: warning: 'fifo_i16_has_room' defined but not used [-Wunused-function]
C:\Users\yolivave\work\orcc-gen\mpeg4Visual\serial\Compa\libs\orcc\include/generic_fifo.h:60:1: warning: 'fifo_i16_get_room' defined but not used [-Wunused-function]
C:\Users\yolivave\work\orcc-gen\mpeg4Visual\serial\Compa\libs\orcc\include/generic_fifo.h:72:1: warning: 'fifo_i16_clear' defined but not used [-Wunused-function]
C:\Users\yolivave\work\orcc-gen\mpeg4Visual\serial\Compa\libs\orcc\include/generic_fifo.h:80:1: warning: 'fifo_i16_read_1' defined but not used [-Wunused-function]
C:\Users\yolivave\work\orcc-gen\mpeg4Visual\serial\Compa\libs\orcc\include/generic_fifo.h:86:1: warning: 'fifo_i16_write_1' defined but not used [-Wunused-function]
C:\Users\yolivave\work\orcc-gen\mpeg4Visual\serial\Compa\libs\orcc\include/generic_fifo.h:41:1: warning: 'fifo_i32_has_tokens' defined but not used [-Wunused-function]
C:\Users\yolivave\work\orcc-gen\mpeg4Visual\serial\Compa\libs\orcc\include/generic_fifo.h:45:1: warning: 'fifo_i32_get_num_tokens' defined but not used [-Wunused-function]
C:\Users\yolivave\work\orcc-gen\mpeg4Visual\serial\Compa\libs\orcc\include/generic_fifo.h:49:1: warning: 'fifo_i32_has_room' defined but not used [-Wunused-function]
C:\Users\yolivave\work\orcc-gen\mpeg4Visual\serial\Compa\libs\orcc\include/generic_fifo.h:60:1: warning: 'fifo_i32_get_room' defined but not used [-Wunused-function]
C:\Users\yolivave\work\orcc-gen\mpeg4Visual\serial\Compa\libs\orcc\include/generic_fifo.h:72:1: warning: 'fifo_i32_clear' defined but not used [-Wunused-function]
C:\Users\yolivave\work\orcc-gen\mpeg4Visual\serial\Compa\libs\orcc\include/generic_fifo.h:80:1: warning: 'fifo_i32_read_1' defined but not used [-Wunused-function]
C:\Users\yolivave\work\orcc-gen\mpeg4Visual\serial\Compa\libs\orcc\include/generic_fifo.h:86:1: warning: 'fifo_i32_write_1' defined but not used [-Wunused-function]
C:\Users\yolivave\work\orcc-gen\mpeg4Visual\serial\Compa\libs\orcc\include/generic_fifo.h:41:1: warning: 'fifo_i64_has_tokens' defined but not used [-Wunused-function]
C:\Users\yolivave\work\orcc-gen\mpeg4Visual\serial\Compa\libs\orcc\include/generic_fifo.h:45:1: warning: 'fifo_i64_get_num_tokens' defined but not used [-Wunused-function]
C:\Users\yolivave\work\orcc-gen\mpeg4Visual\serial\Compa\libs\orcc\include/generic_fifo.h:49:1: warning: 'fifo_i64_has_room' defined but not used [-Wunused-function]
C:\Users\yolivave\work\orcc-gen\mpeg4Visual\serial\Compa\libs\orcc\include/generic_fifo.h:60:1: warning: 'fifo_i64_get_room' defined but not used [-Wunused-function]
C:\Users\yolivave\work\orcc-gen\mpeg4Visual\serial\Compa\libs\orcc\include/generic_fifo.h:72:1: warning: 'fifo_i64_clear' defined but not used [-Wunused-function]
C:\Users\yolivave\work\orcc-gen\mpeg4Visual\serial\Compa\libs\orcc\include/generic_fifo.h:80:1: warning: 'fifo_i64_read_1' defined but not used [-Wunused-function]
C:\Users\yolivave\work\orcc-gen\mpeg4Visual\serial\Compa\libs\orcc\include/generic_fifo.h:86:1: warning: 'fifo_i64_write_1' defined but not used [-Wunused-function]
C:\Users\yolivave\work\orcc-gen\mpeg4Visual\serial\Compa\libs\orcc\include/generic_fifo.h:41:1: warning: 'fifo_u8_has_tokens' defined but not used [-Wunused-function]
C:\Users\yolivave\work\orcc-gen\mpeg4Visual\serial\Compa\libs\orcc\include/generic_fifo.h:49:1: warning: 'fifo_u8_has_room' defined but not used [-Wunused-function]
C:\Users\yolivave\work\orcc-gen\mpeg4Visual\serial\Compa\libs\orcc\include/generic_fifo.h:60:1: warning: 'fifo_u8_get_room' defined but not used [-Wunused-function]
C:\Users\yolivave\work\orcc-gen\mpeg4Visual\serial\Compa\libs\orcc\include/generic_fifo.h:72:1: warning: 'fifo_u8_clear' defined but not used [-Wunused-function]
C:\Users\yolivave\work\orcc-gen\mpeg4Visual\serial\Compa\libs\orcc\include/generic_fifo.h:80:1: warning: 'fifo_u8_read_1' defined but not used [-Wunused-function]
C:\Users\yolivave\work\orcc-gen\mpeg4Visual\serial\Compa\libs\orcc\include/generic_fifo.h:86:1: warning: 'fifo_u8_write_1' defined but not used [-Wunused-function]
C:\Users\yolivave\work\orcc-gen\mpeg4Visual\serial\Compa\libs\orcc\include/generic_fifo.h:41:1: warning: 'fifo_u16_has_tokens' defined but not used [-Wunused-function]
C:\Users\yolivave\work\orcc-gen\mpeg4Visual\serial\Compa\libs\orcc\include/generic_fifo.h:45:1: warning: 'fifo_u16_get_num_tokens' defined but not used [-Wunused-function]
C:\Users\yolivave\work\orcc-gen\mpeg4Visual\serial\Compa\libs\orcc\include/generic_fifo.h:49:1: warning: 'fifo_u16_has_room' defined but not used [-Wunused-function]
C:\Users\yolivave\work\orcc-gen\mpeg4Visual\serial\Compa\libs\orcc\include/generic_fifo.h:60:1: warning: 'fifo_u16_get_room' defined but not used [-Wunused-function]
C:\Users\yolivave\work\orcc-gen\mpeg4Visual\serial\Compa\libs\orcc\include/generic_fifo.h:72:1: warning: 'fifo_u16_clear' defined but not used [-Wunused-function]
C:\Users\yolivave\work\orcc-gen\mpeg4Visual\serial\Compa\libs\orcc\include/generic_fifo.h:80:1: warning: 'fifo_u16_read_1' defined but not used [-Wunused-function]
C:\Users\yolivave\work\orcc-gen\mpeg4Visual\serial\Compa\libs\orcc\include/generic_fifo.h:86:1: warning: 'fifo_u16_write_1' defined but not used [-Wunused-function]
C:\Users\yolivave\work\orcc-gen\mpeg4Visual\serial\Compa\libs\orcc\include/generic_fifo.h:41:1: warning: 'fifo_u32_has_tokens' defined but not used [-Wunused-function]
C:\Users\yolivave\work\orcc-gen\mpeg4Visual\serial\Compa\libs\orcc\include/generic_fifo.h:45:1: warning: 'fifo_u32_get_num_tokens' defined but not used [-Wunused-function]
C:\Users\yolivave\work\orcc-gen\mpeg4Visual\serial\Compa\libs\orcc\include/generic_fifo.h:49:1: warning: 'fifo_u32_has_room' defined but not used [-Wunused-function]
C:\Users\yolivave\work\orcc-gen\mpeg4Visual\serial\Compa\libs\orcc\include/generic_fifo.h:60:1: warning: 'fifo_u32_get_room' defined but not used [-Wunused-function]
C:\Users\yolivave\work\orcc-gen\mpeg4Visual\serial\Compa\libs\orcc\include/generic_fifo.h:72:1: warning: 'fifo_u32_clear' defined but not used [-Wunused-function]
C:\Users\yolivave\work\orcc-gen\mpeg4Visual\serial\Compa\libs\orcc\include/generic_fifo.h:80:1: warning: 'fifo_u32_read_1' defined but not used [-Wunused-function]
C:\Users\yolivave\work\orcc-gen\mpeg4Visual\serial\Compa\libs\orcc\include/generic_fifo.h:86:1: warning: 'fifo_u32_write_1' defined but not used [-Wunused-function]
C:\Users\yolivave\work\orcc-gen\mpeg4Visual\serial\Compa\libs\orcc\include/generic_fifo.h:41:1: warning: 'fifo_u64_has_tokens' defined but not used [-Wunused-function]
C:\Users\yolivave\work\orcc-gen\mpeg4Visual\serial\Compa\libs\orcc\include/generic_fifo.h:45:1: warning: 'fifo_u64_get_num_tokens' defined but not used [-Wunused-function]
C:\Users\yolivave\work\orcc-gen\mpeg4Visual\serial\Compa\libs\orcc\include/generic_fifo.h:49:1: warning: 'fifo_u64_has_room' defined but not used [-Wunused-function]
C:\Users\yolivave\work\orcc-gen\mpeg4Visual\serial\Compa\libs\orcc\include/generic_fifo.h:60:1: warning: 'fifo_u64_get_room' defined but not used [-Wunused-function]
C:\Users\yolivave\work\orcc-gen\mpeg4Visual\serial\Compa\libs\orcc\include/generic_fifo.h:72:1: warning: 'fifo_u64_clear' defined but not used [-Wunused-function]
C:\Users\yolivave\work\orcc-gen\mpeg4Visual\serial\Compa\libs\orcc\include/generic_fifo.h:80:1: warning: 'fifo_u64_read_1' defined but not used [-Wunused-function]
C:\Users\yolivave\work\orcc-gen\mpeg4Visual\serial\Compa\libs\orcc\include/generic_fifo.h:86:1: warning: 'fifo_u64_write_1' defined but not used [-Wunused-function]
C:\Users\yolivave\work\orcc-gen\mpeg4Visual\serial\Compa\libs\orcc\include/generic_fifo.h:41:1: warning: 'fifo_float_has_tokens' defined but not used [-Wunused-function]
C:\Users\yolivave\work\orcc-gen\mpeg4Visual\serial\Compa\libs\orcc\include/generic_fifo.h:45:1: warning: 'fifo_float_get_num_tokens' defined but not used [-Wunused-function]
C:\Users\yolivave\work\orcc-gen\mpeg4Visual\serial\Compa\libs\orcc\include/generic_fifo.h:49:1: warning: 'fifo_float_has_room' defined but not used [-Wunused-function]
C:\Users\yolivave\work\orcc-gen\mpeg4Visual\serial\Compa\libs\orcc\include/generic_fifo.h:60:1: warning: 'fifo_float_get_room' defined but not used [-Wunused-function]
C:\Users\yolivave\work\orcc-gen\mpeg4Visual\serial\Compa\libs\orcc\include/generic_fifo.h:72:1: warning: 'fifo_float_clear' defined but not used [-Wunused-function]
C:\Users\yolivave\work\orcc-gen\mpeg4Visual\serial\Compa\libs\orcc\include/generic_fifo.h:80:1: warning: 'fifo_float_read_1' defined but not used [-Wunused-function]
C:\Users\yolivave\work\orcc-gen\mpeg4Visual\serial\Compa\libs\orcc\include/generic_fifo.h:86:1: warning: 'fifo_float_write_1' defined but not used [-Wunused-function]
'Finished building: C:/Users/yolivave/work/orcc-gen/mpeg4Visual/serial/Compa/src/display/display.c'
' '
'Building target: decoder_display.elf'
'Invoking: MicroBlaze gcc linker'
mb-gcc -L"C:\Users\yolivave\work\Xilinx_SDK_workspace\mpeg_libs_mb\orcc" -Wl,-T -Wl,../src/lscript.ld -L../../mb00_bsp/MbCluster0_mb00_256Kb_microblaze_0/lib -mlittle-endian -mcpu=v9.3 -mxl-soft-mul -Wl,--no-relax -Wl,--gc-sections -o "decoder_display.elf"  ./display.o   -lorcc -Wl,--start-group,-lxil,-lgcc,-lc,--end-group
'Finished building target: decoder_display.elf'
' '
'Invoking: MicroBlaze Print Size'
mb-size decoder_display.elf  |tee "decoder_display.elf.size"
   text	   data	    bss	    dec	    hex	filename
  85860	   1512	   2188	  89560	  15dd8	decoder_display.elf
'Finished building: decoder_display.elf.size'
' '
'Invoking: Xilinx ELF Check'
elfcheck decoder_display.elf -hw ../../hw_platform_1/system.xml -pe MbCluster0_mb00_256Kb_microblaze_0  |tee "decoder_display.elf.elfcheck"
elfcheck
Xilinx EDK 2013.4 Build EDK_2013.4.20131205
Copyright (c) 1995-2012 Xilinx, Inc.  All rights reserved.

Command Line: elfcheck -hw ../../hw_platform_1/system.xml -pe
MbCluster0_mb00_256Kb_microblaze_0 decoder_display.elf 

ELF file	: decoder_display.elf
elfcheck passed.
'Finished building: decoder_display.elf.elfcheck'
' '

15:43:25 Build Finished (took 2s.714ms)

