13:52:38 **** Build of project display_bsp_arm1 ****
make -k all 
libgen -hw ../hw_platform_16Mbs/system.xml\
	       \
	       -pe ps7_cortexa9_1 \
	       -log libgen.log \
	       system.mss
libgen
Xilinx EDK 2013.4 Build EDK_2013.4.20131205
Copyright (c) 1995-2012 Xilinx, Inc.  All rights reserved.

Command Line: libgen -hw ../hw_platform_16Mbs/system.xml -pe ps7_cortexa9_1 -log
libgen.log system.mss 


Staging source files.
Running DRCs.
Running generate.
ERROR:EDK - qspips () - couldn't open "src/xqspips_g.c": permission denied 
ERROR:EDK - Error(s) while running TCL procedure generate().
make: *** [ps7_cortexa9_1/lib/libxil.a] Erreur 2
make: La cible « all » n'a pas pu être refabriquée à cause d'erreurs.

13:52:49 Build Finished (took 11s.44ms)

