17:06:36 **** Build of project bsp_cluster0_mb0 ****
make -k all 
"Running Make include in MbCluster0_mb0_microblaze_0/libsrc/axipmon_v6_1/src"
make -C MbCluster0_mb0_microblaze_0/libsrc/axipmon_v6_1/src -s include  "SHELL=CMD" "COMPILER=mb-gcc" "ARCHIVER=mb-ar" "COMPILER_FLAGS= -O2 -c -mcpu=v9.3 -mhard-float -mlittle-endian -mno-xl-reorder -mno-xl-soft-div -mno-xl-soft-mul -mxl-barrel-shift -mxl-pattern-compare" "EXTRA_COMPILER_FLAGS=-g -ffunction-sections -fdata-sections"
"Running Make include in MbCluster0_mb0_microblaze_0/libsrc/bram_v4_0/src"
make -C MbCluster0_mb0_microblaze_0/libsrc/bram_v4_0/src -s include  "SHELL=CMD" "COMPILER=mb-gcc" "ARCHIVER=mb-ar" "COMPILER_FLAGS= -O2 -c -mcpu=v9.3 -mhard-float -mlittle-endian -mno-xl-reorder -mno-xl-soft-div -mno-xl-soft-mul -mxl-barrel-shift -mxl-pattern-compare" "EXTRA_COMPILER_FLAGS=-g -ffunction-sections -fdata-sections"
"Running Make include in MbCluster0_mb0_microblaze_0/libsrc/cpu_v2_1/src"
make -C MbCluster0_mb0_microblaze_0/libsrc/cpu_v2_1/src -s include  "SHELL=CMD" "COMPILER=mb-gcc" "ARCHIVER=mb-ar" "COMPILER_FLAGS= -O2 -c -mcpu=v9.3 -mhard-float -mlittle-endian -mno-xl-reorder -mno-xl-soft-div -mno-xl-soft-mul -mxl-barrel-shift -mxl-pattern-compare" "EXTRA_COMPILER_FLAGS=-g -ffunction-sections -fdata-sections"
"Running Make include in MbCluster0_mb0_microblaze_0/libsrc/standalone_v4_1/src"
make -C MbCluster0_mb0_microblaze_0/libsrc/standalone_v4_1/src -s include  "SHELL=CMD" "COMPILER=mb-gcc" "ARCHIVER=mb-ar" "COMPILER_FLAGS= -O2 -c -mcpu=v9.3 -mhard-float -mlittle-endian -mno-xl-reorder -mno-xl-soft-div -mno-xl-soft-mul -mxl-barrel-shift -mxl-pattern-compare" "EXTRA_COMPILER_FLAGS=-g -ffunction-sections -fdata-sections"
"Running Make include in MbCluster0_mb0_microblaze_0/libsrc/tmrctr_v3_0/src"
make -C MbCluster0_mb0_microblaze_0/libsrc/tmrctr_v3_0/src -s include  "SHELL=CMD" "COMPILER=mb-gcc" "ARCHIVER=mb-ar" "COMPILER_FLAGS= -O2 -c -mcpu=v9.3 -mhard-float -mlittle-endian -mno-xl-reorder -mno-xl-soft-div -mno-xl-soft-mul -mxl-barrel-shift -mxl-pattern-compare" "EXTRA_COMPILER_FLAGS=-g -ffunction-sections -fdata-sections"
"Running Make include in MbCluster0_mb0_microblaze_0/libsrc/uartlite_v3_0/src"
make -C MbCluster0_mb0_microblaze_0/libsrc/uartlite_v3_0/src -s include  "SHELL=CMD" "COMPILER=mb-gcc" "ARCHIVER=mb-ar" "COMPILER_FLAGS= -O2 -c -mcpu=v9.3 -mhard-float -mlittle-endian -mno-xl-reorder -mno-xl-soft-div -mno-xl-soft-mul -mxl-barrel-shift -mxl-pattern-compare" "EXTRA_COMPILER_FLAGS=-g -ffunction-sections -fdata-sections"
"Running Make libs in MbCluster0_mb0_microblaze_0/libsrc/axipmon_v6_1/src"
make -C MbCluster0_mb0_microblaze_0/libsrc/axipmon_v6_1/src -s libs  "SHELL=CMD" "COMPILER=mb-gcc" "ARCHIVER=mb-ar" "COMPILER_FLAGS= -O2 -c -mcpu=v9.3 -mhard-float -mlittle-endian -mno-xl-reorder -mno-xl-soft-div -mno-xl-soft-mul -mxl-barrel-shift -mxl-pattern-compare" "EXTRA_COMPILER_FLAGS=-g -ffunction-sections -fdata-sections"
"Compiling axipmon"
mb-ar: creating ../../../lib/libxil.a
"Running Make libs in MbCluster0_mb0_microblaze_0/libsrc/bram_v4_0/src"
make -C MbCluster0_mb0_microblaze_0/libsrc/bram_v4_0/src -s libs  "SHELL=CMD" "COMPILER=mb-gcc" "ARCHIVER=mb-ar" "COMPILER_FLAGS= -O2 -c -mcpu=v9.3 -mhard-float -mlittle-endian -mno-xl-reorder -mno-xl-soft-div -mno-xl-soft-mul -mxl-barrel-shift -mxl-pattern-compare" "EXTRA_COMPILER_FLAGS=-g -ffunction-sections -fdata-sections"
"Compiling bram"
"Running Make libs in MbCluster0_mb0_microblaze_0/libsrc/cpu_v2_1/src"
make -C MbCluster0_mb0_microblaze_0/libsrc/cpu_v2_1/src -s libs  "SHELL=CMD" "COMPILER=mb-gcc" "ARCHIVER=mb-ar" "COMPILER_FLAGS= -O2 -c -mcpu=v9.3 -mhard-float -mlittle-endian -mno-xl-reorder -mno-xl-soft-div -mno-xl-soft-mul -mxl-barrel-shift -mxl-pattern-compare" "EXTRA_COMPILER_FLAGS=-g -ffunction-sections -fdata-sections"
"Compiling cpu"
"Running Make libs in MbCluster0_mb0_microblaze_0/libsrc/standalone_v4_1/src"
make -C MbCluster0_mb0_microblaze_0/libsrc/standalone_v4_1/src -s libs  "SHELL=CMD" "COMPILER=mb-gcc" "ARCHIVER=mb-ar" "COMPILER_FLAGS= -O2 -c -mcpu=v9.3 -mhard-float -mlittle-endian -mno-xl-reorder -mno-xl-soft-div -mno-xl-soft-mul -mxl-barrel-shift -mxl-pattern-compare" "EXTRA_COMPILER_FLAGS=-g -ffunction-sections -fdata-sections"
"Compiling standalone";
"Running Make libs in MbCluster0_mb0_microblaze_0/libsrc/tmrctr_v3_0/src"
make -C MbCluster0_mb0_microblaze_0/libsrc/tmrctr_v3_0/src -s libs  "SHELL=CMD" "COMPILER=mb-gcc" "ARCHIVER=mb-ar" "COMPILER_FLAGS= -O2 -c -mcpu=v9.3 -mhard-float -mlittle-endian -mno-xl-reorder -mno-xl-soft-div -mno-xl-soft-mul -mxl-barrel-shift -mxl-pattern-compare" "EXTRA_COMPILER_FLAGS=-g -ffunction-sections -fdata-sections"
"Compiling tmrctr"
"Running Make libs in MbCluster0_mb0_microblaze_0/libsrc/uartlite_v3_0/src"
make -C MbCluster0_mb0_microblaze_0/libsrc/uartlite_v3_0/src -s libs  "SHELL=CMD" "COMPILER=mb-gcc" "ARCHIVER=mb-ar" "COMPILER_FLAGS= -O2 -c -mcpu=v9.3 -mhard-float -mlittle-endian -mno-xl-reorder -mno-xl-soft-div -mno-xl-soft-mul -mxl-barrel-shift -mxl-pattern-compare" "EXTRA_COMPILER_FLAGS=-g -ffunction-sections -fdata-sections"
"Compiling uartlite"
'Finished building libraries'
17:07:13 **** Clean-only build of configuration Debug for project Top_00 ****
make clean 
rm -rf  ./src/Top_00.o ./src/display.o ./src/display_MB.o ./src/source.o ./src/source_MB.o  ./src/Top_00.d ./src/display.d ./src/display_MB.d ./src/source.d ./src/source_MB.d  Top_00.elf.size  Top_00.elf
' '
17:07:15 **** Incremental Build of configuration Debug for project Top_00 ****
make all 
'Building file: ../src/Top_00.c'
'Invoking: MicroBlaze gcc compiler'
mb-gcc -O0 -g -I"C:\Users\yolivave\work\Xilinx_SDK_workspace\runtime\src" -I"C:\Users\yolivave\work\Xilinx_SDK_workspace\Actors\src" -I"C:\Users\yolivave\work\Xilinx_SDK_workspace\Top_00\src" -I"C:\Users\yolivave\work\orcc-gen\mpeg4Visual\serial\Compa\libs\orcc\include" -c -fmessage-length=0 -fpic -I../../bsp_cluster0_mb0/MbCluster0_mb0_microblaze_0/include -mno-xl-reorder -mlittle-endian -mxl-barrel-shift -mxl-pattern-compare -mno-xl-soft-div -mcpu=v9.3 -mno-xl-soft-mul -mhard-float -Wl,--no-relax -ffunction-sections -fdata-sections -MMD -MP -MF"src/Top_00.d" -MT"src/Top_00.d" -o "src/Top_00.o" "../src/Top_00.c"
'Finished building: ../src/Top_00.c'
' '
'Building file: ../src/display.c'
'Invoking: MicroBlaze gcc compiler'
mb-gcc -O0 -g -I"C:\Users\yolivave\work\Xilinx_SDK_workspace\runtime\src" -I"C:\Users\yolivave\work\Xilinx_SDK_workspace\Actors\src" -I"C:\Users\yolivave\work\Xilinx_SDK_workspace\Top_00\src" -I"C:\Users\yolivave\work\orcc-gen\mpeg4Visual\serial\Compa\libs\orcc\include" -c -fmessage-length=0 -fpic -I../../bsp_cluster0_mb0/MbCluster0_mb0_microblaze_0/include -mno-xl-reorder -mlittle-endian -mxl-barrel-shift -mxl-pattern-compare -mno-xl-soft-div -mcpu=v9.3 -mno-xl-soft-mul -mhard-float -Wl,--no-relax -ffunction-sections -fdata-sections -MMD -MP -MF"src/display.d" -MT"src/display.d" -o "src/display.o" "../src/display.c"
'Finished building: ../src/display.c'
' '
'Building file: ../src/display_MB.c'
'Invoking: MicroBlaze gcc compiler'
mb-gcc -O0 -g -I"C:\Users\yolivave\work\Xilinx_SDK_workspace\runtime\src" -I"C:\Users\yolivave\work\Xilinx_SDK_workspace\Actors\src" -I"C:\Users\yolivave\work\Xilinx_SDK_workspace\Top_00\src" -I"C:\Users\yolivave\work\orcc-gen\mpeg4Visual\serial\Compa\libs\orcc\include" -c -fmessage-length=0 -fpic -I../../bsp_cluster0_mb0/MbCluster0_mb0_microblaze_0/include -mno-xl-reorder -mlittle-endian -mxl-barrel-shift -mxl-pattern-compare -mno-xl-soft-div -mcpu=v9.3 -mno-xl-soft-mul -mhard-float -Wl,--no-relax -ffunction-sections -fdata-sections -MMD -MP -MF"src/display_MB.d" -MT"src/display_MB.d" -o "src/display_MB.o" "../src/display_MB.c"
'Finished building: ../src/display_MB.c'
' '
'Building file: ../src/source.c'
'Invoking: MicroBlaze gcc compiler'
mb-gcc -O0 -g -I"C:\Users\yolivave\work\Xilinx_SDK_workspace\runtime\src" -I"C:\Users\yolivave\work\Xilinx_SDK_workspace\Actors\src" -I"C:\Users\yolivave\work\Xilinx_SDK_workspace\Top_00\src" -I"C:\Users\yolivave\work\orcc-gen\mpeg4Visual\serial\Compa\libs\orcc\include" -c -fmessage-length=0 -fpic -I../../bsp_cluster0_mb0/MbCluster0_mb0_microblaze_0/include -mno-xl-reorder -mlittle-endian -mxl-barrel-shift -mxl-pattern-compare -mno-xl-soft-div -mcpu=v9.3 -mno-xl-soft-mul -mhard-float -Wl,--no-relax -ffunction-sections -fdata-sections -MMD -MP -MF"src/source.d" -MT"src/source.d" -o "src/source.o" "../src/source.c"
'Finished building: ../src/source.c'
' '
'Building file: ../src/source_MB.c'
'Invoking: MicroBlaze gcc compiler'
mb-gcc -O0 -g -I"C:\Users\yolivave\work\Xilinx_SDK_workspace\runtime\src" -I"C:\Users\yolivave\work\Xilinx_SDK_workspace\Actors\src" -I"C:\Users\yolivave\work\Xilinx_SDK_workspace\Top_00\src" -I"C:\Users\yolivave\work\orcc-gen\mpeg4Visual\serial\Compa\libs\orcc\include" -c -fmessage-length=0 -fpic -I../../bsp_cluster0_mb0/MbCluster0_mb0_microblaze_0/include -mno-xl-reorder -mlittle-endian -mxl-barrel-shift -mxl-pattern-compare -mno-xl-soft-div -mcpu=v9.3 -mno-xl-soft-mul -mhard-float -Wl,--no-relax -ffunction-sections -fdata-sections -MMD -MP -MF"src/source_MB.d" -MT"src/source_MB.d" -o "src/source_MB.o" "../src/source_MB.c"
'Finished building: ../src/source_MB.c'
' '
'Building target: Top_00.elf'
'Invoking: MicroBlaze gcc linker'
mb-gcc -L"C:\Users\yolivave\work\Xilinx_SDK_workspace\Actors\Debug" -L"C:\Users\yolivave\work\Xilinx_SDK_workspace\actors_bin\Debug" -L"C:\Users\yolivave\work\Xilinx_SDK_workspace\runtime\Debug" -fno-zero-initialized-in-bss -Wl,-T -Wl,../src/lscript.ld -L../../bsp_cluster0_mb0/MbCluster0_mb0_microblaze_0/lib -mlittle-endian -mxl-barrel-shift -mxl-pattern-compare -mno-xl-soft-div -mcpu=v9.3 -mno-xl-soft-mul -mhard-float -Wl,--no-relax -Wl,--gc-sections -o "Top_00.elf"  ./src/Top_00.o ./src/display.o ./src/display_MB.o ./src/source.o ./src/source_MB.o   -lruntime -lActors -Wl,--start-group,-lxil,-lgcc,-lc,--end-group
'Finished building target: Top_00.elf'
' '
'Invoking: MicroBlaze Print Size'
mb-size Top_00.elf  |tee "Top_00.elf.size"
   text	   data	    bss	    dec	    hex	filename
 396816	    868	   2744	 400428	  61c2c	Top_00.elf
'Finished building: Top_00.elf.size'
' '
