15:41:00 **** Build of project hdmi_display_bsp ****
make -k all 
libgen -hw ../hw_platform_0/system.xml\
	       \
	       -pe ps7_cortexa9_0 \
	       -log libgen.log \
	       system.mss
libgen
Xilinx EDK 2013.4 Build EDK_2013.4.20131205
Copyright (c) 1995-2012 Xilinx, Inc.  All rights reserved.

Command Line: libgen -hw ../hw_platform_0/system.xml -pe ps7_cortexa9_0 -log
libgen.log system.mss 

WARNING:EDK - dmaps -
   C:\Users\yolivave\work\Xilinx_SDK_workspace\hdmi_display_bsp\system.mss line
   69 - deprecated driver!
WARNING:EDK - dmaps -
   C:\Users\yolivave\work\Xilinx_SDK_workspace\hdmi_display_bsp\system.mss line
   75 - deprecated driver!
WARNING:EDK - emacps -
   C:\Users\yolivave\work\Xilinx_SDK_workspace\hdmi_display_bsp\system.mss line
   81 - deprecated driver!
WARNING:EDK - scugic -
   C:\Users\yolivave\work\Xilinx_SDK_workspace\hdmi_display_bsp\system.mss line
   159 - deprecated driver!
WARNING:EDK - usbps -
   C:\Users\yolivave\work\Xilinx_SDK_workspace\hdmi_display_bsp\system.mss line
   201 - deprecated driver!
WARNING:EDK - xadcps -
   C:\Users\yolivave\work\Xilinx_SDK_workspace\hdmi_display_bsp\system.mss line
   207 - deprecated driver!
WARNING:EDK - standalone -
   C:\Users\yolivave\work\Xilinx_SDK_workspace\hdmi_display_bsp\system.mss line
   5 - deprecated os!

Staging source files.
Running DRCs.
Running generate.
Running post_generate.
Running include - 'make -s include "COMPILER=arm-xilinx-eabi-gcc"
"ARCHIVER=arm-xilinx-eabi-ar" "COMPILER_FLAGS= -O2 -c"
"EXTRA_COMPILER_FLAGS=-g"'.

Running libs - 'make -s libs "COMPILER=arm-xilinx-eabi-gcc"
"ARCHIVER=arm-xilinx-eabi-ar" "COMPILER_FLAGS= -O2 -c"
"EXTRA_COMPILER_FLAGS=-g"'.
"Compiling common"
arm-xilinx-eabi-ar: creating ../../../lib/libxil.a
"Compiling standalone"
"Compiling devcfg"
"Compiling dmaps"
"Compiling emacps"
"Compiling gpiops"
"Compiling qspips"
"Compiling scugic"
"Compiling scutimer"
"Compiling scuwdt"
"Compiling ttcps"
"Compiling uartps"
"Compiling usbps"
"Compiling xadcps"
"Compiling axivdma"
"Compiling video timing controller"
"Compiling iic"
"Compiling cpu_cortexa9"
Running execs_generate.
'Finished building libraries'

15:41:33 Build Finished (took 33s.225ms)

