12:58:32 **** Build of project libs ****
"C:\\MinGW\\bin\\mingw32-make.exe" all 
"C:\Program Files (x86)\CMake 2.8\bin\cmake.exe" -HC:\Users\yolivave\work\orcc-gen\mpeg4Visual\serial\Compa\libs -BC:\Users\yolivave\work\Xilinx_SDK_workspace\libs --check-build-system CMakeFiles\Makefile.cmake 0
"C:\Program Files (x86)\CMake 2.8\bin\cmake.exe" -E cmake_progress_start C:\Users\yolivave\work\Xilinx_SDK_workspace\libs\CMakeFiles C:\Users\yolivave\work\Xilinx_SDK_workspace\libs\CMakeFiles\progress.marks
C:/MinGW/bin/mingw32-make -f CMakeFiles\Makefile2 all
mingw32-make[1]: Entering directory 'C:/Users/yolivave/work/Xilinx_SDK_workspace/libs'
C:/MinGW/bin/mingw32-make -f orcc\CMakeFiles\orcc.dir\build.make orcc/CMakeFiles/orcc.dir/depend
mingw32-make[2]: Entering directory 'C:/Users/yolivave/work/Xilinx_SDK_workspace/libs'
"C:\Program Files (x86)\CMake 2.8\bin\cmake.exe" -E cmake_depends "MinGW Makefiles" C:\Users\yolivave\work\orcc-gen\mpeg4Visual\serial\Compa\libs C:\Users\yolivave\work\orcc-gen\mpeg4Visual\serial\Compa\libs\orcc C:\Users\yolivave\work\Xilinx_SDK_workspace\libs C:\Users\yolivave\work\Xilinx_SDK_workspace\libs\orcc C:\Users\yolivave\work\Xilinx_SDK_workspace\libs\orcc\CMakeFiles\orcc.dir\DependInfo.cmake --color=
mingw32-make[2]: Leaving directory 'C:/Users/yolivave/work/Xilinx_SDK_workspace/libs'
C:/MinGW/bin/mingw32-make -f orcc\CMakeFiles\orcc.dir\build.make orcc/CMakeFiles/orcc.dir/build
mingw32-make[2]: Entering directory 'C:/Users/yolivave/work/Xilinx_SDK_workspace/libs'
"C:\Program Files (x86)\CMake 2.8\bin\cmake.exe" -E cmake_progress_report C:\Users\yolivave\work\Xilinx_SDK_workspace\libs\CMakeFiles 1
[ 14%] Building C object orcc/CMakeFiles/orcc.dir/src/access_file.c.obj
cd /d C:\Users\yolivave\work\Xilinx_SDK_workspace\libs\orcc && C:\Xilinx\SDK\2013.4\gnu\microblaze\nt\bin\mb-gcc.exe   -IC:\Users\yolivave\work\orcc-gen\mpeg4Visual\serial\Compa\libs\orcc\include    -o CMakeFiles\orcc.dir\src\access_file.c.obj   -c C:\Users\yolivave\work\orcc-gen\mpeg4Visual\serial\Compa\libs\orcc\src\access_file.c
"C:\Program Files (x86)\CMake 2.8\bin\cmake.exe" -E cmake_progress_report C:\Users\yolivave\work\Xilinx_SDK_workspace\libs\CMakeFiles 2
[ 28%] Building C object orcc/CMakeFiles/orcc.dir/src/dataflow.c.obj
cd /d C:\Users\yolivave\work\Xilinx_SDK_workspace\libs\orcc && C:\Xilinx\SDK\2013.4\gnu\microblaze\nt\bin\mb-gcc.exe   -IC:\Users\yolivave\work\orcc-gen\mpeg4Visual\serial\Compa\libs\orcc\include    -o CMakeFiles\orcc.dir\src\dataflow.c.obj   -c C:\Users\yolivave\work\orcc-gen\mpeg4Visual\serial\Compa\libs\orcc\src\dataflow.c
"C:\Program Files (x86)\CMake 2.8\bin\cmake.exe" -E cmake_progress_report C:\Users\yolivave\work\Xilinx_SDK_workspace\libs\CMakeFiles 3
[ 42%] Building C object orcc/CMakeFiles/orcc.dir/src/options.c.obj
cd /d C:\Users\yolivave\work\Xilinx_SDK_workspace\libs\orcc && C:\Xilinx\SDK\2013.4\gnu\microblaze\nt\bin\mb-gcc.exe   -IC:\Users\yolivave\work\orcc-gen\mpeg4Visual\serial\Compa\libs\orcc\include    -o CMakeFiles\orcc.dir\src\options.c.obj   -c C:\Users\yolivave\work\orcc-gen\mpeg4Visual\serial\Compa\libs\orcc\src\options.c
"C:\Program Files (x86)\CMake 2.8\bin\cmake.exe" -E cmake_progress_report C:\Users\yolivave\work\Xilinx_SDK_workspace\libs\CMakeFiles 4
[ 57%] Building C object orcc/CMakeFiles/orcc.dir/src/source.c.obj
cd /d C:\Users\yolivave\work\Xilinx_SDK_workspace\libs\orcc && C:\Xilinx\SDK\2013.4\gnu\microblaze\nt\bin\mb-gcc.exe   -IC:\Users\yolivave\work\orcc-gen\mpeg4Visual\serial\Compa\libs\orcc\include    -o CMakeFiles\orcc.dir\src\source.c.obj   -c C:\Users\yolivave\work\orcc-gen\mpeg4Visual\serial\Compa\libs\orcc\src\source.c
C:\Users\yolivave\work\orcc-gen\mpeg4Visual\serial\Compa\libs\orcc\src\source.c: In function 'source_open':
C:\Users\yolivave\work\orcc-gen\mpeg4Visual\serial\Compa\libs\orcc\src\source.c:129:9: warning: cast from pointer to integer of different size [-Wpointer-to-int-cast]
C:\Users\yolivave\work\orcc-gen\mpeg4Visual\serial\Compa\libs\orcc\src\source.c: In function 'source_sizeOfFileFd':
C:\Users\yolivave\work\orcc-gen\mpeg4Visual\serial\Compa\libs\orcc\src\source.c:154:13: warning: cast to pointer from integer of different size [-Wint-to-pointer-cast]
C:\Users\yolivave\work\orcc-gen\mpeg4Visual\serial\Compa\libs\orcc\src\source.c: In function 'source_rewindFd':
C:\Users\yolivave\work\orcc-gen\mpeg4Visual\serial\Compa\libs\orcc\src\source.c:171:13: warning: cast to pointer from integer of different size [-Wint-to-pointer-cast]
C:\Users\yolivave\work\orcc-gen\mpeg4Visual\serial\Compa\libs\orcc\src\source.c: In function 'source_closeFd':
C:\Users\yolivave\work\orcc-gen\mpeg4Visual\serial\Compa\libs\orcc\src\source.c:184:13: warning: cast to pointer from integer of different size [-Wint-to-pointer-cast]
C:\Users\yolivave\work\orcc-gen\mpeg4Visual\serial\Compa\libs\orcc\src\source.c: In function 'source_readNBytesFd':
C:\Users\yolivave\work\orcc-gen\mpeg4Visual\serial\Compa\libs\orcc\src\source.c:221:13: warning: cast to pointer from integer of different size [-Wint-to-pointer-cast]
"C:\Program Files (x86)\CMake 2.8\bin\cmake.exe" -E cmake_progress_report C:\Users\yolivave\work\Xilinx_SDK_workspace\libs\CMakeFiles 5
[ 71%] Building C object orcc/CMakeFiles/orcc.dir/src/trace.c.obj
cd /d C:\Users\yolivave\work\Xilinx_SDK_workspace\libs\orcc && C:\Xilinx\SDK\2013.4\gnu\microblaze\nt\bin\mb-gcc.exe   -IC:\Users\yolivave\work\orcc-gen\mpeg4Visual\serial\Compa\libs\orcc\include    -o CMakeFiles\orcc.dir\src\trace.c.obj   -c C:\Users\yolivave\work\orcc-gen\mpeg4Visual\serial\Compa\libs\orcc\src\trace.c
"C:\Program Files (x86)\CMake 2.8\bin\cmake.exe" -E cmake_progress_report C:\Users\yolivave\work\Xilinx_SDK_workspace\libs\CMakeFiles 6
[ 85%] Building C object orcc/CMakeFiles/orcc.dir/src/util.c.obj
cd /d C:\Users\yolivave\work\Xilinx_SDK_workspace\libs\orcc && C:\Xilinx\SDK\2013.4\gnu\microblaze\nt\bin\mb-gcc.exe   -IC:\Users\yolivave\work\orcc-gen\mpeg4Visual\serial\Compa\libs\orcc\include    -o CMakeFiles\orcc.dir\src\util.c.obj   -c C:\Users\yolivave\work\orcc-gen\mpeg4Visual\serial\Compa\libs\orcc\src\util.c
"C:\Program Files (x86)\CMake 2.8\bin\cmake.exe" -E cmake_progress_report C:\Users\yolivave\work\Xilinx_SDK_workspace\libs\CMakeFiles 7
[100%] Building C object orcc/CMakeFiles/orcc.dir/src/writer.c.obj
cd /d C:\Users\yolivave\work\Xilinx_SDK_workspace\libs\orcc && C:\Xilinx\SDK\2013.4\gnu\microblaze\nt\bin\mb-gcc.exe   -IC:\Users\yolivave\work\orcc-gen\mpeg4Visual\serial\Compa\libs\orcc\include    -o CMakeFiles\orcc.dir\src\writer.c.obj   -c C:\Users\yolivave\work\orcc-gen\mpeg4Visual\serial\Compa\libs\orcc\src\writer.c
Linking C static library liborcc.a
cd /d C:\Users\yolivave\work\Xilinx_SDK_workspace\libs\orcc && "C:\Program Files (x86)\CMake 2.8\bin\cmake.exe" -P CMakeFiles\orcc.dir\cmake_clean_target.cmake
cd /d C:\Users\yolivave\work\Xilinx_SDK_workspace\libs\orcc && "C:\Program Files (x86)\CMake 2.8\bin\cmake.exe" -E cmake_link_script CMakeFiles\orcc.dir\link.txt --verbose=1
C:\Xilinx\SDK\2013.4\gnu\microblaze\nt\bin\mb-ar.exe cr liborcc.a  CMakeFiles/orcc.dir/src/access_file.c.obj CMakeFiles/orcc.dir/src/dataflow.c.obj CMakeFiles/orcc.dir/src/options.c.obj CMakeFiles/orcc.dir/src/source.c.obj CMakeFiles/orcc.dir/src/trace.c.obj CMakeFiles/orcc.dir/src/util.c.obj CMakeFiles/orcc.dir/src/writer.c.obj
C:\Xilinx\SDK\2013.4\gnu\microblaze\nt\bin\mb-ranlib.exe liborcc.a
mingw32-make[2]: Leaving directory 'C:/Users/yolivave/work/Xilinx_SDK_workspace/libs'
"C:\Program Files (x86)\CMake 2.8\bin\cmake.exe" -E cmake_progress_report C:\Users\yolivave\work\Xilinx_SDK_workspace\libs\CMakeFiles  1 2 3 4 5 6 7
[100%] Built target orcc
mingw32-make[1]: Leaving directory 'C:/Users/yolivave/work/Xilinx_SDK_workspace/libs'
"C:\Program Files (x86)\CMake 2.8\bin\cmake.exe" -E cmake_progress_start C:\Users\yolivave\work\Xilinx_SDK_workspace\libs\CMakeFiles 0

12:58:34 Build Finished (took 2s.210ms)

