23:18:40 **** Build of project mb00_source_bsp ****
make -k all 
libgen -hw ../cf_adv7511_zc706_hw_platform/system.xml\
	       \
	       -pe microblaze_0 \
	       -log libgen.log \
	       system.mss
libgen
Xilinx EDK 2013.4 Build EDK_2013.4.20131205
Copyright (c) 1995-2012 Xilinx, Inc.  All rights reserved.

Command Line: libgen -hw ../cf_adv7511_zc706_hw_platform/system.xml -pe
microblaze_0 -log libgen.log system.mss 


Staging source files.
Running DRCs.
Running generate.
Running post_generate.
Running include - 'make -s include "COMPILER=mb-gcc" "ARCHIVER=mb-ar"
"COMPILER_FLAGS=-mlittle-endian -mno-xl-soft-mul -mxl-pattern-compare
-mcpu=v8.50.b  -O2 -c" "EXTRA_COMPILER_FLAGS=-g -ffunction-sections
-fdata-sections"'.

Running libs - 'make -s libs "COMPILER=mb-gcc" "ARCHIVER=mb-ar"
"COMPILER_FLAGS=-mlittle-endian -mno-xl-soft-mul -mxl-pattern-compare
-mcpu=v8.50.b  -O2 -c" "EXTRA_COMPILER_FLAGS=-g -ffunction-sections
-fdata-sections"'.
"Compiling common"
"Compiling standalone";
"Compiling bram"
"Compiling uartlite"
"Compiling cpu"
Running execs_generate.
'Finished building libraries'

23:19:04 Build Finished (took 24s.321ms)

