13:18:45 **** Build of configuration Debug for project mpeg_src_arm ****
make all 
'Building file: ../src/platform.c'
'Invoking: ARM gcc compiler'
arm-xilinx-eabi-gcc -Wall -O0 -g3 -I"C:\Users\yolivave\work\orcc-gen\mpeg4Visual\serial\Compa\libs\orcc\include" -c -fmessage-length=0 -I../../mpeg_src_arm_bsp/ps7_cortexa9_0/include -MMD -MP -MF"src/platform.d" -MT"src/platform.d" -o "src/platform.o" "../src/platform.c"
'Finished building: ../src/platform.c'
' '
'Building file: ../src/source.c'
'Invoking: ARM gcc compiler'
arm-xilinx-eabi-gcc -Wall -O0 -g3 -I"C:\Users\yolivave\work\orcc-gen\mpeg4Visual\serial\Compa\libs\orcc\include" -c -fmessage-length=0 -I../../mpeg_src_arm_bsp/ps7_cortexa9_0/include -MMD -MP -MF"src/source.d" -MT"src/source.d" -o "src/source.o" "../src/source.c"
In file included from ../src/source.c:8:0:
C:\Users\yolivave\work\orcc-gen\mpeg4Visual\serial\Compa\libs\orcc\include/util.h:98:0: warning: ignoring #pragma warning  [-Wunknown-pragmas]
../src/source.c: In function 'sendData_launch':
../src/source.c:204:6: warning: unused variable 'index_aligned_O' [-Wunused-variable]
'Finished building: ../src/source.c'
' '
'Building target: mpeg_src_arm.elf'
'Invoking: ARM gcc linker'
arm-xilinx-eabi-gcc -L"C:\Users\yolivave\work\Xilinx_SDK_workspace\mpeg_libs_arm\orcc" -Wl,-T -Wl,../src/lscript.ld -L../../mpeg_src_arm_bsp/ps7_cortexa9_0/lib -o "mpeg_src_arm.elf"  ./src/platform.o ./src/source.o   -lorcc -Wl,--start-group,-lxil,-lgcc,-lc,--end-group
c:/xilinx/sdk/2013.4/gnu/arm/nt/bin/../lib/gcc/arm-xilinx-eabi/4.7.3/../../../../arm-xilinx-eabi/lib\libc.a(lib_a-timesr.o): In function `_times_r':
timesr.c:(.text+0x4): undefined reference to `_times'
collect2.exe: error: ld returned 1 exit status
make: *** [mpeg_src_arm.elf] Erreur 1

13:18:46 Build Finished (took 880ms)

