11:14:08 **** Build of project mpeg_libs_arm ****
"C:\\MinGW\\bin\\mingw32-make.exe" all 
"C:\Program Files (x86)\CMake 2.8\bin\cmake.exe" -HC:\Users\yolivave\work\orcc-gen\mpeg4Visual\serial\Compa\libs -BC:\Users\yolivave\work\Xilinx_SDK_workspace\mpeg_libs_arm --check-build-system CMakeFiles\Makefile.cmake 0
"C:\Program Files (x86)\CMake 2.8\bin\cmake.exe" -E cmake_progress_start C:\Users\yolivave\work\Xilinx_SDK_workspace\mpeg_libs_arm\CMakeFiles C:\Users\yolivave\work\Xilinx_SDK_workspace\mpeg_libs_arm\CMakeFiles\progress.marks
C:/MinGW/bin/mingw32-make -f CMakeFiles\Makefile2 all
mingw32-make[1]: Entering directory 'C:/Users/yolivave/work/Xilinx_SDK_workspace/mpeg_libs_arm'
C:/MinGW/bin/mingw32-make -f orcc\CMakeFiles\orcc.dir\build.make orcc/CMakeFiles/orcc.dir/depend
mingw32-make[2]: Entering directory 'C:/Users/yolivave/work/Xilinx_SDK_workspace/mpeg_libs_arm'
"C:\Program Files (x86)\CMake 2.8\bin\cmake.exe" -E cmake_depends "MinGW Makefiles" C:\Users\yolivave\work\orcc-gen\mpeg4Visual\serial\Compa\libs C:\Users\yolivave\work\orcc-gen\mpeg4Visual\serial\Compa\libs\orcc C:\Users\yolivave\work\Xilinx_SDK_workspace\mpeg_libs_arm C:\Users\yolivave\work\Xilinx_SDK_workspace\mpeg_libs_arm\orcc C:\Users\yolivave\work\Xilinx_SDK_workspace\mpeg_libs_arm\orcc\CMakeFiles\orcc.dir\DependInfo.cmake --color=
mingw32-make[2]: Leaving directory 'C:/Users/yolivave/work/Xilinx_SDK_workspace/mpeg_libs_arm'
C:/MinGW/bin/mingw32-make -f orcc\CMakeFiles\orcc.dir\build.make orcc/CMakeFiles/orcc.dir/build
mingw32-make[2]: Entering directory 'C:/Users/yolivave/work/Xilinx_SDK_workspace/mpeg_libs_arm'
"C:\Program Files (x86)\CMake 2.8\bin\cmake.exe" -E cmake_progress_report C:\Users\yolivave\work\Xilinx_SDK_workspace\mpeg_libs_arm\CMakeFiles 1
[ 16%] Building C object orcc/CMakeFiles/orcc.dir/src/access_file.c.obj
cd /d C:\Users\yolivave\work\Xilinx_SDK_workspace\mpeg_libs_arm\orcc && C:\Xilinx\SDK\2013.4\gnu\arm\nt\bin\arm-xilinx-eabi-gcc.exe   -O3 -DNDEBUG -IC:\Users\yolivave\work\orcc-gen\mpeg4Visual\serial\Compa\libs\orcc\include    -o CMakeFiles\orcc.dir\src\access_file.c.obj   -c C:\Users\yolivave\work\orcc-gen\mpeg4Visual\serial\Compa\libs\orcc\src\access_file.c
"C:\Program Files (x86)\CMake 2.8\bin\cmake.exe" -E cmake_progress_report C:\Users\yolivave\work\Xilinx_SDK_workspace\mpeg_libs_arm\CMakeFiles 2
[ 33%] Building C object orcc/CMakeFiles/orcc.dir/src/dataflow.c.obj
cd /d C:\Users\yolivave\work\Xilinx_SDK_workspace\mpeg_libs_arm\orcc && C:\Xilinx\SDK\2013.4\gnu\arm\nt\bin\arm-xilinx-eabi-gcc.exe   -O3 -DNDEBUG -IC:\Users\yolivave\work\orcc-gen\mpeg4Visual\serial\Compa\libs\orcc\include    -o CMakeFiles\orcc.dir\src\dataflow.c.obj   -c C:\Users\yolivave\work\orcc-gen\mpeg4Visual\serial\Compa\libs\orcc\src\dataflow.c
"C:\Program Files (x86)\CMake 2.8\bin\cmake.exe" -E cmake_progress_report C:\Users\yolivave\work\Xilinx_SDK_workspace\mpeg_libs_arm\CMakeFiles 3
[ 50%] Building C object orcc/CMakeFiles/orcc.dir/src/options.c.obj
cd /d C:\Users\yolivave\work\Xilinx_SDK_workspace\mpeg_libs_arm\orcc && C:\Xilinx\SDK\2013.4\gnu\arm\nt\bin\arm-xilinx-eabi-gcc.exe   -O3 -DNDEBUG -IC:\Users\yolivave\work\orcc-gen\mpeg4Visual\serial\Compa\libs\orcc\include    -o CMakeFiles\orcc.dir\src\options.c.obj   -c C:\Users\yolivave\work\orcc-gen\mpeg4Visual\serial\Compa\libs\orcc\src\options.c
"C:\Program Files (x86)\CMake 2.8\bin\cmake.exe" -E cmake_progress_report C:\Users\yolivave\work\Xilinx_SDK_workspace\mpeg_libs_arm\CMakeFiles 4
[ 66%] Building C object orcc/CMakeFiles/orcc.dir/src/trace.c.obj
cd /d C:\Users\yolivave\work\Xilinx_SDK_workspace\mpeg_libs_arm\orcc && C:\Xilinx\SDK\2013.4\gnu\arm\nt\bin\arm-xilinx-eabi-gcc.exe   -O3 -DNDEBUG -IC:\Users\yolivave\work\orcc-gen\mpeg4Visual\serial\Compa\libs\orcc\include    -o CMakeFiles\orcc.dir\src\trace.c.obj   -c C:\Users\yolivave\work\orcc-gen\mpeg4Visual\serial\Compa\libs\orcc\src\trace.c
"C:\Program Files (x86)\CMake 2.8\bin\cmake.exe" -E cmake_progress_report C:\Users\yolivave\work\Xilinx_SDK_workspace\mpeg_libs_arm\CMakeFiles 5
[ 83%] Building C object orcc/CMakeFiles/orcc.dir/src/util.c.obj
cd /d C:\Users\yolivave\work\Xilinx_SDK_workspace\mpeg_libs_arm\orcc && C:\Xilinx\SDK\2013.4\gnu\arm\nt\bin\arm-xilinx-eabi-gcc.exe   -O3 -DNDEBUG -IC:\Users\yolivave\work\orcc-gen\mpeg4Visual\serial\Compa\libs\orcc\include    -o CMakeFiles\orcc.dir\src\util.c.obj   -c C:\Users\yolivave\work\orcc-gen\mpeg4Visual\serial\Compa\libs\orcc\src\util.c
"C:\Program Files (x86)\CMake 2.8\bin\cmake.exe" -E cmake_progress_report C:\Users\yolivave\work\Xilinx_SDK_workspace\mpeg_libs_arm\CMakeFiles 6
[100%] Building C object orcc/CMakeFiles/orcc.dir/src/writer.c.obj
cd /d C:\Users\yolivave\work\Xilinx_SDK_workspace\mpeg_libs_arm\orcc && C:\Xilinx\SDK\2013.4\gnu\arm\nt\bin\arm-xilinx-eabi-gcc.exe   -O3 -DNDEBUG -IC:\Users\yolivave\work\orcc-gen\mpeg4Visual\serial\Compa\libs\orcc\include    -o CMakeFiles\orcc.dir\src\writer.c.obj   -c C:\Users\yolivave\work\orcc-gen\mpeg4Visual\serial\Compa\libs\orcc\src\writer.c
Linking C static library liborcc.a
cd /d C:\Users\yolivave\work\Xilinx_SDK_workspace\mpeg_libs_arm\orcc && "C:\Program Files (x86)\CMake 2.8\bin\cmake.exe" -P CMakeFiles\orcc.dir\cmake_clean_target.cmake
cd /d C:\Users\yolivave\work\Xilinx_SDK_workspace\mpeg_libs_arm\orcc && "C:\Program Files (x86)\CMake 2.8\bin\cmake.exe" -E cmake_link_script CMakeFiles\orcc.dir\link.txt --verbose=1
C:\Xilinx\SDK\2013.4\gnu\arm\nt\bin\arm-xilinx-eabi-ar.exe cr liborcc.a  CMakeFiles/orcc.dir/src/access_file.c.obj CMakeFiles/orcc.dir/src/dataflow.c.obj CMakeFiles/orcc.dir/src/options.c.obj CMakeFiles/orcc.dir/src/trace.c.obj CMakeFiles/orcc.dir/src/util.c.obj CMakeFiles/orcc.dir/src/writer.c.obj
C:\Xilinx\SDK\2013.4\gnu\arm\nt\bin\arm-xilinx-eabi-ranlib.exe liborcc.a
mingw32-make[2]: Leaving directory 'C:/Users/yolivave/work/Xilinx_SDK_workspace/mpeg_libs_arm'
"C:\Program Files (x86)\CMake 2.8\bin\cmake.exe" -E cmake_progress_report C:\Users\yolivave\work\Xilinx_SDK_workspace\mpeg_libs_arm\CMakeFiles  1 2 3 4 5 6
[100%] Built target orcc
mingw32-make[1]: Leaving directory 'C:/Users/yolivave/work/Xilinx_SDK_workspace/mpeg_libs_arm'
"C:\Program Files (x86)\CMake 2.8\bin\cmake.exe" -E cmake_progress_start C:\Users\yolivave\work\Xilinx_SDK_workspace\mpeg_libs_arm\CMakeFiles 0

11:14:18 Build Finished (took 9s.480ms)

