12:45:54 **** Incremental Build of project mpeg_libs_pc ****
"C:\\MinGW\\bin\\mingw32-make.exe" all 
"C:\Program Files (x86)\CMake 2.8\bin\cmake.exe" -HC:\Users\yolivave\work\orcc-gen\mpeg4Visual\serial\Compa\src\libs -BC:\Users\yolivave\work\Xilinx_SDK_workspace\mpeg_libs_pc --check-build-system CMakeFiles\Makefile.cmake 0
"C:\Program Files (x86)\CMake 2.8\bin\cmake.exe" -E cmake_progress_start C:\Users\yolivave\work\Xilinx_SDK_workspace\mpeg_libs_pc\CMakeFiles C:\Users\yolivave\work\Xilinx_SDK_workspace\mpeg_libs_pc\CMakeFiles\progress.marks
C:/MinGW/bin/mingw32-make -f CMakeFiles\Makefile2 all
mingw32-make[1]: Entering directory 'C:/Users/yolivave/work/Xilinx_SDK_workspace/mpeg_libs_pc'
C:/MinGW/bin/mingw32-make -f orcc\CMakeFiles\orcc.dir\build.make orcc/CMakeFiles/orcc.dir/depend
mingw32-make[2]: Entering directory 'C:/Users/yolivave/work/Xilinx_SDK_workspace/mpeg_libs_pc'
"C:\Program Files (x86)\CMake 2.8\bin\cmake.exe" -E cmake_depends "MinGW Makefiles" C:\Users\yolivave\work\orcc-gen\mpeg4Visual\serial\Compa\src\libs C:\Users\yolivave\work\orcc-gen\mpeg4Visual\serial\Compa\src\libs\orcc C:\Users\yolivave\work\Xilinx_SDK_workspace\mpeg_libs_pc C:\Users\yolivave\work\Xilinx_SDK_workspace\mpeg_libs_pc\orcc C:\Users\yolivave\work\Xilinx_SDK_workspace\mpeg_libs_pc\orcc\CMakeFiles\orcc.dir\DependInfo.cmake --color=
Scanning dependencies of target orcc
mingw32-make[2]: Leaving directory 'C:/Users/yolivave/work/Xilinx_SDK_workspace/mpeg_libs_pc'
C:/MinGW/bin/mingw32-make -f orcc\CMakeFiles\orcc.dir\build.make orcc/CMakeFiles/orcc.dir/build
mingw32-make[2]: Entering directory 'C:/Users/yolivave/work/Xilinx_SDK_workspace/mpeg_libs_pc'
"C:\Program Files (x86)\CMake 2.8\bin\cmake.exe" -E cmake_progress_report C:\Users\yolivave\work\Xilinx_SDK_workspace\mpeg_libs_pc\CMakeFiles 6
[ 16%] Building C object orcc/CMakeFiles/orcc.dir/src/writer.c.obj
cd /d C:\Users\yolivave\work\Xilinx_SDK_workspace\mpeg_libs_pc\orcc && C:\MinGW\bin\gcc.exe   -g @CMakeFiles/orcc.dir/includes_C.rsp   -o CMakeFiles\orcc.dir\src\writer.c.obj   -c C:\Users\yolivave\work\orcc-gen\mpeg4Visual\serial\Compa\src\libs\orcc\src\writer.c
Linking C static library liborcc.a
cd /d C:\Users\yolivave\work\Xilinx_SDK_workspace\mpeg_libs_pc\orcc && "C:\Program Files (x86)\CMake 2.8\bin\cmake.exe" -P CMakeFiles\orcc.dir\cmake_clean_target.cmake
cd /d C:\Users\yolivave\work\Xilinx_SDK_workspace\mpeg_libs_pc\orcc && "C:\Program Files (x86)\CMake 2.8\bin\cmake.exe" -E cmake_link_script CMakeFiles\orcc.dir\link.txt --verbose=1
C:\MinGW\bin\ar.exe cr liborcc.a  CMakeFiles/orcc.dir/src/access_file.c.obj CMakeFiles/orcc.dir/src/dataflow.c.obj CMakeFiles/orcc.dir/src/options.c.obj CMakeFiles/orcc.dir/src/trace.c.obj CMakeFiles/orcc.dir/src/util.c.obj CMakeFiles/orcc.dir/src/writer.c.obj
C:\MinGW\bin\ranlib.exe liborcc.a
mingw32-make[2]: Leaving directory 'C:/Users/yolivave/work/Xilinx_SDK_workspace/mpeg_libs_pc'
"C:\Program Files (x86)\CMake 2.8\bin\cmake.exe" -E cmake_progress_report C:\Users\yolivave\work\Xilinx_SDK_workspace\mpeg_libs_pc\CMakeFiles  1 2 3 4 5 6
[100%] Built target orcc
mingw32-make[1]: Leaving directory 'C:/Users/yolivave/work/Xilinx_SDK_workspace/mpeg_libs_pc'
"C:\Program Files (x86)\CMake 2.8\bin\cmake.exe" -E cmake_progress_start C:\Users\yolivave\work\Xilinx_SDK_workspace\mpeg_libs_pc\CMakeFiles 0

12:45:56 Build Finished (took 2s.540ms)

