17:07:25 **** Incremental Build of configuration Debug for project myHDMI ****
make all 
'Building file: ../src/main.c'
'Invoking: ARM gcc compiler'
arm-xilinx-eabi-gcc -Wall -O0 -g3 -I"C:\Users\yolivave\Downloads\no-OS-master\adv7511\library\zc\inc" -c -fmessage-length=0 -I../../bsp_arm_00/ps7_cortexa9_0/include -MMD -MP -MF"src/main.d" -MT"src/main.d" -o "src/main.o" "../src/main.c"
In file included from ../src/main.c:46:0:
../../bsp_arm_00/ps7_cortexa9_0/include/xbasic_types.h:124:2: warning: #warning The xbasics_type.h file is deprecated and users should use xil_types.h and xil_assert. [-Wcpp]
 #warning  The xbasics_type.h file is deprecated and users should use xil_types.h and xil_assert.
  ^
../../bsp_arm_00/ps7_cortexa9_0/include/xbasic_types.h:125:2: warning: #warning Please refer the Standalone BSP UG647 for further details [-Wcpp]
 #warning  Please refer the Standalone BSP UG647 for further details
  ^
'Finished building: ../src/main.c'
' '
'Building target: myHDMI.elf'
'Invoking: ARM gcc linker'
arm-xilinx-eabi-gcc -L"C:\Users\yolivave\Downloads\no-OS-master\adv7511\library\zc\lib" -Wl,-T -Wl,../src/lscript.ld -L../../bsp_arm_00/ps7_cortexa9_0/lib -o "myHDMI.elf"  ./src/cf_hdmi.o ./src/main.o ./src/transmitter.o   -lHDMI_ZynqLib -Wl,--start-group,-lxil,-lgcc,-lc,--end-group -Wl,--start-group,-lxilffs,-lxil,-lgcc,-lc,--end-group
'Finished building target: myHDMI.elf'
' '
'Invoking: ARM Print Size'
arm-xilinx-eabi-size myHDMI.elf  |tee "myHDMI.elf.size"
   text	   data	    bss	    dec	    hex	filename
 104613	 704528	   9164	 818305	  c7c81	myHDMI.elf
'Finished building: myHDMI.elf.size'
' '

17:07:26 Build Finished (took 976ms)

