10:49:32 **** Build of configuration Debug for project raw_apps ****
make all 
'Building file: ../src/dispatch.c'
'Invoking: ARM gcc compiler'
arm-xilinx-eabi-gcc -Wall -O0 -g3 -c -fmessage-length=0 -I../../bsp_arm_00/ps7_cortexa9_0/include -MMD -MP -MF"src/dispatch.d" -MT"src/dispatch.d" -o "src/dispatch.o" "../src/dispatch.c"
'Finished building: ../src/dispatch.c'
' '
'Building file: ../src/echo.c'
'Invoking: ARM gcc compiler'
arm-xilinx-eabi-gcc -Wall -O0 -g3 -c -fmessage-length=0 -I../../bsp_arm_00/ps7_cortexa9_0/include -MMD -MP -MF"src/echo.d" -MT"src/echo.d" -o "src/echo.o" "../src/echo.c"
'Finished building: ../src/echo.c'
' '
'Building file: ../src/http_response.c'
'Invoking: ARM gcc compiler'
arm-xilinx-eabi-gcc -Wall -O0 -g3 -c -fmessage-length=0 -I../../bsp_arm_00/ps7_cortexa9_0/include -MMD -MP -MF"src/http_response.d" -MT"src/http_response.d" -o "src/http_response.o" "../src/http_response.c"
../src/http_response.c:21:24: fatal error: mfs_config.h: No such file or directory
 #include "mfs_config.h"
                        ^
compilation terminated.
make: *** [src/http_response.o] Erreur 1

10:49:34 Build Finished (took 1s.326ms)

