11:15:13 **** Build of project standalone_bsp_1 ****
make -k all 
"Running Make include in MbCluster0_mb1_microblaze_0/libsrc/bram_v4_0/src"
make -C MbCluster0_mb1_microblaze_0/libsrc/bram_v4_0/src -s include  "SHELL=CMD" "COMPILER=mb-gcc" "ARCHIVER=mb-ar" "COMPILER_FLAGS= -O2 -c -mcpu=v9.3 -mlittle-endian -mno-xl-reorder -mxl-barrel-shift -mxl-soft-mul" "EXTRA_COMPILER_FLAGS=-g -ffunction-sections -fdata-sections"
"Running Make include in MbCluster0_mb1_microblaze_0/libsrc/cpu_v2_1/src"
make -C MbCluster0_mb1_microblaze_0/libsrc/cpu_v2_1/src -s include  "SHELL=CMD" "COMPILER=mb-gcc" "ARCHIVER=mb-ar" "COMPILER_FLAGS= -O2 -c -mcpu=v9.3 -mlittle-endian -mno-xl-reorder -mxl-barrel-shift -mxl-soft-mul" "EXTRA_COMPILER_FLAGS=-g -ffunction-sections -fdata-sections"
"Running Make include in MbCluster0_mb1_microblaze_0/libsrc/standalone_v4_1/src"
make -C MbCluster0_mb1_microblaze_0/libsrc/standalone_v4_1/src -s include  "SHELL=CMD" "COMPILER=mb-gcc" "ARCHIVER=mb-ar" "COMPILER_FLAGS= -O2 -c -mcpu=v9.3 -mlittle-endian -mno-xl-reorder -mxl-barrel-shift -mxl-soft-mul" "EXTRA_COMPILER_FLAGS=-g -ffunction-sections -fdata-sections"
"Running Make include in MbCluster0_mb1_microblaze_0/libsrc/tmrctr_v3_0/src"
make -C MbCluster0_mb1_microblaze_0/libsrc/tmrctr_v3_0/src -s include  "SHELL=CMD" "COMPILER=mb-gcc" "ARCHIVER=mb-ar" "COMPILER_FLAGS= -O2 -c -mcpu=v9.3 -mlittle-endian -mno-xl-reorder -mxl-barrel-shift -mxl-soft-mul" "EXTRA_COMPILER_FLAGS=-g -ffunction-sections -fdata-sections"
"Running Make include in MbCluster0_mb1_microblaze_0/libsrc/uartlite_v3_0/src"
make -C MbCluster0_mb1_microblaze_0/libsrc/uartlite_v3_0/src -s include  "SHELL=CMD" "COMPILER=mb-gcc" "ARCHIVER=mb-ar" "COMPILER_FLAGS= -O2 -c -mcpu=v9.3 -mlittle-endian -mno-xl-reorder -mxl-barrel-shift -mxl-soft-mul" "EXTRA_COMPILER_FLAGS=-g -ffunction-sections -fdata-sections"
"Running Make libs in MbCluster0_mb1_microblaze_0/libsrc/bram_v4_0/src"
make -C MbCluster0_mb1_microblaze_0/libsrc/bram_v4_0/src -s libs  "SHELL=CMD" "COMPILER=mb-gcc" "ARCHIVER=mb-ar" "COMPILER_FLAGS= -O2 -c -mcpu=v9.3 -mlittle-endian -mno-xl-reorder -mxl-barrel-shift -mxl-soft-mul" "EXTRA_COMPILER_FLAGS=-g -ffunction-sections -fdata-sections"
"Compiling bram"
"Running Make libs in MbCluster0_mb1_microblaze_0/libsrc/cpu_v2_1/src"
make -C MbCluster0_mb1_microblaze_0/libsrc/cpu_v2_1/src -s libs  "SHELL=CMD" "COMPILER=mb-gcc" "ARCHIVER=mb-ar" "COMPILER_FLAGS= -O2 -c -mcpu=v9.3 -mlittle-endian -mno-xl-reorder -mxl-barrel-shift -mxl-soft-mul" "EXTRA_COMPILER_FLAGS=-g -ffunction-sections -fdata-sections"
"Compiling cpu"
"Running Make libs in MbCluster0_mb1_microblaze_0/libsrc/standalone_v4_1/src"
make -C MbCluster0_mb1_microblaze_0/libsrc/standalone_v4_1/src -s libs  "SHELL=CMD" "COMPILER=mb-gcc" "ARCHIVER=mb-ar" "COMPILER_FLAGS= -O2 -c -mcpu=v9.3 -mlittle-endian -mno-xl-reorder -mxl-barrel-shift -mxl-soft-mul" "EXTRA_COMPILER_FLAGS=-g -ffunction-sections -fdata-sections"
"Compiling standalone";
"Running Make libs in MbCluster0_mb1_microblaze_0/libsrc/tmrctr_v3_0/src"
make -C MbCluster0_mb1_microblaze_0/libsrc/tmrctr_v3_0/src -s libs  "SHELL=CMD" "COMPILER=mb-gcc" "ARCHIVER=mb-ar" "COMPILER_FLAGS= -O2 -c -mcpu=v9.3 -mlittle-endian -mno-xl-reorder -mxl-barrel-shift -mxl-soft-mul" "EXTRA_COMPILER_FLAGS=-g -ffunction-sections -fdata-sections"
"Compiling tmrctr"
"Running Make libs in MbCluster0_mb1_microblaze_0/libsrc/uartlite_v3_0/src"
make -C MbCluster0_mb1_microblaze_0/libsrc/uartlite_v3_0/src -s libs  "SHELL=CMD" "COMPILER=mb-gcc" "ARCHIVER=mb-ar" "COMPILER_FLAGS= -O2 -c -mcpu=v9.3 -mlittle-endian -mno-xl-reorder -mxl-barrel-shift -mxl-soft-mul" "EXTRA_COMPILER_FLAGS=-g -ffunction-sections -fdata-sections"
"Compiling uartlite"
'Finished building libraries'

11:15:22 Build Finished (took 9s.558ms)

