16:42:58 **** Build of project Top_decoder_parallel-Release@parallel ****
"C:\\MinGW\\bin\\mingw32-make.exe" all 
"C:\Program Files (x86)\CMake 2.8\bin\cmake.exe" -HC:\Users\yolivave\work\orcc-gen\mpeg4Visual\parallel -BC:\Users\yolivave\work\orcc-gen\mpeg4Visual\parallel --check-build-system CMakeFiles\Makefile.cmake 0
"C:\Program Files (x86)\CMake 2.8\bin\cmake.exe" -E cmake_progress_start C:\Users\yolivave\work\orcc-gen\mpeg4Visual\parallel\CMakeFiles C:\Users\yolivave\work\orcc-gen\mpeg4Visual\parallel\CMakeFiles\progress.marks
C:/MinGW/bin/mingw32-make -f CMakeFiles\Makefile2 all
mingw32-make[1]: Entering directory 'C:/Users/yolivave/work/Xilinx_SDK_workspace/Top_decoder_parallel-Release@parallel'
C:/MinGW/bin/mingw32-make -f libs\roxml\CMakeFiles\roxml.dir\build.make libs/roxml/CMakeFiles/roxml.dir/depend
mingw32-make[2]: Entering directory 'C:/Users/yolivave/work/Xilinx_SDK_workspace/Top_decoder_parallel-Release@parallel'
"C:\Program Files (x86)\CMake 2.8\bin\cmake.exe" -E cmake_depends "MinGW Makefiles" C:\Users\yolivave\work\orcc-gen\mpeg4Visual\parallel C:\Users\yolivave\work\orcc-gen\mpeg4Visual\parallel\libs\roxml C:\Users\yolivave\work\orcc-gen\mpeg4Visual\parallel C:\Users\yolivave\work\orcc-gen\mpeg4Visual\parallel\libs\roxml C:\Users\yolivave\work\orcc-gen\mpeg4Visual\parallel\libs\roxml\CMakeFiles\roxml.dir\DependInfo.cmake --color=
Scanning dependencies of target roxml
mingw32-make[2]: Leaving directory 'C:/Users/yolivave/work/Xilinx_SDK_workspace/Top_decoder_parallel-Release@parallel'
C:/MinGW/bin/mingw32-make -f libs\roxml\CMakeFiles\roxml.dir\build.make libs/roxml/CMakeFiles/roxml.dir/build
mingw32-make[2]: Entering directory 'C:/Users/yolivave/work/Xilinx_SDK_workspace/Top_decoder_parallel-Release@parallel'
"C:\Program Files (x86)\CMake 2.8\bin\cmake.exe" -E cmake_progress_report C:\Users\yolivave\work\orcc-gen\mpeg4Visual\parallel\CMakeFiles 61
[  1%] Building C object libs/roxml/CMakeFiles/roxml.dir/src/roxml-internal.c.obj
cd /d C:\Users\yolivave\work\orcc-gen\mpeg4Visual\parallel\libs\roxml && C:\MinGW\bin\gcc.exe   -O3 -DNDEBUG @CMakeFiles/roxml.dir/includes_C.rsp   -o CMakeFiles\roxml.dir\src\roxml-internal.c.obj   -c C:\Users\yolivave\work\orcc-gen\mpeg4Visual\parallel\libs\roxml\src\roxml-internal.c
"C:\Program Files (x86)\CMake 2.8\bin\cmake.exe" -E cmake_progress_report C:\Users\yolivave\work\orcc-gen\mpeg4Visual\parallel\CMakeFiles 62
[  3%] Building C object libs/roxml/CMakeFiles/roxml.dir/src/roxml-parse-engine.c.obj
cd /d C:\Users\yolivave\work\orcc-gen\mpeg4Visual\parallel\libs\roxml && C:\MinGW\bin\gcc.exe   -O3 -DNDEBUG @CMakeFiles/roxml.dir/includes_C.rsp   -o CMakeFiles\roxml.dir\src\roxml-parse-engine.c.obj   -c C:\Users\yolivave\work\orcc-gen\mpeg4Visual\parallel\libs\roxml\src\roxml-parse-engine.c
"C:\Program Files (x86)\CMake 2.8\bin\cmake.exe" -E cmake_progress_report C:\Users\yolivave\work\orcc-gen\mpeg4Visual\parallel\CMakeFiles 63
[  4%] Building C object libs/roxml/CMakeFiles/roxml.dir/src/roxml.c.obj
cd /d C:\Users\yolivave\work\orcc-gen\mpeg4Visual\parallel\libs\roxml && C:\MinGW\bin\gcc.exe   -O3 -DNDEBUG @CMakeFiles/roxml.dir/includes_C.rsp   -o CMakeFiles\roxml.dir\src\roxml.c.obj   -c C:\Users\yolivave\work\orcc-gen\mpeg4Visual\parallel\libs\roxml\src\roxml.c
Linking C static library libroxml.a
cd /d C:\Users\yolivave\work\orcc-gen\mpeg4Visual\parallel\libs\roxml && "C:\Program Files (x86)\CMake 2.8\bin\cmake.exe" -P CMakeFiles\roxml.dir\cmake_clean_target.cmake
cd /d C:\Users\yolivave\work\orcc-gen\mpeg4Visual\parallel\libs\roxml && "C:\Program Files (x86)\CMake 2.8\bin\cmake.exe" -E cmake_link_script CMakeFiles\roxml.dir\link.txt --verbose=1
C:\MinGW\bin\ar.exe cr libroxml.a  CMakeFiles/roxml.dir/src/roxml-internal.c.obj CMakeFiles/roxml.dir/src/roxml-parse-engine.c.obj CMakeFiles/roxml.dir/src/roxml.c.obj
C:\MinGW\bin\ranlib.exe libroxml.a
mingw32-make[2]: Leaving directory 'C:/Users/yolivave/work/Xilinx_SDK_workspace/Top_decoder_parallel-Release@parallel'
"C:\Program Files (x86)\CMake 2.8\bin\cmake.exe" -E cmake_progress_report C:\Users\yolivave\work\orcc-gen\mpeg4Visual\parallel\CMakeFiles  61 62 63
[  4%] Built target roxml
C:/MinGW/bin/mingw32-make -f libs\orcc\CMakeFiles\orcc.dir\build.make libs/orcc/CMakeFiles/orcc.dir/depend
mingw32-make[2]: Entering directory 'C:/Users/yolivave/work/Xilinx_SDK_workspace/Top_decoder_parallel-Release@parallel'
"C:\Program Files (x86)\CMake 2.8\bin\cmake.exe" -E cmake_depends "MinGW Makefiles" C:\Users\yolivave\work\orcc-gen\mpeg4Visual\parallel C:\Users\yolivave\work\orcc-gen\mpeg4Visual\parallel\libs\orcc C:\Users\yolivave\work\orcc-gen\mpeg4Visual\parallel C:\Users\yolivave\work\orcc-gen\mpeg4Visual\parallel\libs\orcc C:\Users\yolivave\work\orcc-gen\mpeg4Visual\parallel\libs\orcc\CMakeFiles\orcc.dir\DependInfo.cmake --color=
Scanning dependencies of target orcc
mingw32-make[2]: Leaving directory 'C:/Users/yolivave/work/Xilinx_SDK_workspace/Top_decoder_parallel-Release@parallel'
C:/MinGW/bin/mingw32-make -f libs\orcc\CMakeFiles\orcc.dir\build.make libs/orcc/CMakeFiles/orcc.dir/build
mingw32-make[2]: Entering directory 'C:/Users/yolivave/work/Xilinx_SDK_workspace/Top_decoder_parallel-Release@parallel'
"C:\Program Files (x86)\CMake 2.8\bin\cmake.exe" -E cmake_progress_report C:\Users\yolivave\work\orcc-gen\mpeg4Visual\parallel\CMakeFiles 43
[  6%] Building C object libs/orcc/CMakeFiles/orcc.dir/src/access_file.c.obj
cd /d C:\Users\yolivave\work\orcc-gen\mpeg4Visual\parallel\libs\orcc && C:\MinGW\bin\gcc.exe   -O3 -DNDEBUG @CMakeFiles/orcc.dir/includes_C.rsp   -march=native -o CMakeFiles\orcc.dir\src\access_file.c.obj   -c C:\Users\yolivave\work\orcc-gen\mpeg4Visual\parallel\libs\orcc\src\access_file.c
"C:\Program Files (x86)\CMake 2.8\bin\cmake.exe" -E cmake_progress_report C:\Users\yolivave\work\orcc-gen\mpeg4Visual\parallel\CMakeFiles 44
[  7%] Building C object libs/orcc/CMakeFiles/orcc.dir/src/dataflow.c.obj
cd /d C:\Users\yolivave\work\orcc-gen\mpeg4Visual\parallel\libs\orcc && C:\MinGW\bin\gcc.exe   -O3 -DNDEBUG @CMakeFiles/orcc.dir/includes_C.rsp   -march=native -o CMakeFiles\orcc.dir\src\dataflow.c.obj   -c C:\Users\yolivave\work\orcc-gen\mpeg4Visual\parallel\libs\orcc\src\dataflow.c
"C:\Program Files (x86)\CMake 2.8\bin\cmake.exe" -E cmake_progress_report C:\Users\yolivave\work\orcc-gen\mpeg4Visual\parallel\CMakeFiles 45
[  9%] Building C object libs/orcc/CMakeFiles/orcc.dir/src/options.c.obj
cd /d C:\Users\yolivave\work\orcc-gen\mpeg4Visual\parallel\libs\orcc && C:\MinGW\bin\gcc.exe   -O3 -DNDEBUG @CMakeFiles/orcc.dir/includes_C.rsp   -march=native -o CMakeFiles\orcc.dir\src\options.c.obj   -c C:\Users\yolivave\work\orcc-gen\mpeg4Visual\parallel\libs\orcc\src\options.c
"C:\Program Files (x86)\CMake 2.8\bin\cmake.exe" -E cmake_progress_report C:\Users\yolivave\work\orcc-gen\mpeg4Visual\parallel\CMakeFiles 46
[ 11%] Building C object libs/orcc/CMakeFiles/orcc.dir/src/source.c.obj
cd /d C:\Users\yolivave\work\orcc-gen\mpeg4Visual\parallel\libs\orcc && C:\MinGW\bin\gcc.exe   -O3 -DNDEBUG @CMakeFiles/orcc.dir/includes_C.rsp   -march=native -o CMakeFiles\orcc.dir\src\source.c.obj   -c C:\Users\yolivave\work\orcc-gen\mpeg4Visual\parallel\libs\orcc\src\source.c
C:\Users\yolivave\work\orcc-gen\mpeg4Visual\parallel\libs\orcc\src\source.c: In function 'source_open':
C:\Users\yolivave\work\orcc-gen\mpeg4Visual\parallel\libs\orcc\src\source.c:129:9: warning: cast from pointer to integer of different size [-Wpointer-to-int-cast]
  return (long long)file;
         ^
C:\Users\yolivave\work\orcc-gen\mpeg4Visual\parallel\libs\orcc\src\source.c: In function 'source_sizeOfFileFd':
C:\Users\yolivave\work\orcc-gen\mpeg4Visual\parallel\libs\orcc\src\source.c:154:13: warning: cast to pointer from integer of different size [-Wint-to-pointer-cast]
  FILE* fd = (FILE*) fdVal;
             ^
C:\Users\yolivave\work\orcc-gen\mpeg4Visual\parallel\libs\orcc\src\source.c: In function 'source_rewindFd':
C:\Users\yolivave\work\orcc-gen\mpeg4Visual\parallel\libs\orcc\src\source.c:171:13: warning: cast to pointer from integer of different size [-Wint-to-pointer-cast]
  FILE* fd = (FILE*) fdVal;
             ^
C:\Users\yolivave\work\orcc-gen\mpeg4Visual\parallel\libs\orcc\src\source.c: In function 'source_closeFd':
C:\Users\yolivave\work\orcc-gen\mpeg4Visual\parallel\libs\orcc\src\source.c:184:13: warning: cast to pointer from integer of different size [-Wint-to-pointer-cast]
  FILE* fd = (FILE*) fdVal;
             ^
C:\Users\yolivave\work\orcc-gen\mpeg4Visual\parallel\libs\orcc\src\source.c: In function 'source_readNBytesFd':
C:\Users\yolivave\work\orcc-gen\mpeg4Visual\parallel\libs\orcc\src\source.c:221:13: warning: cast to pointer from integer of different size [-Wint-to-pointer-cast]
  FILE* fd = (FILE*) fdVal;
             ^
"C:\Program Files (x86)\CMake 2.8\bin\cmake.exe" -E cmake_progress_report C:\Users\yolivave\work\orcc-gen\mpeg4Visual\parallel\CMakeFiles 47
[ 12%] Building C object libs/orcc/CMakeFiles/orcc.dir/src/trace.c.obj
cd /d C:\Users\yolivave\work\orcc-gen\mpeg4Visual\parallel\libs\orcc && C:\MinGW\bin\gcc.exe   -O3 -DNDEBUG @CMakeFiles/orcc.dir/includes_C.rsp   -march=native -o CMakeFiles\orcc.dir\src\trace.c.obj   -c C:\Users\yolivave\work\orcc-gen\mpeg4Visual\parallel\libs\orcc\src\trace.c
"C:\Program Files (x86)\CMake 2.8\bin\cmake.exe" -E cmake_progress_report C:\Users\yolivave\work\orcc-gen\mpeg4Visual\parallel\CMakeFiles 48
[ 14%] Building C object libs/orcc/CMakeFiles/orcc.dir/src/util.c.obj
cd /d C:\Users\yolivave\work\orcc-gen\mpeg4Visual\parallel\libs\orcc && C:\MinGW\bin\gcc.exe   -O3 -DNDEBUG @CMakeFiles/orcc.dir/includes_C.rsp   -march=native -o CMakeFiles\orcc.dir\src\util.c.obj   -c C:\Users\yolivave\work\orcc-gen\mpeg4Visual\parallel\libs\orcc\src\util.c
"C:\Program Files (x86)\CMake 2.8\bin\cmake.exe" -E cmake_progress_report C:\Users\yolivave\work\orcc-gen\mpeg4Visual\parallel\CMakeFiles 49
[ 15%] Building C object libs/orcc/CMakeFiles/orcc.dir/src/writer.c.obj
cd /d C:\Users\yolivave\work\orcc-gen\mpeg4Visual\parallel\libs\orcc && C:\MinGW\bin\gcc.exe   -O3 -DNDEBUG @CMakeFiles/orcc.dir/includes_C.rsp   -march=native -o CMakeFiles\orcc.dir\src\writer.c.obj   -c C:\Users\yolivave\work\orcc-gen\mpeg4Visual\parallel\libs\orcc\src\writer.c
"C:\Program Files (x86)\CMake 2.8\bin\cmake.exe" -E cmake_progress_report C:\Users\yolivave\work\orcc-gen\mpeg4Visual\parallel\CMakeFiles 50
[ 17%] Building C object libs/orcc/CMakeFiles/orcc.dir/src/audio.c.obj
cd /d C:\Users\yolivave\work\orcc-gen\mpeg4Visual\parallel\libs\orcc && C:\MinGW\bin\gcc.exe   -O3 -DNDEBUG @CMakeFiles/orcc.dir/includes_C.rsp   -march=native -o CMakeFiles\orcc.dir\src\audio.c.obj   -c C:\Users\yolivave\work\orcc-gen\mpeg4Visual\parallel\libs\orcc\src\audio.c
"C:\Program Files (x86)\CMake 2.8\bin\cmake.exe" -E cmake_progress_report C:\Users\yolivave\work\orcc-gen\mpeg4Visual\parallel\CMakeFiles 51
[ 19%] Building C object libs/orcc/CMakeFiles/orcc.dir/src/compare.c.obj
cd /d C:\Users\yolivave\work\orcc-gen\mpeg4Visual\parallel\libs\orcc && C:\MinGW\bin\gcc.exe   -O3 -DNDEBUG @CMakeFiles/orcc.dir/includes_C.rsp   -march=native -o CMakeFiles\orcc.dir\src\compare.c.obj   -c C:\Users\yolivave\work\orcc-gen\mpeg4Visual\parallel\libs\orcc\src\compare.c
"C:\Program Files (x86)\CMake 2.8\bin\cmake.exe" -E cmake_progress_report C:\Users\yolivave\work\orcc-gen\mpeg4Visual\parallel\CMakeFiles 52
[ 20%] Building C object libs/orcc/CMakeFiles/orcc.dir/src/compareyuv.c.obj
cd /d C:\Users\yolivave\work\orcc-gen\mpeg4Visual\parallel\libs\orcc && C:\MinGW\bin\gcc.exe   -O3 -DNDEBUG @CMakeFiles/orcc.dir/includes_C.rsp   -march=native -o CMakeFiles\orcc.dir\src\compareyuv.c.obj   -c C:\Users\yolivave\work\orcc-gen\mpeg4Visual\parallel\libs\orcc\src\compareyuv.c
"C:\Program Files (x86)\CMake 2.8\bin\cmake.exe" -E cmake_progress_report C:\Users\yolivave\work\orcc-gen\mpeg4Visual\parallel\CMakeFiles 53
[ 22%] Building C object libs/orcc/CMakeFiles/orcc.dir/src/fps_print.c.obj
cd /d C:\Users\yolivave\work\orcc-gen\mpeg4Visual\parallel\libs\orcc && C:\MinGW\bin\gcc.exe   -O3 -DNDEBUG @CMakeFiles/orcc.dir/includes_C.rsp   -march=native -o CMakeFiles\orcc.dir\src\fps_print.c.obj   -c C:\Users\yolivave\work\orcc-gen\mpeg4Visual\parallel\libs\orcc\src\fps_print.c
"C:\Program Files (x86)\CMake 2.8\bin\cmake.exe" -E cmake_progress_report C:\Users\yolivave\work\orcc-gen\mpeg4Visual\parallel\CMakeFiles 54
[ 23%] Building C object libs/orcc/CMakeFiles/orcc.dir/src/graph.c.obj
cd /d C:\Users\yolivave\work\orcc-gen\mpeg4Visual\parallel\libs\orcc && C:\MinGW\bin\gcc.exe   -O3 -DNDEBUG @CMakeFiles/orcc.dir/includes_C.rsp   -march=native -o CMakeFiles\orcc.dir\src\graph.c.obj   -c C:\Users\yolivave\work\orcc-gen\mpeg4Visual\parallel\libs\orcc\src\graph.c
"C:\Program Files (x86)\CMake 2.8\bin\cmake.exe" -E cmake_progress_report C:\Users\yolivave\work\orcc-gen\mpeg4Visual\parallel\CMakeFiles 55
[ 25%] Building C object libs/orcc/CMakeFiles/orcc.dir/src/getopt.c.obj
cd /d C:\Users\yolivave\work\orcc-gen\mpeg4Visual\parallel\libs\orcc && C:\MinGW\bin\gcc.exe   -O3 -DNDEBUG @CMakeFiles/orcc.dir/includes_C.rsp   -march=native -o CMakeFiles\orcc.dir\src\getopt.c.obj   -c C:\Users\yolivave\work\orcc-gen\mpeg4Visual\parallel\libs\orcc\src\getopt.c
"C:\Program Files (x86)\CMake 2.8\bin\cmake.exe" -E cmake_progress_report C:\Users\yolivave\work\orcc-gen\mpeg4Visual\parallel\CMakeFiles 56
[ 26%] Building C object libs/orcc/CMakeFiles/orcc.dir/src/mapping.c.obj
cd /d C:\Users\yolivave\work\orcc-gen\mpeg4Visual\parallel\libs\orcc && C:\MinGW\bin\gcc.exe   -O3 -DNDEBUG @CMakeFiles/orcc.dir/includes_C.rsp   -march=native -o CMakeFiles\orcc.dir\src\mapping.c.obj   -c C:\Users\yolivave\work\orcc-gen\mpeg4Visual\parallel\libs\orcc\src\mapping.c
"C:\Program Files (x86)\CMake 2.8\bin\cmake.exe" -E cmake_progress_report C:\Users\yolivave\work\orcc-gen\mpeg4Visual\parallel\CMakeFiles 57
[ 28%] Building C object libs/orcc/CMakeFiles/orcc.dir/src/scheduler.c.obj
cd /d C:\Users\yolivave\work\orcc-gen\mpeg4Visual\parallel\libs\orcc && C:\MinGW\bin\gcc.exe   -O3 -DNDEBUG @CMakeFiles/orcc.dir/includes_C.rsp   -march=native -o CMakeFiles\orcc.dir\src\scheduler.c.obj   -c C:\Users\yolivave\work\orcc-gen\mpeg4Visual\parallel\libs\orcc\src\scheduler.c
"C:\Program Files (x86)\CMake 2.8\bin\cmake.exe" -E cmake_progress_report C:\Users\yolivave\work\orcc-gen\mpeg4Visual\parallel\CMakeFiles 58
[ 30%] Building C object libs/orcc/CMakeFiles/orcc.dir/src/serialize.c.obj
cd /d C:\Users\yolivave\work\orcc-gen\mpeg4Visual\parallel\libs\orcc && C:\MinGW\bin\gcc.exe   -O3 -DNDEBUG @CMakeFiles/orcc.dir/includes_C.rsp   -march=native -o CMakeFiles\orcc.dir\src\serialize.c.obj   -c C:\Users\yolivave\work\orcc-gen\mpeg4Visual\parallel\libs\orcc\src\serialize.c
"C:\Program Files (x86)\CMake 2.8\bin\cmake.exe" -E cmake_progress_report C:\Users\yolivave\work\orcc-gen\mpeg4Visual\parallel\CMakeFiles 59
[ 31%] Building C object libs/orcc/CMakeFiles/orcc.dir/src/thread.c.obj
cd /d C:\Users\yolivave\work\orcc-gen\mpeg4Visual\parallel\libs\orcc && C:\MinGW\bin\gcc.exe   -O3 -DNDEBUG @CMakeFiles/orcc.dir/includes_C.rsp   -march=native -o CMakeFiles\orcc.dir\src\thread.c.obj   -c C:\Users\yolivave\work\orcc-gen\mpeg4Visual\parallel\libs\orcc\src\thread.c
"C:\Program Files (x86)\CMake 2.8\bin\cmake.exe" -E cmake_progress_report C:\Users\yolivave\work\orcc-gen\mpeg4Visual\parallel\CMakeFiles 60
[ 33%] Building C object libs/orcc/CMakeFiles/orcc.dir/src/display_sdl.c.obj
cd /d C:\Users\yolivave\work\orcc-gen\mpeg4Visual\parallel\libs\orcc && C:\MinGW\bin\gcc.exe   -O3 -DNDEBUG @CMakeFiles/orcc.dir/includes_C.rsp   -march=native -o CMakeFiles\orcc.dir\src\display_sdl.c.obj   -c C:\Users\yolivave\work\orcc-gen\mpeg4Visual\parallel\libs\orcc\src\display_sdl.c
Linking C static library liborcc.a
cd /d C:\Users\yolivave\work\orcc-gen\mpeg4Visual\parallel\libs\orcc && "C:\Program Files (x86)\CMake 2.8\bin\cmake.exe" -P CMakeFiles\orcc.dir\cmake_clean_target.cmake
cd /d C:\Users\yolivave\work\orcc-gen\mpeg4Visual\parallel\libs\orcc && "C:\Program Files (x86)\CMake 2.8\bin\cmake.exe" -E cmake_link_script CMakeFiles\orcc.dir\link.txt --verbose=1
C:\MinGW\bin\ar.exe cr liborcc.a  CMakeFiles/orcc.dir/src/access_file.c.obj CMakeFiles/orcc.dir/src/dataflow.c.obj CMakeFiles/orcc.dir/src/options.c.obj CMakeFiles/orcc.dir/src/source.c.obj CMakeFiles/orcc.dir/src/trace.c.obj CMakeFiles/orcc.dir/src/util.c.obj CMakeFiles/orcc.dir/src/writer.c.obj CMakeFiles/orcc.dir/src/audio.c.obj CMakeFiles/orcc.dir/src/compare.c.obj CMakeFiles/orcc.dir/src/compareyuv.c.obj CMakeFiles/orcc.dir/src/fps_print.c.obj CMakeFiles/orcc.dir/src/graph.c.obj CMakeFiles/orcc.dir/src/getopt.c.obj CMakeFiles/orcc.dir/src/mapping.c.obj CMakeFiles/orcc.dir/src/scheduler.c.obj CMakeFiles/orcc.dir/src/serialize.c.obj CMakeFiles/orcc.dir/src/thread.c.obj CMakeFiles/orcc.dir/src/display_sdl.c.obj
C:\MinGW\bin\ranlib.exe liborcc.a
mingw32-make[2]: Leaving directory 'C:/Users/yolivave/work/Xilinx_SDK_workspace/Top_decoder_parallel-Release@parallel'
"C:\Program Files (x86)\CMake 2.8\bin\cmake.exe" -E cmake_progress_report C:\Users\yolivave\work\orcc-gen\mpeg4Visual\parallel\CMakeFiles  43 44 45 46 47 48 49 50 51 52 53 54 55 56 57 58 59 60
[ 33%] Built target orcc
C:/MinGW/bin/mingw32-make -f src\CMakeFiles\Top_decoder_parallel.dir\build.make src/CMakeFiles/Top_decoder_parallel.dir/depend
mingw32-make[2]: Entering directory 'C:/Users/yolivave/work/Xilinx_SDK_workspace/Top_decoder_parallel-Release@parallel'
"C:\Program Files (x86)\CMake 2.8\bin\cmake.exe" -E cmake_depends "MinGW Makefiles" C:\Users\yolivave\work\orcc-gen\mpeg4Visual\parallel C:\Users\yolivave\work\orcc-gen\mpeg4Visual\parallel\src C:\Users\yolivave\work\orcc-gen\mpeg4Visual\parallel C:\Users\yolivave\work\orcc-gen\mpeg4Visual\parallel\src C:\Users\yolivave\work\orcc-gen\mpeg4Visual\parallel\src\CMakeFiles\Top_decoder_parallel.dir\DependInfo.cmake --color=
Scanning dependencies of target Top_decoder_parallel
mingw32-make[2]: Leaving directory 'C:/Users/yolivave/work/Xilinx_SDK_workspace/Top_decoder_parallel-Release@parallel'
C:/MinGW/bin/mingw32-make -f src\CMakeFiles\Top_decoder_parallel.dir\build.make src/CMakeFiles/Top_decoder_parallel.dir/build
mingw32-make[2]: Entering directory 'C:/Users/yolivave/work/Xilinx_SDK_workspace/Top_decoder_parallel-Release@parallel'
"C:\Program Files (x86)\CMake 2.8\bin\cmake.exe" -E cmake_progress_report C:\Users\yolivave\work\orcc-gen\mpeg4Visual\parallel\CMakeFiles 1
[ 34%] Building C object src/CMakeFiles/Top_decoder_parallel.dir/Top_decoder_parallel.c.obj
cd /d C:\Users\yolivave\work\orcc-gen\mpeg4Visual\parallel\src && C:\MinGW\bin\gcc.exe   -O3 -DNDEBUG @CMakeFiles/Top_decoder_parallel.dir/includes_C.rsp   -march=native -o CMakeFiles\Top_decoder_parallel.dir\Top_decoder_parallel.c.obj   -c C:\Users\yolivave\work\orcc-gen\mpeg4Visual\parallel\src\Top_decoder_parallel.c
"C:\Program Files (x86)\CMake 2.8\bin\cmake.exe" -E cmake_progress_report C:\Users\yolivave\work\orcc-gen\mpeg4Visual\parallel\CMakeFiles 2
[ 36%] Building C object src/CMakeFiles/Top_decoder_parallel.dir/source.c.obj
cd /d C:\Users\yolivave\work\orcc-gen\mpeg4Visual\parallel\src && C:\MinGW\bin\gcc.exe   -O3 -DNDEBUG @CMakeFiles/Top_decoder_parallel.dir/includes_C.rsp   -march=native -o CMakeFiles\Top_decoder_parallel.dir\source.c.obj   -c C:\Users\yolivave\work\orcc-gen\mpeg4Visual\parallel\src\source.c
"C:\Program Files (x86)\CMake 2.8\bin\cmake.exe" -E cmake_progress_report C:\Users\yolivave\work\orcc-gen\mpeg4Visual\parallel\CMakeFiles 3
[ 38%] Building C object src/CMakeFiles/Top_decoder_parallel.dir/display.c.obj
cd /d C:\Users\yolivave\work\orcc-gen\mpeg4Visual\parallel\src && C:\MinGW\bin\gcc.exe   -O3 -DNDEBUG @CMakeFiles/Top_decoder_parallel.dir/includes_C.rsp   -march=native -o CMakeFiles\Top_decoder_parallel.dir\display.c.obj   -c C:\Users\yolivave\work\orcc-gen\mpeg4Visual\parallel\src\display.c
"C:\Program Files (x86)\CMake 2.8\bin\cmake.exe" -E cmake_progress_report C:\Users\yolivave\work\orcc-gen\mpeg4Visual\parallel\CMakeFiles 4
[ 39%] Building C object src/CMakeFiles/Top_decoder_parallel.dir/decoder_Merger420.c.obj
cd /d C:\Users\yolivave\work\orcc-gen\mpeg4Visual\parallel\src && C:\MinGW\bin\gcc.exe   -O3 -DNDEBUG @CMakeFiles/Top_decoder_parallel.dir/includes_C.rsp   -march=native -o CMakeFiles\Top_decoder_parallel.dir\decoder_Merger420.c.obj   -c C:\Users\yolivave\work\orcc-gen\mpeg4Visual\parallel\src\decoder_Merger420.c
"C:\Program Files (x86)\CMake 2.8\bin\cmake.exe" -E cmake_progress_report C:\Users\yolivave\work\orcc-gen\mpeg4Visual\parallel\CMakeFiles 5
[ 41%] Building C object src/CMakeFiles/Top_decoder_parallel.dir/decoder_parser_parseheaders.c.obj
cd /d C:\Users\yolivave\work\orcc-gen\mpeg4Visual\parallel\src && C:\MinGW\bin\gcc.exe   -O3 -DNDEBUG @CMakeFiles/Top_decoder_parallel.dir/includes_C.rsp   -march=native -o CMakeFiles\Top_decoder_parallel.dir\decoder_parser_parseheaders.c.obj   -c C:\Users\yolivave\work\orcc-gen\mpeg4Visual\parallel\src\decoder_parser_parseheaders.c
"C:\Program Files (x86)\CMake 2.8\bin\cmake.exe" -E cmake_progress_report C:\Users\yolivave\work\orcc-gen\mpeg4Visual\parallel\CMakeFiles 6
[ 42%] Building C object src/CMakeFiles/Top_decoder_parallel.dir/decoder_parser_mvseq.c.obj
cd /d C:\Users\yolivave\work\orcc-gen\mpeg4Visual\parallel\src && C:\MinGW\bin\gcc.exe   -O3 -DNDEBUG @CMakeFiles/Top_decoder_parallel.dir/includes_C.rsp   -march=native -o CMakeFiles\Top_decoder_parallel.dir\decoder_parser_mvseq.c.obj   -c C:\Users\yolivave\work\orcc-gen\mpeg4Visual\parallel\src\decoder_parser_mvseq.c
"C:\Program Files (x86)\CMake 2.8\bin\cmake.exe" -E cmake_progress_report C:\Users\yolivave\work\orcc-gen\mpeg4Visual\parallel\CMakeFiles 7
[ 44%] Building C object src/CMakeFiles/Top_decoder_parallel.dir/decoder_parser_blkexp.c.obj
cd /d C:\Users\yolivave\work\orcc-gen\mpeg4Visual\parallel\src && C:\MinGW\bin\gcc.exe   -O3 -DNDEBUG @CMakeFiles/Top_decoder_parallel.dir/includes_C.rsp   -march=native -o CMakeFiles\Top_decoder_parallel.dir\decoder_parser_blkexp.c.obj   -c C:\Users\yolivave\work\orcc-gen\mpeg4Visual\parallel\src\decoder_parser_blkexp.c
"C:\Program Files (x86)\CMake 2.8\bin\cmake.exe" -E cmake_progress_report C:\Users\yolivave\work\orcc-gen\mpeg4Visual\parallel\CMakeFiles 8
[ 46%] Building C object src/CMakeFiles/Top_decoder_parallel.dir/decoder_parser_mvrecon.c.obj
cd /d C:\Users\yolivave\work\orcc-gen\mpeg4Visual\parallel\src && C:\MinGW\bin\gcc.exe   -O3 -DNDEBUG @CMakeFiles/Top_decoder_parallel.dir/includes_C.rsp   -march=native -o CMakeFiles\Top_decoder_parallel.dir\decoder_parser_mvrecon.c.obj   -c C:\Users\yolivave\work\orcc-gen\mpeg4Visual\parallel\src\decoder_parser_mvrecon.c
"C:\Program Files (x86)\CMake 2.8\bin\cmake.exe" -E cmake_progress_report C:\Users\yolivave\work\orcc-gen\mpeg4Visual\parallel\CMakeFiles 9
[ 47%] Building C object src/CMakeFiles/Top_decoder_parallel.dir/decoder_parser_splitter_BTYPE.c.obj
cd /d C:\Users\yolivave\work\orcc-gen\mpeg4Visual\parallel\src && C:\MinGW\bin\gcc.exe   -O3 -DNDEBUG @CMakeFiles/Top_decoder_parallel.dir/includes_C.rsp   -march=native -o CMakeFiles\Top_decoder_parallel.dir\decoder_parser_splitter_BTYPE.c.obj   -c C:\Users\yolivave\work\orcc-gen\mpeg4Visual\parallel\src\decoder_parser_splitter_BTYPE.c
"C:\Program Files (x86)\CMake 2.8\bin\cmake.exe" -E cmake_progress_report C:\Users\yolivave\work\orcc-gen\mpeg4Visual\parallel\CMakeFiles 10
[ 49%] Building C object src/CMakeFiles/Top_decoder_parallel.dir/decoder_parser_splitter_MV.c.obj
cd /d C:\Users\yolivave\work\orcc-gen\mpeg4Visual\parallel\src && C:\MinGW\bin\gcc.exe   -O3 -DNDEBUG @CMakeFiles/Top_decoder_parallel.dir/includes_C.rsp   -march=native -o CMakeFiles\Top_decoder_parallel.dir\decoder_parser_splitter_MV.c.obj   -c C:\Users\yolivave\work\orcc-gen\mpeg4Visual\parallel\src\decoder_parser_splitter_MV.c
"C:\Program Files (x86)\CMake 2.8\bin\cmake.exe" -E cmake_progress_report C:\Users\yolivave\work\orcc-gen\mpeg4Visual\parallel\CMakeFiles 11
[ 50%] Building C object src/CMakeFiles/Top_decoder_parallel.dir/decoder_parser_splitter_420_B.c.obj
cd /d C:\Users\yolivave\work\orcc-gen\mpeg4Visual\parallel\src && C:\MinGW\bin\gcc.exe   -O3 -DNDEBUG @CMakeFiles/Top_decoder_parallel.dir/includes_C.rsp   -march=native -o CMakeFiles\Top_decoder_parallel.dir\decoder_parser_splitter_420_B.c.obj   -c C:\Users\yolivave\work\orcc-gen\mpeg4Visual\parallel\src\decoder_parser_splitter_420_B.c
"C:\Program Files (x86)\CMake 2.8\bin\cmake.exe" -E cmake_progress_report C:\Users\yolivave\work\orcc-gen\mpeg4Visual\parallel\CMakeFiles 12
[ 52%] Building C object src/CMakeFiles/Top_decoder_parallel.dir/decoder_parser_splitter_Qp.c.obj
cd /d C:\Users\yolivave\work\orcc-gen\mpeg4Visual\parallel\src && C:\MinGW\bin\gcc.exe   -O3 -DNDEBUG @CMakeFiles/Top_decoder_parallel.dir/includes_C.rsp   -march=native -o CMakeFiles\Top_decoder_parallel.dir\decoder_parser_splitter_Qp.c.obj   -c C:\Users\yolivave\work\orcc-gen\mpeg4Visual\parallel\src\decoder_parser_splitter_Qp.c
"C:\Program Files (x86)\CMake 2.8\bin\cmake.exe" -E cmake_progress_report C:\Users\yolivave\work\orcc-gen\mpeg4Visual\parallel\CMakeFiles 13
[ 53%] Building C object src/CMakeFiles/Top_decoder_parallel.dir/decoder_texture_Y_DCsplit.c.obj
cd /d C:\Users\yolivave\work\orcc-gen\mpeg4Visual\parallel\src && C:\MinGW\bin\gcc.exe   -O3 -DNDEBUG @CMakeFiles/Top_decoder_parallel.dir/includes_C.rsp   -march=native -o CMakeFiles\Top_decoder_parallel.dir\decoder_texture_Y_DCsplit.c.obj   -c C:\Users\yolivave\work\orcc-gen\mpeg4Visual\parallel\src\decoder_texture_Y_DCsplit.c
"C:\Program Files (x86)\CMake 2.8\bin\cmake.exe" -E cmake_progress_report C:\Users\yolivave\work\orcc-gen\mpeg4Visual\parallel\CMakeFiles 14
[ 55%] Building C object src/CMakeFiles/Top_decoder_parallel.dir/decoder_texture_Y_IS.c.obj
cd /d C:\Users\yolivave\work\orcc-gen\mpeg4Visual\parallel\src && C:\MinGW\bin\gcc.exe   -O3 -DNDEBUG @CMakeFiles/Top_decoder_parallel.dir/includes_C.rsp   -march=native -o CMakeFiles\Top_decoder_parallel.dir\decoder_texture_Y_IS.c.obj   -c C:\Users\yolivave\work\orcc-gen\mpeg4Visual\parallel\src\decoder_texture_Y_IS.c
"C:\Program Files (x86)\CMake 2.8\bin\cmake.exe" -E cmake_progress_report C:\Users\yolivave\work\orcc-gen\mpeg4Visual\parallel\CMakeFiles 15
[ 57%] Building C object src/CMakeFiles/Top_decoder_parallel.dir/decoder_texture_Y_IAP.c.obj
cd /d C:\Users\yolivave\work\orcc-gen\mpeg4Visual\parallel\src && C:\MinGW\bin\gcc.exe   -O3 -DNDEBUG @CMakeFiles/Top_decoder_parallel.dir/includes_C.rsp   -march=native -o CMakeFiles\Top_decoder_parallel.dir\decoder_texture_Y_IAP.c.obj   -c C:\Users\yolivave\work\orcc-gen\mpeg4Visual\parallel\src\decoder_texture_Y_IAP.c
"C:\Program Files (x86)\CMake 2.8\bin\cmake.exe" -E cmake_progress_report C:\Users\yolivave\work\orcc-gen\mpeg4Visual\parallel\CMakeFiles 16
[ 58%] Building C object src/CMakeFiles/Top_decoder_parallel.dir/decoder_texture_Y_IQ.c.obj
cd /d C:\Users\yolivave\work\orcc-gen\mpeg4Visual\parallel\src && C:\MinGW\bin\gcc.exe   -O3 -DNDEBUG @CMakeFiles/Top_decoder_parallel.dir/includes_C.rsp   -march=native -o CMakeFiles\Top_decoder_parallel.dir\decoder_texture_Y_IQ.c.obj   -c C:\Users\yolivave\work\orcc-gen\mpeg4Visual\parallel\src\decoder_texture_Y_IQ.c
"C:\Program Files (x86)\CMake 2.8\bin\cmake.exe" -E cmake_progress_report C:\Users\yolivave\work\orcc-gen\mpeg4Visual\parallel\CMakeFiles 17
[ 60%] Building C object src/CMakeFiles/Top_decoder_parallel.dir/decoder_texture_Y_idct2d.c.obj
cd /d C:\Users\yolivave\work\orcc-gen\mpeg4Visual\parallel\src && C:\MinGW\bin\gcc.exe   -O3 -DNDEBUG @CMakeFiles/Top_decoder_parallel.dir/includes_C.rsp   -march=native -o CMakeFiles\Top_decoder_parallel.dir\decoder_texture_Y_idct2d.c.obj   -c C:\Users\yolivave\work\orcc-gen\mpeg4Visual\parallel\src\decoder_texture_Y_idct2d.c
"C:\Program Files (x86)\CMake 2.8\bin\cmake.exe" -E cmake_progress_report C:\Users\yolivave\work\orcc-gen\mpeg4Visual\parallel\CMakeFiles 18
[ 61%] Building C object src/CMakeFiles/Top_decoder_parallel.dir/decoder_texture_Y_DCRecontruction_addressing.c.obj
cd /d C:\Users\yolivave\work\orcc-gen\mpeg4Visual\parallel\src && C:\MinGW\bin\gcc.exe   -O3 -DNDEBUG @CMakeFiles/Top_decoder_parallel.dir/includes_C.rsp   -march=native -o CMakeFiles\Top_decoder_parallel.dir\decoder_texture_Y_DCRecontruction_addressing.c.obj   -c C:\Users\yolivave\work\orcc-gen\mpeg4Visual\parallel\src\decoder_texture_Y_DCRecontruction_addressing.c
"C:\Program Files (x86)\CMake 2.8\bin\cmake.exe" -E cmake_progress_report C:\Users\yolivave\work\orcc-gen\mpeg4Visual\parallel\CMakeFiles 19
[ 63%] Building C object src/CMakeFiles/Top_decoder_parallel.dir/decoder_texture_Y_DCRecontruction_invpred.c.obj
cd /d C:\Users\yolivave\work\orcc-gen\mpeg4Visual\parallel\src && C:\MinGW\bin\gcc.exe   -O3 -DNDEBUG @CMakeFiles/Top_decoder_parallel.dir/includes_C.rsp   -march=native -o CMakeFiles\Top_decoder_parallel.dir\decoder_texture_Y_DCRecontruction_invpred.c.obj   -c C:\Users\yolivave\work\orcc-gen\mpeg4Visual\parallel\src\decoder_texture_Y_DCRecontruction_invpred.c
"C:\Program Files (x86)\CMake 2.8\bin\cmake.exe" -E cmake_progress_report C:\Users\yolivave\work\orcc-gen\mpeg4Visual\parallel\CMakeFiles 20
[ 65%] Building C object src/CMakeFiles/Top_decoder_parallel.dir/decoder_texture_U_DCsplit.c.obj
cd /d C:\Users\yolivave\work\orcc-gen\mpeg4Visual\parallel\src && C:\MinGW\bin\gcc.exe   -O3 -DNDEBUG @CMakeFiles/Top_decoder_parallel.dir/includes_C.rsp   -march=native -o CMakeFiles\Top_decoder_parallel.dir\decoder_texture_U_DCsplit.c.obj   -c C:\Users\yolivave\work\orcc-gen\mpeg4Visual\parallel\src\decoder_texture_U_DCsplit.c
"C:\Program Files (x86)\CMake 2.8\bin\cmake.exe" -E cmake_progress_report C:\Users\yolivave\work\orcc-gen\mpeg4Visual\parallel\CMakeFiles 21
[ 66%] Building C object src/CMakeFiles/Top_decoder_parallel.dir/decoder_texture_U_IS.c.obj
cd /d C:\Users\yolivave\work\orcc-gen\mpeg4Visual\parallel\src && C:\MinGW\bin\gcc.exe   -O3 -DNDEBUG @CMakeFiles/Top_decoder_parallel.dir/includes_C.rsp   -march=native -o CMakeFiles\Top_decoder_parallel.dir\decoder_texture_U_IS.c.obj   -c C:\Users\yolivave\work\orcc-gen\mpeg4Visual\parallel\src\decoder_texture_U_IS.c
"C:\Program Files (x86)\CMake 2.8\bin\cmake.exe" -E cmake_progress_report C:\Users\yolivave\work\orcc-gen\mpeg4Visual\parallel\CMakeFiles 22
[ 68%] Building C object src/CMakeFiles/Top_decoder_parallel.dir/decoder_texture_U_IAP.c.obj
cd /d C:\Users\yolivave\work\orcc-gen\mpeg4Visual\parallel\src && C:\MinGW\bin\gcc.exe   -O3 -DNDEBUG @CMakeFiles/Top_decoder_parallel.dir/includes_C.rsp   -march=native -o CMakeFiles\Top_decoder_parallel.dir\decoder_texture_U_IAP.c.obj   -c C:\Users\yolivave\work\orcc-gen\mpeg4Visual\parallel\src\decoder_texture_U_IAP.c
"C:\Program Files (x86)\CMake 2.8\bin\cmake.exe" -E cmake_progress_report C:\Users\yolivave\work\orcc-gen\mpeg4Visual\parallel\CMakeFiles 23
[ 69%] Building C object src/CMakeFiles/Top_decoder_parallel.dir/decoder_texture_U_IQ.c.obj
cd /d C:\Users\yolivave\work\orcc-gen\mpeg4Visual\parallel\src && C:\MinGW\bin\gcc.exe   -O3 -DNDEBUG @CMakeFiles/Top_decoder_parallel.dir/includes_C.rsp   -march=native -o CMakeFiles\Top_decoder_parallel.dir\decoder_texture_U_IQ.c.obj   -c C:\Users\yolivave\work\orcc-gen\mpeg4Visual\parallel\src\decoder_texture_U_IQ.c
"C:\Program Files (x86)\CMake 2.8\bin\cmake.exe" -E cmake_progress_report C:\Users\yolivave\work\orcc-gen\mpeg4Visual\parallel\CMakeFiles 24
[ 71%] Building C object src/CMakeFiles/Top_decoder_parallel.dir/decoder_texture_U_idct2d.c.obj
cd /d C:\Users\yolivave\work\orcc-gen\mpeg4Visual\parallel\src && C:\MinGW\bin\gcc.exe   -O3 -DNDEBUG @CMakeFiles/Top_decoder_parallel.dir/includes_C.rsp   -march=native -o CMakeFiles\Top_decoder_parallel.dir\decoder_texture_U_idct2d.c.obj   -c C:\Users\yolivave\work\orcc-gen\mpeg4Visual\parallel\src\decoder_texture_U_idct2d.c
"C:\Program Files (x86)\CMake 2.8\bin\cmake.exe" -E cmake_progress_report C:\Users\yolivave\work\orcc-gen\mpeg4Visual\parallel\CMakeFiles 25
[ 73%] Building C object src/CMakeFiles/Top_decoder_parallel.dir/decoder_texture_U_DCRecontruction_addressing.c.obj
cd /d C:\Users\yolivave\work\orcc-gen\mpeg4Visual\parallel\src && C:\MinGW\bin\gcc.exe   -O3 -DNDEBUG @CMakeFiles/Top_decoder_parallel.dir/includes_C.rsp   -march=native -o CMakeFiles\Top_decoder_parallel.dir\decoder_texture_U_DCRecontruction_addressing.c.obj   -c C:\Users\yolivave\work\orcc-gen\mpeg4Visual\parallel\src\decoder_texture_U_DCRecontruction_addressing.c
"C:\Program Files (x86)\CMake 2.8\bin\cmake.exe" -E cmake_progress_report C:\Users\yolivave\work\orcc-gen\mpeg4Visual\parallel\CMakeFiles 26
[ 74%] Building C object src/CMakeFiles/Top_decoder_parallel.dir/decoder_texture_U_DCRecontruction_invpred.c.obj
cd /d C:\Users\yolivave\work\orcc-gen\mpeg4Visual\parallel\src && C:\MinGW\bin\gcc.exe   -O3 -DNDEBUG @CMakeFiles/Top_decoder_parallel.dir/includes_C.rsp   -march=native -o CMakeFiles\Top_decoder_parallel.dir\decoder_texture_U_DCRecontruction_invpred.c.obj   -c C:\Users\yolivave\work\orcc-gen\mpeg4Visual\parallel\src\decoder_texture_U_DCRecontruction_invpred.c
"C:\Program Files (x86)\CMake 2.8\bin\cmake.exe" -E cmake_progress_report C:\Users\yolivave\work\orcc-gen\mpeg4Visual\parallel\CMakeFiles 27
[ 76%] Building C object src/CMakeFiles/Top_decoder_parallel.dir/decoder_texture_V_DCsplit.c.obj
cd /d C:\Users\yolivave\work\orcc-gen\mpeg4Visual\parallel\src && C:\MinGW\bin\gcc.exe   -O3 -DNDEBUG @CMakeFiles/Top_decoder_parallel.dir/includes_C.rsp   -march=native -o CMakeFiles\Top_decoder_parallel.dir\decoder_texture_V_DCsplit.c.obj   -c C:\Users\yolivave\work\orcc-gen\mpeg4Visual\parallel\src\decoder_texture_V_DCsplit.c
"C:\Program Files (x86)\CMake 2.8\bin\cmake.exe" -E cmake_progress_report C:\Users\yolivave\work\orcc-gen\mpeg4Visual\parallel\CMakeFiles 28
[ 77%] Building C object src/CMakeFiles/Top_decoder_parallel.dir/decoder_texture_V_IS.c.obj
cd /d C:\Users\yolivave\work\orcc-gen\mpeg4Visual\parallel\src && C:\MinGW\bin\gcc.exe   -O3 -DNDEBUG @CMakeFiles/Top_decoder_parallel.dir/includes_C.rsp   -march=native -o CMakeFiles\Top_decoder_parallel.dir\decoder_texture_V_IS.c.obj   -c C:\Users\yolivave\work\orcc-gen\mpeg4Visual\parallel\src\decoder_texture_V_IS.c
"C:\Program Files (x86)\CMake 2.8\bin\cmake.exe" -E cmake_progress_report C:\Users\yolivave\work\orcc-gen\mpeg4Visual\parallel\CMakeFiles 29
[ 79%] Building C object src/CMakeFiles/Top_decoder_parallel.dir/decoder_texture_V_IAP.c.obj
cd /d C:\Users\yolivave\work\orcc-gen\mpeg4Visual\parallel\src && C:\MinGW\bin\gcc.exe   -O3 -DNDEBUG @CMakeFiles/Top_decoder_parallel.dir/includes_C.rsp   -march=native -o CMakeFiles\Top_decoder_parallel.dir\decoder_texture_V_IAP.c.obj   -c C:\Users\yolivave\work\orcc-gen\mpeg4Visual\parallel\src\decoder_texture_V_IAP.c
"C:\Program Files (x86)\CMake 2.8\bin\cmake.exe" -E cmake_progress_report C:\Users\yolivave\work\orcc-gen\mpeg4Visual\parallel\CMakeFiles 30
[ 80%] Building C object src/CMakeFiles/Top_decoder_parallel.dir/decoder_texture_V_IQ.c.obj
cd /d C:\Users\yolivave\work\orcc-gen\mpeg4Visual\parallel\src && C:\MinGW\bin\gcc.exe   -O3 -DNDEBUG @CMakeFiles/Top_decoder_parallel.dir/includes_C.rsp   -march=native -o CMakeFiles\Top_decoder_parallel.dir\decoder_texture_V_IQ.c.obj   -c C:\Users\yolivave\work\orcc-gen\mpeg4Visual\parallel\src\decoder_texture_V_IQ.c
"C:\Program Files (x86)\CMake 2.8\bin\cmake.exe" -E cmake_progress_report C:\Users\yolivave\work\orcc-gen\mpeg4Visual\parallel\CMakeFiles 31
[ 82%] Building C object src/CMakeFiles/Top_decoder_parallel.dir/decoder_texture_V_idct2d.c.obj
cd /d C:\Users\yolivave\work\orcc-gen\mpeg4Visual\parallel\src && C:\MinGW\bin\gcc.exe   -O3 -DNDEBUG @CMakeFiles/Top_decoder_parallel.dir/includes_C.rsp   -march=native -o CMakeFiles\Top_decoder_parallel.dir\decoder_texture_V_idct2d.c.obj   -c C:\Users\yolivave\work\orcc-gen\mpeg4Visual\parallel\src\decoder_texture_V_idct2d.c
"C:\Program Files (x86)\CMake 2.8\bin\cmake.exe" -E cmake_progress_report C:\Users\yolivave\work\orcc-gen\mpeg4Visual\parallel\CMakeFiles 32
[ 84%] Building C object src/CMakeFiles/Top_decoder_parallel.dir/decoder_texture_V_DCRecontruction_addressing.c.obj
cd /d C:\Users\yolivave\work\orcc-gen\mpeg4Visual\parallel\src && C:\MinGW\bin\gcc.exe   -O3 -DNDEBUG @CMakeFiles/Top_decoder_parallel.dir/includes_C.rsp   -march=native -o CMakeFiles\Top_decoder_parallel.dir\decoder_texture_V_DCRecontruction_addressing.c.obj   -c C:\Users\yolivave\work\orcc-gen\mpeg4Visual\parallel\src\decoder_texture_V_DCRecontruction_addressing.c
"C:\Program Files (x86)\CMake 2.8\bin\cmake.exe" -E cmake_progress_report C:\Users\yolivave\work\orcc-gen\mpeg4Visual\parallel\CMakeFiles 33
[ 85%] Building C object src/CMakeFiles/Top_decoder_parallel.dir/decoder_texture_V_DCRecontruction_invpred.c.obj
cd /d C:\Users\yolivave\work\orcc-gen\mpeg4Visual\parallel\src && C:\MinGW\bin\gcc.exe   -O3 -DNDEBUG @CMakeFiles/Top_decoder_parallel.dir/includes_C.rsp   -march=native -o CMakeFiles\Top_decoder_parallel.dir\decoder_texture_V_DCRecontruction_invpred.c.obj   -c C:\Users\yolivave\work\orcc-gen\mpeg4Visual\parallel\src\decoder_texture_V_DCRecontruction_invpred.c
"C:\Program Files (x86)\CMake 2.8\bin\cmake.exe" -E cmake_progress_report C:\Users\yolivave\work\orcc-gen\mpeg4Visual\parallel\CMakeFiles 34
[ 87%] Building C object src/CMakeFiles/Top_decoder_parallel.dir/decoder_motion_Y_interpolation.c.obj
cd /d C:\Users\yolivave\work\orcc-gen\mpeg4Visual\parallel\src && C:\MinGW\bin\gcc.exe   -O3 -DNDEBUG @CMakeFiles/Top_decoder_parallel.dir/includes_C.rsp   -march=native -o CMakeFiles\Top_decoder_parallel.dir\decoder_motion_Y_interpolation.c.obj   -c C:\Users\yolivave\work\orcc-gen\mpeg4Visual\parallel\src\decoder_motion_Y_interpolation.c
"C:\Program Files (x86)\CMake 2.8\bin\cmake.exe" -E cmake_progress_report C:\Users\yolivave\work\orcc-gen\mpeg4Visual\parallel\CMakeFiles 35
[ 88%] Building C object src/CMakeFiles/Top_decoder_parallel.dir/decoder_motion_Y_add.c.obj
cd /d C:\Users\yolivave\work\orcc-gen\mpeg4Visual\parallel\src && C:\MinGW\bin\gcc.exe   -O3 -DNDEBUG @CMakeFiles/Top_decoder_parallel.dir/includes_C.rsp   -march=native -o CMakeFiles\Top_decoder_parallel.dir\decoder_motion_Y_add.c.obj   -c C:\Users\yolivave\work\orcc-gen\mpeg4Visual\parallel\src\decoder_motion_Y_add.c
"C:\Program Files (x86)\CMake 2.8\bin\cmake.exe" -E cmake_progress_report C:\Users\yolivave\work\orcc-gen\mpeg4Visual\parallel\CMakeFiles 36
[ 90%] Building C object src/CMakeFiles/Top_decoder_parallel.dir/decoder_motion_Y_framebuff.c.obj
cd /d C:\Users\yolivave\work\orcc-gen\mpeg4Visual\parallel\src && C:\MinGW\bin\gcc.exe   -O3 -DNDEBUG @CMakeFiles/Top_decoder_parallel.dir/includes_C.rsp   -march=native -o CMakeFiles\Top_decoder_parallel.dir\decoder_motion_Y_framebuff.c.obj   -c C:\Users\yolivave\work\orcc-gen\mpeg4Visual\parallel\src\decoder_motion_Y_framebuff.c
"C:\Program Files (x86)\CMake 2.8\bin\cmake.exe" -E cmake_progress_report C:\Users\yolivave\work\orcc-gen\mpeg4Visual\parallel\CMakeFiles 37
[ 92%] Building C object src/CMakeFiles/Top_decoder_parallel.dir/decoder_motion_U_interpolation.c.obj
cd /d C:\Users\yolivave\work\orcc-gen\mpeg4Visual\parallel\src && C:\MinGW\bin\gcc.exe   -O3 -DNDEBUG @CMakeFiles/Top_decoder_parallel.dir/includes_C.rsp   -march=native -o CMakeFiles\Top_decoder_parallel.dir\decoder_motion_U_interpolation.c.obj   -c C:\Users\yolivave\work\orcc-gen\mpeg4Visual\parallel\src\decoder_motion_U_interpolation.c
"C:\Program Files (x86)\CMake 2.8\bin\cmake.exe" -E cmake_progress_report C:\Users\yolivave\work\orcc-gen\mpeg4Visual\parallel\CMakeFiles 38
[ 93%] Building C object src/CMakeFiles/Top_decoder_parallel.dir/decoder_motion_U_add.c.obj
cd /d C:\Users\yolivave\work\orcc-gen\mpeg4Visual\parallel\src && C:\MinGW\bin\gcc.exe   -O3 -DNDEBUG @CMakeFiles/Top_decoder_parallel.dir/includes_C.rsp   -march=native -o CMakeFiles\Top_decoder_parallel.dir\decoder_motion_U_add.c.obj   -c C:\Users\yolivave\work\orcc-gen\mpeg4Visual\parallel\src\decoder_motion_U_add.c
"C:\Program Files (x86)\CMake 2.8\bin\cmake.exe" -E cmake_progress_report C:\Users\yolivave\work\orcc-gen\mpeg4Visual\parallel\CMakeFiles 39
[ 95%] Building C object src/CMakeFiles/Top_decoder_parallel.dir/decoder_motion_U_framebuff.c.obj
cd /d C:\Users\yolivave\work\orcc-gen\mpeg4Visual\parallel\src && C:\MinGW\bin\gcc.exe   -O3 -DNDEBUG @CMakeFiles/Top_decoder_parallel.dir/includes_C.rsp   -march=native -o CMakeFiles\Top_decoder_parallel.dir\decoder_motion_U_framebuff.c.obj   -c C:\Users\yolivave\work\orcc-gen\mpeg4Visual\parallel\src\decoder_motion_U_framebuff.c
"C:\Program Files (x86)\CMake 2.8\bin\cmake.exe" -E cmake_progress_report C:\Users\yolivave\work\orcc-gen\mpeg4Visual\parallel\CMakeFiles 40
[ 96%] Building C object src/CMakeFiles/Top_decoder_parallel.dir/decoder_motion_V_interpolation.c.obj
cd /d C:\Users\yolivave\work\orcc-gen\mpeg4Visual\parallel\src && C:\MinGW\bin\gcc.exe   -O3 -DNDEBUG @CMakeFiles/Top_decoder_parallel.dir/includes_C.rsp   -march=native -o CMakeFiles\Top_decoder_parallel.dir\decoder_motion_V_interpolation.c.obj   -c C:\Users\yolivave\work\orcc-gen\mpeg4Visual\parallel\src\decoder_motion_V_interpolation.c
"C:\Program Files (x86)\CMake 2.8\bin\cmake.exe" -E cmake_progress_report C:\Users\yolivave\work\orcc-gen\mpeg4Visual\parallel\CMakeFiles 41
[ 98%] Building C object src/CMakeFiles/Top_decoder_parallel.dir/decoder_motion_V_add.c.obj
cd /d C:\Users\yolivave\work\orcc-gen\mpeg4Visual\parallel\src && C:\MinGW\bin\gcc.exe   -O3 -DNDEBUG @CMakeFiles/Top_decoder_parallel.dir/includes_C.rsp   -march=native -o CMakeFiles\Top_decoder_parallel.dir\decoder_motion_V_add.c.obj   -c C:\Users\yolivave\work\orcc-gen\mpeg4Visual\parallel\src\decoder_motion_V_add.c
"C:\Program Files (x86)\CMake 2.8\bin\cmake.exe" -E cmake_progress_report C:\Users\yolivave\work\orcc-gen\mpeg4Visual\parallel\CMakeFiles 42
[100%] Building C object src/CMakeFiles/Top_decoder_parallel.dir/decoder_motion_V_framebuff.c.obj
cd /d C:\Users\yolivave\work\orcc-gen\mpeg4Visual\parallel\src && C:\MinGW\bin\gcc.exe   -O3 -DNDEBUG @CMakeFiles/Top_decoder_parallel.dir/includes_C.rsp   -march=native -o CMakeFiles\Top_decoder_parallel.dir\decoder_motion_V_framebuff.c.obj   -c C:\Users\yolivave\work\orcc-gen\mpeg4Visual\parallel\src\decoder_motion_V_framebuff.c
mingw32-make[2]: Leaving directory 'C:/Users/yolivave/work/Xilinx_SDK_workspace/Top_decoder_parallel-Release@parallel'
mingw32-make[2]: *** No rule to make target 'libs/orcc/liborcc.a', needed by 'bin/Top_decoder_parallel.exe'.  Stop.
CMakeFiles\Makefile2:196: recipe for target 'src/CMakeFiles/Top_decoder_parallel.dir/all' failed
mingw32-make[1]: *** [src/CMakeFiles/Top_decoder_parallel.dir/all] Error 2
mingw32-make[1]: Leaving directory 'C:/Users/yolivave/work/Xilinx_SDK_workspace/Top_decoder_parallel-Release@parallel'
mingw32-make: *** [all] Error 2
Makefile:74: recipe for target 'all' failed

16:43:37 Build Finished (took 39s.332ms)

