17:31:23 **** Build of configuration Release for project Top_mpeg_checksum_mb ****
make all 
'Building file: ../src/display.c'
'Invoking: MicroBlaze gcc compiler'
mb-gcc -Wall -w -O2 -I"C:\Users\yolivave\work\orcc-gen\mpeg4Visual\serial\Compa\libs\orcc\include" -c -fmessage-length=0 -I../../bsp_mb_01_ddr/cluster_0_microblaze_1/include -mlittle-endian -mxl-barrel-shift -mno-xl-soft-div -mcpu=v9.3 -mxl-soft-mul -Wl,--no-relax -ffunction-sections -fdata-sections -MMD -MP -MF"src/display.d" -MT"src/display.d" -o "src/display.o" "../src/display.c"
'Finished building: ../src/display.c'
' '
'Building file: ../src/source.c'
'Invoking: MicroBlaze gcc compiler'
mb-gcc -Wall -w -O2 -I"C:\Users\yolivave\work\orcc-gen\mpeg4Visual\serial\Compa\libs\orcc\include" -c -fmessage-length=0 -I../../bsp_mb_01_ddr/cluster_0_microblaze_1/include -mlittle-endian -mxl-barrel-shift -mno-xl-soft-div -mcpu=v9.3 -mxl-soft-mul -Wl,--no-relax -ffunction-sections -fdata-sections -MMD -MP -MF"src/source.d" -MT"src/source.d" -o "src/source.o" "../src/source.c"
'Finished building: ../src/source.c'
' '
'Building file: ../src/top_src_dsply.c'
'Invoking: MicroBlaze gcc compiler'
mb-gcc -Wall -w -O2 -I"C:\Users\yolivave\work\orcc-gen\mpeg4Visual\serial\Compa\libs\orcc\include" -c -fmessage-length=0 -I../../bsp_mb_01_ddr/cluster_0_microblaze_1/include -mlittle-endian -mxl-barrel-shift -mno-xl-soft-div -mcpu=v9.3 -mxl-soft-mul -Wl,--no-relax -ffunction-sections -fdata-sections -MMD -MP -MF"src/top_src_dsply.d" -MT"src/top_src_dsply.d" -o "src/top_src_dsply.o" "../src/top_src_dsply.c"
'Finished building: ../src/top_src_dsply.c'
' '
'Building target: Top_mpeg_checksum_mb.elf'
'Invoking: MicroBlaze gcc linker'
mb-gcc -Wl,-T -Wl,../src/lscript.ld -L../../bsp_mb_01_ddr/cluster_0_microblaze_1/lib -mlittle-endian -mxl-barrel-shift -mno-xl-soft-div -mcpu=v9.3 -mxl-soft-mul -Wl,--no-relax -Wl,--gc-sections -o "Top_mpeg_checksum_mb.elf"  ./src/display.o ./src/source.o ./src/top_src_dsply.o   -Wl,--start-group,-lxil,-lgcc,-lc,--end-group
'Finished building target: Top_mpeg_checksum_mb.elf'
' '
'Invoking: MicroBlaze Print Size'
mb-size Top_mpeg_checksum_mb.elf  |tee "Top_mpeg_checksum_mb.elf.size"
   text	   data	    bss	    dec	    hex	filename
  42576	    386	   2190	  45152	   b060	Top_mpeg_checksum_mb.elf
'Finished building: Top_mpeg_checksum_mb.elf.size'
' '

17:31:25 Build Finished (took 1s.716ms)

