17:33:47 **** Build of project Top_decoder_serial-Debug@SrcFromFile ****
"C:\\MinGW\\bin\\mingw32-make.exe" all 
"C:\Program Files (x86)\CMake 2.8\bin\cmake.exe" -HC:\Users\yolivave\work\orcc-gen\mpeg4Visual\serial\CBcknd\SrcFromFile -BC:\Users\yolivave\work\orcc-gen\mpeg4Visual\serial\CBcknd\SrcFromFile --check-build-system CMakeFiles\Makefile.cmake 0
"C:\Program Files (x86)\CMake 2.8\bin\cmake.exe" -E cmake_progress_start C:\Users\yolivave\work\orcc-gen\mpeg4Visual\serial\CBcknd\SrcFromFile\CMakeFiles C:\Users\yolivave\work\orcc-gen\mpeg4Visual\serial\CBcknd\SrcFromFile\CMakeFiles\progress.marks
C:/MinGW/bin/mingw32-make -f CMakeFiles\Makefile2 all
mingw32-make[1]: Entering directory 'C:/Users/yolivave/work/orcc-gen/mpeg4Visual/serial/CBcknd/SrcFromFile'
C:/MinGW/bin/mingw32-make -f libs\roxml\CMakeFiles\roxml.dir\build.make libs/roxml/CMakeFiles/roxml.dir/depend
mingw32-make[2]: Entering directory 'C:/Users/yolivave/work/orcc-gen/mpeg4Visual/serial/CBcknd/SrcFromFile'
"C:\Program Files (x86)\CMake 2.8\bin\cmake.exe" -E cmake_depends "MinGW Makefiles" C:\Users\yolivave\work\orcc-gen\mpeg4Visual\serial\CBcknd\SrcFromFile C:\Users\yolivave\work\orcc-gen\mpeg4Visual\serial\CBcknd\SrcFromFile\libs\roxml C:\Users\yolivave\work\orcc-gen\mpeg4Visual\serial\CBcknd\SrcFromFile C:\Users\yolivave\work\orcc-gen\mpeg4Visual\serial\CBcknd\SrcFromFile\libs\roxml C:\Users\yolivave\work\orcc-gen\mpeg4Visual\serial\CBcknd\SrcFromFile\libs\roxml\CMakeFiles\roxml.dir\DependInfo.cmake --color=
mingw32-make[2]: Leaving directory 'C:/Users/yolivave/work/orcc-gen/mpeg4Visual/serial/CBcknd/SrcFromFile'
C:/MinGW/bin/mingw32-make -f libs\roxml\CMakeFiles\roxml.dir\build.make libs/roxml/CMakeFiles/roxml.dir/build
mingw32-make[2]: Entering directory 'C:/Users/yolivave/work/orcc-gen/mpeg4Visual/serial/CBcknd/SrcFromFile'
"C:\Program Files (x86)\CMake 2.8\bin\cmake.exe" -E cmake_progress_report C:\Users\yolivave\work\orcc-gen\mpeg4Visual\serial\CBcknd\SrcFromFile\CMakeFiles 37
[  2%] Building C object libs/roxml/CMakeFiles/roxml.dir/src/roxml-internal.c.obj
cd /d C:\Users\yolivave\work\orcc-gen\mpeg4Visual\serial\CBcknd\SrcFromFile\libs\roxml && C:\MinGW\bin\gcc.exe   -O3 -DNDEBUG @CMakeFiles/roxml.dir/includes_C.rsp   -o CMakeFiles\roxml.dir\src\roxml-internal.c.obj   -c C:\Users\yolivave\work\orcc-gen\mpeg4Visual\serial\CBcknd\SrcFromFile\libs\roxml\src\roxml-internal.c
"C:\Program Files (x86)\CMake 2.8\bin\cmake.exe" -E cmake_progress_report C:\Users\yolivave\work\orcc-gen\mpeg4Visual\serial\CBcknd\SrcFromFile\CMakeFiles 38
[  5%] Building C object libs/roxml/CMakeFiles/roxml.dir/src/roxml-parse-engine.c.obj
cd /d C:\Users\yolivave\work\orcc-gen\mpeg4Visual\serial\CBcknd\SrcFromFile\libs\roxml && C:\MinGW\bin\gcc.exe   -O3 -DNDEBUG @CMakeFiles/roxml.dir/includes_C.rsp   -o CMakeFiles\roxml.dir\src\roxml-parse-engine.c.obj   -c C:\Users\yolivave\work\orcc-gen\mpeg4Visual\serial\CBcknd\SrcFromFile\libs\roxml\src\roxml-parse-engine.c
"C:\Program Files (x86)\CMake 2.8\bin\cmake.exe" -E cmake_progress_report C:\Users\yolivave\work\orcc-gen\mpeg4Visual\serial\CBcknd\SrcFromFile\CMakeFiles 39
[  7%] Building C object libs/roxml/CMakeFiles/roxml.dir/src/roxml.c.obj
cd /d C:\Users\yolivave\work\orcc-gen\mpeg4Visual\serial\CBcknd\SrcFromFile\libs\roxml && C:\MinGW\bin\gcc.exe   -O3 -DNDEBUG @CMakeFiles/roxml.dir/includes_C.rsp   -o CMakeFiles\roxml.dir\src\roxml.c.obj   -c C:\Users\yolivave\work\orcc-gen\mpeg4Visual\serial\CBcknd\SrcFromFile\libs\roxml\src\roxml.c
Linking C static library libroxml.a
cd /d C:\Users\yolivave\work\orcc-gen\mpeg4Visual\serial\CBcknd\SrcFromFile\libs\roxml && "C:\Program Files (x86)\CMake 2.8\bin\cmake.exe" -P CMakeFiles\roxml.dir\cmake_clean_target.cmake
cd /d C:\Users\yolivave\work\orcc-gen\mpeg4Visual\serial\CBcknd\SrcFromFile\libs\roxml && "C:\Program Files (x86)\CMake 2.8\bin\cmake.exe" -E cmake_link_script CMakeFiles\roxml.dir\link.txt --verbose=1
C:\MinGW\bin\ar.exe cr libroxml.a  CMakeFiles/roxml.dir/src/roxml-internal.c.obj CMakeFiles/roxml.dir/src/roxml-parse-engine.c.obj CMakeFiles/roxml.dir/src/roxml.c.obj
C:\MinGW\bin\ranlib.exe libroxml.a
mingw32-make[2]: Leaving directory 'C:/Users/yolivave/work/orcc-gen/mpeg4Visual/serial/CBcknd/SrcFromFile'
"C:\Program Files (x86)\CMake 2.8\bin\cmake.exe" -E cmake_progress_report C:\Users\yolivave\work\orcc-gen\mpeg4Visual\serial\CBcknd\SrcFromFile\CMakeFiles  37 38 39
[  7%] Built target roxml
C:/MinGW/bin/mingw32-make -f libs\orcc\CMakeFiles\orcc.dir\build.make libs/orcc/CMakeFiles/orcc.dir/depend
mingw32-make[2]: Entering directory 'C:/Users/yolivave/work/orcc-gen/mpeg4Visual/serial/CBcknd/SrcFromFile'
"C:\Program Files (x86)\CMake 2.8\bin\cmake.exe" -E cmake_depends "MinGW Makefiles" C:\Users\yolivave\work\orcc-gen\mpeg4Visual\serial\CBcknd\SrcFromFile C:\Users\yolivave\work\orcc-gen\mpeg4Visual\serial\CBcknd\SrcFromFile\libs\orcc C:\Users\yolivave\work\orcc-gen\mpeg4Visual\serial\CBcknd\SrcFromFile C:\Users\yolivave\work\orcc-gen\mpeg4Visual\serial\CBcknd\SrcFromFile\libs\orcc C:\Users\yolivave\work\orcc-gen\mpeg4Visual\serial\CBcknd\SrcFromFile\libs\orcc\CMakeFiles\orcc.dir\DependInfo.cmake --color=
mingw32-make[2]: Leaving directory 'C:/Users/yolivave/work/orcc-gen/mpeg4Visual/serial/CBcknd/SrcFromFile'
C:/MinGW/bin/mingw32-make -f libs\orcc\CMakeFiles\orcc.dir\build.make libs/orcc/CMakeFiles/orcc.dir/build
mingw32-make[2]: Entering directory 'C:/Users/yolivave/work/orcc-gen/mpeg4Visual/serial/CBcknd/SrcFromFile'
"C:\Program Files (x86)\CMake 2.8\bin\cmake.exe" -E cmake_progress_report C:\Users\yolivave\work\orcc-gen\mpeg4Visual\serial\CBcknd\SrcFromFile\CMakeFiles 19
[ 10%] Building C object libs/orcc/CMakeFiles/orcc.dir/src/access_file.c.obj
cd /d C:\Users\yolivave\work\orcc-gen\mpeg4Visual\serial\CBcknd\SrcFromFile\libs\orcc && C:\MinGW\bin\gcc.exe   -O3 -DNDEBUG @CMakeFiles/orcc.dir/includes_C.rsp   -march=native -o CMakeFiles\orcc.dir\src\access_file.c.obj   -c C:\Users\yolivave\work\orcc-gen\mpeg4Visual\serial\CBcknd\SrcFromFile\libs\orcc\src\access_file.c
"C:\Program Files (x86)\CMake 2.8\bin\cmake.exe" -E cmake_progress_report C:\Users\yolivave\work\orcc-gen\mpeg4Visual\serial\CBcknd\SrcFromFile\CMakeFiles 20
[ 12%] Building C object libs/orcc/CMakeFiles/orcc.dir/src/dataflow.c.obj
cd /d C:\Users\yolivave\work\orcc-gen\mpeg4Visual\serial\CBcknd\SrcFromFile\libs\orcc && C:\MinGW\bin\gcc.exe   -O3 -DNDEBUG @CMakeFiles/orcc.dir/includes_C.rsp   -march=native -o CMakeFiles\orcc.dir\src\dataflow.c.obj   -c C:\Users\yolivave\work\orcc-gen\mpeg4Visual\serial\CBcknd\SrcFromFile\libs\orcc\src\dataflow.c
"C:\Program Files (x86)\CMake 2.8\bin\cmake.exe" -E cmake_progress_report C:\Users\yolivave\work\orcc-gen\mpeg4Visual\serial\CBcknd\SrcFromFile\CMakeFiles 21
[ 15%] Building C object libs/orcc/CMakeFiles/orcc.dir/src/options.c.obj
cd /d C:\Users\yolivave\work\orcc-gen\mpeg4Visual\serial\CBcknd\SrcFromFile\libs\orcc && C:\MinGW\bin\gcc.exe   -O3 -DNDEBUG @CMakeFiles/orcc.dir/includes_C.rsp   -march=native -o CMakeFiles\orcc.dir\src\options.c.obj   -c C:\Users\yolivave\work\orcc-gen\mpeg4Visual\serial\CBcknd\SrcFromFile\libs\orcc\src\options.c
"C:\Program Files (x86)\CMake 2.8\bin\cmake.exe" -E cmake_progress_report C:\Users\yolivave\work\orcc-gen\mpeg4Visual\serial\CBcknd\SrcFromFile\CMakeFiles 22
[ 17%] Building C object libs/orcc/CMakeFiles/orcc.dir/src/source.c.obj
cd /d C:\Users\yolivave\work\orcc-gen\mpeg4Visual\serial\CBcknd\SrcFromFile\libs\orcc && C:\MinGW\bin\gcc.exe   -O3 -DNDEBUG @CMakeFiles/orcc.dir/includes_C.rsp   -march=native -o CMakeFiles\orcc.dir\src\source.c.obj   -c C:\Users\yolivave\work\orcc-gen\mpeg4Visual\serial\CBcknd\SrcFromFile\libs\orcc\src\source.c
C:\Users\yolivave\work\orcc-gen\mpeg4Visual\serial\CBcknd\SrcFromFile\libs\orcc\src\source.c: In function 'source_open':
C:\Users\yolivave\work\orcc-gen\mpeg4Visual\serial\CBcknd\SrcFromFile\libs\orcc\src\source.c:129:9: warning: cast from pointer to integer of different size [-Wpointer-to-int-cast]
  return (long long)file;
         ^
C:\Users\yolivave\work\orcc-gen\mpeg4Visual\serial\CBcknd\SrcFromFile\libs\orcc\src\source.c: In function 'source_sizeOfFileFd':
C:\Users\yolivave\work\orcc-gen\mpeg4Visual\serial\CBcknd\SrcFromFile\libs\orcc\src\source.c:154:13: warning: cast to pointer from integer of different size [-Wint-to-pointer-cast]
  FILE* fd = (FILE*) fdVal;
             ^
C:\Users\yolivave\work\orcc-gen\mpeg4Visual\serial\CBcknd\SrcFromFile\libs\orcc\src\source.c: In function 'source_rewindFd':
C:\Users\yolivave\work\orcc-gen\mpeg4Visual\serial\CBcknd\SrcFromFile\libs\orcc\src\source.c:171:13: warning: cast to pointer from integer of different size [-Wint-to-pointer-cast]
  FILE* fd = (FILE*) fdVal;
             ^
C:\Users\yolivave\work\orcc-gen\mpeg4Visual\serial\CBcknd\SrcFromFile\libs\orcc\src\source.c: In function 'source_closeFd':
C:\Users\yolivave\work\orcc-gen\mpeg4Visual\serial\CBcknd\SrcFromFile\libs\orcc\src\source.c:184:13: warning: cast to pointer from integer of different size [-Wint-to-pointer-cast]
  FILE* fd = (FILE*) fdVal;
             ^
C:\Users\yolivave\work\orcc-gen\mpeg4Visual\serial\CBcknd\SrcFromFile\libs\orcc\src\source.c: In function 'source_readNBytesFd':
C:\Users\yolivave\work\orcc-gen\mpeg4Visual\serial\CBcknd\SrcFromFile\libs\orcc\src\source.c:221:13: warning: cast to pointer from integer of different size [-Wint-to-pointer-cast]
  FILE* fd = (FILE*) fdVal;
             ^
"C:\Program Files (x86)\CMake 2.8\bin\cmake.exe" -E cmake_progress_report C:\Users\yolivave\work\orcc-gen\mpeg4Visual\serial\CBcknd\SrcFromFile\CMakeFiles 23
[ 20%] Building C object libs/orcc/CMakeFiles/orcc.dir/src/trace.c.obj
cd /d C:\Users\yolivave\work\orcc-gen\mpeg4Visual\serial\CBcknd\SrcFromFile\libs\orcc && C:\MinGW\bin\gcc.exe   -O3 -DNDEBUG @CMakeFiles/orcc.dir/includes_C.rsp   -march=native -o CMakeFiles\orcc.dir\src\trace.c.obj   -c C:\Users\yolivave\work\orcc-gen\mpeg4Visual\serial\CBcknd\SrcFromFile\libs\orcc\src\trace.c
"C:\Program Files (x86)\CMake 2.8\bin\cmake.exe" -E cmake_progress_report C:\Users\yolivave\work\orcc-gen\mpeg4Visual\serial\CBcknd\SrcFromFile\CMakeFiles 24
[ 23%] Building C object libs/orcc/CMakeFiles/orcc.dir/src/util.c.obj
cd /d C:\Users\yolivave\work\orcc-gen\mpeg4Visual\serial\CBcknd\SrcFromFile\libs\orcc && C:\MinGW\bin\gcc.exe   -O3 -DNDEBUG @CMakeFiles/orcc.dir/includes_C.rsp   -march=native -o CMakeFiles\orcc.dir\src\util.c.obj   -c C:\Users\yolivave\work\orcc-gen\mpeg4Visual\serial\CBcknd\SrcFromFile\libs\orcc\src\util.c
"C:\Program Files (x86)\CMake 2.8\bin\cmake.exe" -E cmake_progress_report C:\Users\yolivave\work\orcc-gen\mpeg4Visual\serial\CBcknd\SrcFromFile\CMakeFiles 25
[ 25%] Building C object libs/orcc/CMakeFiles/orcc.dir/src/writer.c.obj
cd /d C:\Users\yolivave\work\orcc-gen\mpeg4Visual\serial\CBcknd\SrcFromFile\libs\orcc && C:\MinGW\bin\gcc.exe   -O3 -DNDEBUG @CMakeFiles/orcc.dir/includes_C.rsp   -march=native -o CMakeFiles\orcc.dir\src\writer.c.obj   -c C:\Users\yolivave\work\orcc-gen\mpeg4Visual\serial\CBcknd\SrcFromFile\libs\orcc\src\writer.c
"C:\Program Files (x86)\CMake 2.8\bin\cmake.exe" -E cmake_progress_report C:\Users\yolivave\work\orcc-gen\mpeg4Visual\serial\CBcknd\SrcFromFile\CMakeFiles 26
[ 28%] Building C object libs/orcc/CMakeFiles/orcc.dir/src/audio.c.obj
cd /d C:\Users\yolivave\work\orcc-gen\mpeg4Visual\serial\CBcknd\SrcFromFile\libs\orcc && C:\MinGW\bin\gcc.exe   -O3 -DNDEBUG @CMakeFiles/orcc.dir/includes_C.rsp   -march=native -o CMakeFiles\orcc.dir\src\audio.c.obj   -c C:\Users\yolivave\work\orcc-gen\mpeg4Visual\serial\CBcknd\SrcFromFile\libs\orcc\src\audio.c
"C:\Program Files (x86)\CMake 2.8\bin\cmake.exe" -E cmake_progress_report C:\Users\yolivave\work\orcc-gen\mpeg4Visual\serial\CBcknd\SrcFromFile\CMakeFiles 27
[ 30%] Building C object libs/orcc/CMakeFiles/orcc.dir/src/compare.c.obj
cd /d C:\Users\yolivave\work\orcc-gen\mpeg4Visual\serial\CBcknd\SrcFromFile\libs\orcc && C:\MinGW\bin\gcc.exe   -O3 -DNDEBUG @CMakeFiles/orcc.dir/includes_C.rsp   -march=native -o CMakeFiles\orcc.dir\src\compare.c.obj   -c C:\Users\yolivave\work\orcc-gen\mpeg4Visual\serial\CBcknd\SrcFromFile\libs\orcc\src\compare.c
"C:\Program Files (x86)\CMake 2.8\bin\cmake.exe" -E cmake_progress_report C:\Users\yolivave\work\orcc-gen\mpeg4Visual\serial\CBcknd\SrcFromFile\CMakeFiles 28
[ 33%] Building C object libs/orcc/CMakeFiles/orcc.dir/src/compareyuv.c.obj
cd /d C:\Users\yolivave\work\orcc-gen\mpeg4Visual\serial\CBcknd\SrcFromFile\libs\orcc && C:\MinGW\bin\gcc.exe   -O3 -DNDEBUG @CMakeFiles/orcc.dir/includes_C.rsp   -march=native -o CMakeFiles\orcc.dir\src\compareyuv.c.obj   -c C:\Users\yolivave\work\orcc-gen\mpeg4Visual\serial\CBcknd\SrcFromFile\libs\orcc\src\compareyuv.c
"C:\Program Files (x86)\CMake 2.8\bin\cmake.exe" -E cmake_progress_report C:\Users\yolivave\work\orcc-gen\mpeg4Visual\serial\CBcknd\SrcFromFile\CMakeFiles 29
[ 35%] Building C object libs/orcc/CMakeFiles/orcc.dir/src/fps_print.c.obj
cd /d C:\Users\yolivave\work\orcc-gen\mpeg4Visual\serial\CBcknd\SrcFromFile\libs\orcc && C:\MinGW\bin\gcc.exe   -O3 -DNDEBUG @CMakeFiles/orcc.dir/includes_C.rsp   -march=native -o CMakeFiles\orcc.dir\src\fps_print.c.obj   -c C:\Users\yolivave\work\orcc-gen\mpeg4Visual\serial\CBcknd\SrcFromFile\libs\orcc\src\fps_print.c
"C:\Program Files (x86)\CMake 2.8\bin\cmake.exe" -E cmake_progress_report C:\Users\yolivave\work\orcc-gen\mpeg4Visual\serial\CBcknd\SrcFromFile\CMakeFiles 30
[ 38%] Building C object libs/orcc/CMakeFiles/orcc.dir/src/graph.c.obj
cd /d C:\Users\yolivave\work\orcc-gen\mpeg4Visual\serial\CBcknd\SrcFromFile\libs\orcc && C:\MinGW\bin\gcc.exe   -O3 -DNDEBUG @CMakeFiles/orcc.dir/includes_C.rsp   -march=native -o CMakeFiles\orcc.dir\src\graph.c.obj   -c C:\Users\yolivave\work\orcc-gen\mpeg4Visual\serial\CBcknd\SrcFromFile\libs\orcc\src\graph.c
"C:\Program Files (x86)\CMake 2.8\bin\cmake.exe" -E cmake_progress_report C:\Users\yolivave\work\orcc-gen\mpeg4Visual\serial\CBcknd\SrcFromFile\CMakeFiles 31
[ 41%] Building C object libs/orcc/CMakeFiles/orcc.dir/src/getopt.c.obj
cd /d C:\Users\yolivave\work\orcc-gen\mpeg4Visual\serial\CBcknd\SrcFromFile\libs\orcc && C:\MinGW\bin\gcc.exe   -O3 -DNDEBUG @CMakeFiles/orcc.dir/includes_C.rsp   -march=native -o CMakeFiles\orcc.dir\src\getopt.c.obj   -c C:\Users\yolivave\work\orcc-gen\mpeg4Visual\serial\CBcknd\SrcFromFile\libs\orcc\src\getopt.c
"C:\Program Files (x86)\CMake 2.8\bin\cmake.exe" -E cmake_progress_report C:\Users\yolivave\work\orcc-gen\mpeg4Visual\serial\CBcknd\SrcFromFile\CMakeFiles 32
[ 43%] Building C object libs/orcc/CMakeFiles/orcc.dir/src/mapping.c.obj
cd /d C:\Users\yolivave\work\orcc-gen\mpeg4Visual\serial\CBcknd\SrcFromFile\libs\orcc && C:\MinGW\bin\gcc.exe   -O3 -DNDEBUG @CMakeFiles/orcc.dir/includes_C.rsp   -march=native -o CMakeFiles\orcc.dir\src\mapping.c.obj   -c C:\Users\yolivave\work\orcc-gen\mpeg4Visual\serial\CBcknd\SrcFromFile\libs\orcc\src\mapping.c
"C:\Program Files (x86)\CMake 2.8\bin\cmake.exe" -E cmake_progress_report C:\Users\yolivave\work\orcc-gen\mpeg4Visual\serial\CBcknd\SrcFromFile\CMakeFiles 33
[ 46%] Building C object libs/orcc/CMakeFiles/orcc.dir/src/scheduler.c.obj
cd /d C:\Users\yolivave\work\orcc-gen\mpeg4Visual\serial\CBcknd\SrcFromFile\libs\orcc && C:\MinGW\bin\gcc.exe   -O3 -DNDEBUG @CMakeFiles/orcc.dir/includes_C.rsp   -march=native -o CMakeFiles\orcc.dir\src\scheduler.c.obj   -c C:\Users\yolivave\work\orcc-gen\mpeg4Visual\serial\CBcknd\SrcFromFile\libs\orcc\src\scheduler.c
"C:\Program Files (x86)\CMake 2.8\bin\cmake.exe" -E cmake_progress_report C:\Users\yolivave\work\orcc-gen\mpeg4Visual\serial\CBcknd\SrcFromFile\CMakeFiles 34
[ 48%] Building C object libs/orcc/CMakeFiles/orcc.dir/src/serialize.c.obj
cd /d C:\Users\yolivave\work\orcc-gen\mpeg4Visual\serial\CBcknd\SrcFromFile\libs\orcc && C:\MinGW\bin\gcc.exe   -O3 -DNDEBUG @CMakeFiles/orcc.dir/includes_C.rsp   -march=native -o CMakeFiles\orcc.dir\src\serialize.c.obj   -c C:\Users\yolivave\work\orcc-gen\mpeg4Visual\serial\CBcknd\SrcFromFile\libs\orcc\src\serialize.c
"C:\Program Files (x86)\CMake 2.8\bin\cmake.exe" -E cmake_progress_report C:\Users\yolivave\work\orcc-gen\mpeg4Visual\serial\CBcknd\SrcFromFile\CMakeFiles 35
[ 51%] Building C object libs/orcc/CMakeFiles/orcc.dir/src/thread.c.obj
cd /d C:\Users\yolivave\work\orcc-gen\mpeg4Visual\serial\CBcknd\SrcFromFile\libs\orcc && C:\MinGW\bin\gcc.exe   -O3 -DNDEBUG @CMakeFiles/orcc.dir/includes_C.rsp   -march=native -o CMakeFiles\orcc.dir\src\thread.c.obj   -c C:\Users\yolivave\work\orcc-gen\mpeg4Visual\serial\CBcknd\SrcFromFile\libs\orcc\src\thread.c
"C:\Program Files (x86)\CMake 2.8\bin\cmake.exe" -E cmake_progress_report C:\Users\yolivave\work\orcc-gen\mpeg4Visual\serial\CBcknd\SrcFromFile\CMakeFiles 36
[ 53%] Building C object libs/orcc/CMakeFiles/orcc.dir/src/display_sdl.c.obj
cd /d C:\Users\yolivave\work\orcc-gen\mpeg4Visual\serial\CBcknd\SrcFromFile\libs\orcc && C:\MinGW\bin\gcc.exe   -O3 -DNDEBUG @CMakeFiles/orcc.dir/includes_C.rsp   -march=native -o CMakeFiles\orcc.dir\src\display_sdl.c.obj   -c C:\Users\yolivave\work\orcc-gen\mpeg4Visual\serial\CBcknd\SrcFromFile\libs\orcc\src\display_sdl.c
Linking C static library liborcc.a
cd /d C:\Users\yolivave\work\orcc-gen\mpeg4Visual\serial\CBcknd\SrcFromFile\libs\orcc && "C:\Program Files (x86)\CMake 2.8\bin\cmake.exe" -P CMakeFiles\orcc.dir\cmake_clean_target.cmake
cd /d C:\Users\yolivave\work\orcc-gen\mpeg4Visual\serial\CBcknd\SrcFromFile\libs\orcc && "C:\Program Files (x86)\CMake 2.8\bin\cmake.exe" -E cmake_link_script CMakeFiles\orcc.dir\link.txt --verbose=1
C:\MinGW\bin\ar.exe cr liborcc.a  CMakeFiles/orcc.dir/src/access_file.c.obj CMakeFiles/orcc.dir/src/dataflow.c.obj CMakeFiles/orcc.dir/src/options.c.obj CMakeFiles/orcc.dir/src/source.c.obj CMakeFiles/orcc.dir/src/trace.c.obj CMakeFiles/orcc.dir/src/util.c.obj CMakeFiles/orcc.dir/src/writer.c.obj CMakeFiles/orcc.dir/src/audio.c.obj CMakeFiles/orcc.dir/src/compare.c.obj CMakeFiles/orcc.dir/src/compareyuv.c.obj CMakeFiles/orcc.dir/src/fps_print.c.obj CMakeFiles/orcc.dir/src/graph.c.obj CMakeFiles/orcc.dir/src/getopt.c.obj CMakeFiles/orcc.dir/src/mapping.c.obj CMakeFiles/orcc.dir/src/scheduler.c.obj CMakeFiles/orcc.dir/src/serialize.c.obj CMakeFiles/orcc.dir/src/thread.c.obj CMakeFiles/orcc.dir/src/display_sdl.c.obj
C:\MinGW\bin\ranlib.exe liborcc.a
mingw32-make[2]: Leaving directory 'C:/Users/yolivave/work/orcc-gen/mpeg4Visual/serial/CBcknd/SrcFromFile'
"C:\Program Files (x86)\CMake 2.8\bin\cmake.exe" -E cmake_progress_report C:\Users\yolivave\work\orcc-gen\mpeg4Visual\serial\CBcknd\SrcFromFile\CMakeFiles  19 20 21 22 23 24 25 26 27 28 29 30 31 32 33 34 35 36
[ 53%] Built target orcc
C:/MinGW/bin/mingw32-make -f src\CMakeFiles\Top_decoder_serial.dir\build.make src/CMakeFiles/Top_decoder_serial.dir/depend
mingw32-make[2]: Entering directory 'C:/Users/yolivave/work/orcc-gen/mpeg4Visual/serial/CBcknd/SrcFromFile'
"C:\Program Files (x86)\CMake 2.8\bin\cmake.exe" -E cmake_depends "MinGW Makefiles" C:\Users\yolivave\work\orcc-gen\mpeg4Visual\serial\CBcknd\SrcFromFile C:\Users\yolivave\work\orcc-gen\mpeg4Visual\serial\CBcknd\SrcFromFile\src C:\Users\yolivave\work\orcc-gen\mpeg4Visual\serial\CBcknd\SrcFromFile C:\Users\yolivave\work\orcc-gen\mpeg4Visual\serial\CBcknd\SrcFromFile\src C:\Users\yolivave\work\orcc-gen\mpeg4Visual\serial\CBcknd\SrcFromFile\src\CMakeFiles\Top_decoder_serial.dir\DependInfo.cmake --color=
Scanning dependencies of target Top_decoder_serial
mingw32-make[2]: Leaving directory 'C:/Users/yolivave/work/orcc-gen/mpeg4Visual/serial/CBcknd/SrcFromFile'
C:/MinGW/bin/mingw32-make -f src\CMakeFiles\Top_decoder_serial.dir\build.make src/CMakeFiles/Top_decoder_serial.dir/build
mingw32-make[2]: Entering directory 'C:/Users/yolivave/work/orcc-gen/mpeg4Visual/serial/CBcknd/SrcFromFile'
"C:\Program Files (x86)\CMake 2.8\bin\cmake.exe" -E cmake_progress_report C:\Users\yolivave\work\orcc-gen\mpeg4Visual\serial\CBcknd\SrcFromFile\CMakeFiles 1
[ 56%] Building C object src/CMakeFiles/Top_decoder_serial.dir/Top_decoder_serial.c.obj
cd /d C:\Users\yolivave\work\orcc-gen\mpeg4Visual\serial\CBcknd\SrcFromFile\src && C:\MinGW\bin\gcc.exe   -O3 -DNDEBUG @CMakeFiles/Top_decoder_serial.dir/includes_C.rsp   -march=native -o CMakeFiles\Top_decoder_serial.dir\Top_decoder_serial.c.obj   -c C:\Users\yolivave\work\orcc-gen\mpeg4Visual\serial\CBcknd\SrcFromFile\src\Top_decoder_serial.c
"C:\Program Files (x86)\CMake 2.8\bin\cmake.exe" -E cmake_progress_report C:\Users\yolivave\work\orcc-gen\mpeg4Visual\serial\CBcknd\SrcFromFile\CMakeFiles 2
[ 58%] Building C object src/CMakeFiles/Top_decoder_serial.dir/source.c.obj
cd /d C:\Users\yolivave\work\orcc-gen\mpeg4Visual\serial\CBcknd\SrcFromFile\src && C:\MinGW\bin\gcc.exe   -O3 -DNDEBUG @CMakeFiles/Top_decoder_serial.dir/includes_C.rsp   -march=native -o CMakeFiles\Top_decoder_serial.dir\source.c.obj   -c C:\Users\yolivave\work\orcc-gen\mpeg4Visual\serial\CBcknd\SrcFromFile\src\source.c
"C:\Program Files (x86)\CMake 2.8\bin\cmake.exe" -E cmake_progress_report C:\Users\yolivave\work\orcc-gen\mpeg4Visual\serial\CBcknd\SrcFromFile\CMakeFiles 3
[ 61%] Building C object src/CMakeFiles/Top_decoder_serial.dir/display.c.obj
cd /d C:\Users\yolivave\work\orcc-gen\mpeg4Visual\serial\CBcknd\SrcFromFile\src && C:\MinGW\bin\gcc.exe   -O3 -DNDEBUG @CMakeFiles/Top_decoder_serial.dir/includes_C.rsp   -march=native -o CMakeFiles\Top_decoder_serial.dir\display.c.obj   -c C:\Users\yolivave\work\orcc-gen\mpeg4Visual\serial\CBcknd\SrcFromFile\src\display.c
"C:\Program Files (x86)\CMake 2.8\bin\cmake.exe" -E cmake_progress_report C:\Users\yolivave\work\orcc-gen\mpeg4Visual\serial\CBcknd\SrcFromFile\CMakeFiles 4
[ 64%] Building C object src/CMakeFiles/Top_decoder_serial.dir/decoder_merger.c.obj
cd /d C:\Users\yolivave\work\orcc-gen\mpeg4Visual\serial\CBcknd\SrcFromFile\src && C:\MinGW\bin\gcc.exe   -O3 -DNDEBUG @CMakeFiles/Top_decoder_serial.dir/includes_C.rsp   -march=native -o CMakeFiles\Top_decoder_serial.dir\decoder_merger.c.obj   -c C:\Users\yolivave\work\orcc-gen\mpeg4Visual\serial\CBcknd\SrcFromFile\src\decoder_merger.c
"C:\Program Files (x86)\CMake 2.8\bin\cmake.exe" -E cmake_progress_report C:\Users\yolivave\work\orcc-gen\mpeg4Visual\serial\CBcknd\SrcFromFile\CMakeFiles 5
[ 66%] Building C object src/CMakeFiles/Top_decoder_serial.dir/decoder_parser_parseheaders.c.obj
cd /d C:\Users\yolivave\work\orcc-gen\mpeg4Visual\serial\CBcknd\SrcFromFile\src && C:\MinGW\bin\gcc.exe   -O3 -DNDEBUG @CMakeFiles/Top_decoder_serial.dir/includes_C.rsp   -march=native -o CMakeFiles\Top_decoder_serial.dir\decoder_parser_parseheaders.c.obj   -c C:\Users\yolivave\work\orcc-gen\mpeg4Visual\serial\CBcknd\SrcFromFile\src\decoder_parser_parseheaders.c
"C:\Program Files (x86)\CMake 2.8\bin\cmake.exe" -E cmake_progress_report C:\Users\yolivave\work\orcc-gen\mpeg4Visual\serial\CBcknd\SrcFromFile\CMakeFiles 6
[ 69%] Building C object src/CMakeFiles/Top_decoder_serial.dir/decoder_parser_mvseq.c.obj
cd /d C:\Users\yolivave\work\orcc-gen\mpeg4Visual\serial\CBcknd\SrcFromFile\src && C:\MinGW\bin\gcc.exe   -O3 -DNDEBUG @CMakeFiles/Top_decoder_serial.dir/includes_C.rsp   -march=native -o CMakeFiles\Top_decoder_serial.dir\decoder_parser_mvseq.c.obj   -c C:\Users\yolivave\work\orcc-gen\mpeg4Visual\serial\CBcknd\SrcFromFile\src\decoder_parser_mvseq.c
"C:\Program Files (x86)\CMake 2.8\bin\cmake.exe" -E cmake_progress_report C:\Users\yolivave\work\orcc-gen\mpeg4Visual\serial\CBcknd\SrcFromFile\CMakeFiles 7
[ 71%] Building C object src/CMakeFiles/Top_decoder_serial.dir/decoder_parser_blkexp.c.obj
cd /d C:\Users\yolivave\work\orcc-gen\mpeg4Visual\serial\CBcknd\SrcFromFile\src && C:\MinGW\bin\gcc.exe   -O3 -DNDEBUG @CMakeFiles/Top_decoder_serial.dir/includes_C.rsp   -march=native -o CMakeFiles\Top_decoder_serial.dir\decoder_parser_blkexp.c.obj   -c C:\Users\yolivave\work\orcc-gen\mpeg4Visual\serial\CBcknd\SrcFromFile\src\decoder_parser_blkexp.c
"C:\Program Files (x86)\CMake 2.8\bin\cmake.exe" -E cmake_progress_report C:\Users\yolivave\work\orcc-gen\mpeg4Visual\serial\CBcknd\SrcFromFile\CMakeFiles 8
[ 74%] Building C object src/CMakeFiles/Top_decoder_serial.dir/decoder_parser_mvrecon.c.obj
cd /d C:\Users\yolivave\work\orcc-gen\mpeg4Visual\serial\CBcknd\SrcFromFile\src && C:\MinGW\bin\gcc.exe   -O3 -DNDEBUG @CMakeFiles/Top_decoder_serial.dir/includes_C.rsp   -march=native -o CMakeFiles\Top_decoder_serial.dir\decoder_parser_mvrecon.c.obj   -c C:\Users\yolivave\work\orcc-gen\mpeg4Visual\serial\CBcknd\SrcFromFile\src\decoder_parser_mvrecon.c
"C:\Program Files (x86)\CMake 2.8\bin\cmake.exe" -E cmake_progress_report C:\Users\yolivave\work\orcc-gen\mpeg4Visual\serial\CBcknd\SrcFromFile\CMakeFiles 9
[ 76%] Building C object src/CMakeFiles/Top_decoder_serial.dir/decoder_texture_DCsplit.c.obj
cd /d C:\Users\yolivave\work\orcc-gen\mpeg4Visual\serial\CBcknd\SrcFromFile\src && C:\MinGW\bin\gcc.exe   -O3 -DNDEBUG @CMakeFiles/Top_decoder_serial.dir/includes_C.rsp   -march=native -o CMakeFiles\Top_decoder_serial.dir\decoder_texture_DCsplit.c.obj   -c C:\Users\yolivave\work\orcc-gen\mpeg4Visual\serial\CBcknd\SrcFromFile\src\decoder_texture_DCsplit.c
"C:\Program Files (x86)\CMake 2.8\bin\cmake.exe" -E cmake_progress_report C:\Users\yolivave\work\orcc-gen\mpeg4Visual\serial\CBcknd\SrcFromFile\CMakeFiles 10
[ 79%] Building C object src/CMakeFiles/Top_decoder_serial.dir/decoder_texture_IS.c.obj
cd /d C:\Users\yolivave\work\orcc-gen\mpeg4Visual\serial\CBcknd\SrcFromFile\src && C:\MinGW\bin\gcc.exe   -O3 -DNDEBUG @CMakeFiles/Top_decoder_serial.dir/includes_C.rsp   -march=native -o CMakeFiles\Top_decoder_serial.dir\decoder_texture_IS.c.obj   -c C:\Users\yolivave\work\orcc-gen\mpeg4Visual\serial\CBcknd\SrcFromFile\src\decoder_texture_IS.c
"C:\Program Files (x86)\CMake 2.8\bin\cmake.exe" -E cmake_progress_report C:\Users\yolivave\work\orcc-gen\mpeg4Visual\serial\CBcknd\SrcFromFile\CMakeFiles 11
[ 82%] Building C object src/CMakeFiles/Top_decoder_serial.dir/decoder_texture_IAP.c.obj
cd /d C:\Users\yolivave\work\orcc-gen\mpeg4Visual\serial\CBcknd\SrcFromFile\src && C:\MinGW\bin\gcc.exe   -O3 -DNDEBUG @CMakeFiles/Top_decoder_serial.dir/includes_C.rsp   -march=native -o CMakeFiles\Top_decoder_serial.dir\decoder_texture_IAP.c.obj   -c C:\Users\yolivave\work\orcc-gen\mpeg4Visual\serial\CBcknd\SrcFromFile\src\decoder_texture_IAP.c
"C:\Program Files (x86)\CMake 2.8\bin\cmake.exe" -E cmake_progress_report C:\Users\yolivave\work\orcc-gen\mpeg4Visual\serial\CBcknd\SrcFromFile\CMakeFiles 12
[ 84%] Building C object src/CMakeFiles/Top_decoder_serial.dir/decoder_texture_IQ.c.obj
cd /d C:\Users\yolivave\work\orcc-gen\mpeg4Visual\serial\CBcknd\SrcFromFile\src && C:\MinGW\bin\gcc.exe   -O3 -DNDEBUG @CMakeFiles/Top_decoder_serial.dir/includes_C.rsp   -march=native -o CMakeFiles\Top_decoder_serial.dir\decoder_texture_IQ.c.obj   -c C:\Users\yolivave\work\orcc-gen\mpeg4Visual\serial\CBcknd\SrcFromFile\src\decoder_texture_IQ.c
"C:\Program Files (x86)\CMake 2.8\bin\cmake.exe" -E cmake_progress_report C:\Users\yolivave\work\orcc-gen\mpeg4Visual\serial\CBcknd\SrcFromFile\CMakeFiles 13
[ 87%] Building C object src/CMakeFiles/Top_decoder_serial.dir/decoder_texture_idct2d.c.obj
cd /d C:\Users\yolivave\work\orcc-gen\mpeg4Visual\serial\CBcknd\SrcFromFile\src && C:\MinGW\bin\gcc.exe   -O3 -DNDEBUG @CMakeFiles/Top_decoder_serial.dir/includes_C.rsp   -march=native -o CMakeFiles\Top_decoder_serial.dir\decoder_texture_idct2d.c.obj   -c C:\Users\yolivave\work\orcc-gen\mpeg4Visual\serial\CBcknd\SrcFromFile\src\decoder_texture_idct2d.c
"C:\Program Files (x86)\CMake 2.8\bin\cmake.exe" -E cmake_progress_report C:\Users\yolivave\work\orcc-gen\mpeg4Visual\serial\CBcknd\SrcFromFile\CMakeFiles 14
[ 89%] Building C object src/CMakeFiles/Top_decoder_serial.dir/decoder_texture_DCReconstruction_addressing.c.obj
cd /d C:\Users\yolivave\work\orcc-gen\mpeg4Visual\serial\CBcknd\SrcFromFile\src && C:\MinGW\bin\gcc.exe   -O3 -DNDEBUG @CMakeFiles/Top_decoder_serial.dir/includes_C.rsp   -march=native -o CMakeFiles\Top_decoder_serial.dir\decoder_texture_DCReconstruction_addressing.c.obj   -c C:\Users\yolivave\work\orcc-gen\mpeg4Visual\serial\CBcknd\SrcFromFile\src\decoder_texture_DCReconstruction_addressing.c
"C:\Program Files (x86)\CMake 2.8\bin\cmake.exe" -E cmake_progress_report C:\Users\yolivave\work\orcc-gen\mpeg4Visual\serial\CBcknd\SrcFromFile\CMakeFiles 15
[ 92%] Building C object src/CMakeFiles/Top_decoder_serial.dir/decoder_texture_DCReconstruction_invpred.c.obj
cd /d C:\Users\yolivave\work\orcc-gen\mpeg4Visual\serial\CBcknd\SrcFromFile\src && C:\MinGW\bin\gcc.exe   -O3 -DNDEBUG @CMakeFiles/Top_decoder_serial.dir/includes_C.rsp   -march=native -o CMakeFiles\Top_decoder_serial.dir\decoder_texture_DCReconstruction_invpred.c.obj   -c C:\Users\yolivave\work\orcc-gen\mpeg4Visual\serial\CBcknd\SrcFromFile\src\decoder_texture_DCReconstruction_invpred.c
"C:\Program Files (x86)\CMake 2.8\bin\cmake.exe" -E cmake_progress_report C:\Users\yolivave\work\orcc-gen\mpeg4Visual\serial\CBcknd\SrcFromFile\CMakeFiles 16
[ 94%] Building C object src/CMakeFiles/Top_decoder_serial.dir/decoder_motion_interpolation.c.obj
cd /d C:\Users\yolivave\work\orcc-gen\mpeg4Visual\serial\CBcknd\SrcFromFile\src && C:\MinGW\bin\gcc.exe   -O3 -DNDEBUG @CMakeFiles/Top_decoder_serial.dir/includes_C.rsp   -march=native -o CMakeFiles\Top_decoder_serial.dir\decoder_motion_interpolation.c.obj   -c C:\Users\yolivave\work\orcc-gen\mpeg4Visual\serial\CBcknd\SrcFromFile\src\decoder_motion_interpolation.c
"C:\Program Files (x86)\CMake 2.8\bin\cmake.exe" -E cmake_progress_report C:\Users\yolivave\work\orcc-gen\mpeg4Visual\serial\CBcknd\SrcFromFile\CMakeFiles 17
[ 97%] Building C object src/CMakeFiles/Top_decoder_serial.dir/decoder_motion_add.c.obj
cd /d C:\Users\yolivave\work\orcc-gen\mpeg4Visual\serial\CBcknd\SrcFromFile\src && C:\MinGW\bin\gcc.exe   -O3 -DNDEBUG @CMakeFiles/Top_decoder_serial.dir/includes_C.rsp   -march=native -o CMakeFiles\Top_decoder_serial.dir\decoder_motion_add.c.obj   -c C:\Users\yolivave\work\orcc-gen\mpeg4Visual\serial\CBcknd\SrcFromFile\src\decoder_motion_add.c
"C:\Program Files (x86)\CMake 2.8\bin\cmake.exe" -E cmake_progress_report C:\Users\yolivave\work\orcc-gen\mpeg4Visual\serial\CBcknd\SrcFromFile\CMakeFiles 18
[100%] Building C object src/CMakeFiles/Top_decoder_serial.dir/decoder_motion_framebuf.c.obj
cd /d C:\Users\yolivave\work\orcc-gen\mpeg4Visual\serial\CBcknd\SrcFromFile\src && C:\MinGW\bin\gcc.exe   -O3 -DNDEBUG @CMakeFiles/Top_decoder_serial.dir/includes_C.rsp   -march=native -o CMakeFiles\Top_decoder_serial.dir\decoder_motion_framebuf.c.obj   -c C:\Users\yolivave\work\orcc-gen\mpeg4Visual\serial\CBcknd\SrcFromFile\src\decoder_motion_framebuf.c
Linking C executable ..\bin\Top_decoder_serial.exe
cd /d C:\Users\yolivave\work\orcc-gen\mpeg4Visual\serial\CBcknd\SrcFromFile\src && "C:\Program Files (x86)\CMake 2.8\bin\cmake.exe" -E cmake_link_script CMakeFiles\Top_decoder_serial.dir\link.txt --verbose=1
"C:\Program Files (x86)\CMake 2.8\bin\cmake.exe" -E remove -f CMakeFiles\Top_decoder_serial.dir/objects.a
C:\MinGW\bin\ar.exe cr CMakeFiles\Top_decoder_serial.dir/objects.a @CMakeFiles\Top_decoder_serial.dir\objects1.rsp
C:\MinGW\bin\gcc.exe  -O3 -DNDEBUG    -Wl,--whole-archive CMakeFiles\Top_decoder_serial.dir/objects.a -Wl,--no-whole-archive  -o ..\bin\Top_decoder_serial.exe -Wl,--out-implib,..\bin\libTop_decoder_serial.dll.a -Wl,--major-image-version,0,--minor-image-version,0  ..\libs\orcc\liborcc.a ..\libs\roxml\libroxml.a -lmingw32 ..\libs\windows\SDL-1.2.15\lib\x86\SDLmain.lib ..\libs\windows\SDL-1.2.15\lib\x86\SDL.dll -lkernel32 -luser32 -lgdi32 -lwinspool -lshell32 -lole32 -loleaut32 -luuid -lcomdlg32 -ladvapi32 
mingw32-make[2]: Leaving directory 'C:/Users/yolivave/work/orcc-gen/mpeg4Visual/serial/CBcknd/SrcFromFile'
"C:\Program Files (x86)\CMake 2.8\bin\cmake.exe" -E cmake_progress_report C:\Users\yolivave\work\orcc-gen\mpeg4Visual\serial\CBcknd\SrcFromFile\CMakeFiles  1 2 3 4 5 6 7 8 9 10 11 12 13 14 15 16 17 18
[100%] Built target Top_decoder_serial
mingw32-make[1]: Leaving directory 'C:/Users/yolivave/work/orcc-gen/mpeg4Visual/serial/CBcknd/SrcFromFile'
"C:\Program Files (x86)\CMake 2.8\bin\cmake.exe" -E cmake_progress_start C:\Users\yolivave\work\orcc-gen\mpeg4Visual\serial\CBcknd\SrcFromFile\CMakeFiles 0

17:34:07 Build Finished (took 20s.46ms)

