09:24:58 **** Build of project xilkernel_bsp_0 ****
make -k all 
cp -f micro_blaze_sub_system_microblaze_1/lib/libxil_init.a micro_blaze_sub_system_microblaze_1/lib/libxil.a
"Running Make include in micro_blaze_sub_system_microblaze_1/libsrc/axidma_v7_02_a/src"
make -C micro_blaze_sub_system_microblaze_1/libsrc/axidma_v7_02_a/src -s include  "SHELL=CMD" "COMPILER=mb-gcc" "ARCHIVER=mb-ar" "COMPILER_FLAGS= -O2 -c -mcpu=v9.2 -mlittle-endian -mno-xl-soft-mul -mxl-barrel-shift -mxl-pattern-compare" "EXTRA_COMPILER_FLAGS=-g -ffunction-sections -fdata-sections"
"Running Make include in micro_blaze_sub_system_microblaze_1/libsrc/axipmon_v5_00_a/src"
make -C micro_blaze_sub_system_microblaze_1/libsrc/axipmon_v5_00_a/src -s include  "SHELL=CMD" "COMPILER=mb-gcc" "ARCHIVER=mb-ar" "COMPILER_FLAGS= -O2 -c -mcpu=v9.2 -mlittle-endian -mno-xl-soft-mul -mxl-barrel-shift -mxl-pattern-compare" "EXTRA_COMPILER_FLAGS=-g -ffunction-sections -fdata-sections"
"Running Make include in micro_blaze_sub_system_microblaze_1/libsrc/bram_v3_03_a/src"
make -C micro_blaze_sub_system_microblaze_1/libsrc/bram_v3_03_a/src -s include  "SHELL=CMD" "COMPILER=mb-gcc" "ARCHIVER=mb-ar" "COMPILER_FLAGS= -O2 -c -mcpu=v9.2 -mlittle-endian -mno-xl-soft-mul -mxl-barrel-shift -mxl-pattern-compare" "EXTRA_COMPILER_FLAGS=-g -ffunction-sections -fdata-sections"
"Running Make include in micro_blaze_sub_system_microblaze_1/libsrc/cpu_v1_15_a/src"
make -C micro_blaze_sub_system_microblaze_1/libsrc/cpu_v1_15_a/src -s include  "SHELL=CMD" "COMPILER=mb-gcc" "ARCHIVER=mb-ar" "COMPILER_FLAGS= -O2 -c -mcpu=v9.2 -mlittle-endian -mno-xl-soft-mul -mxl-barrel-shift -mxl-pattern-compare" "EXTRA_COMPILER_FLAGS=-g -ffunction-sections -fdata-sections"
"Running Make include in micro_blaze_sub_system_microblaze_1/libsrc/emaclite_v3_04_a/src"
make -C micro_blaze_sub_system_microblaze_1/libsrc/emaclite_v3_04_a/src -s include  "SHELL=CMD" "COMPILER=mb-gcc" "ARCHIVER=mb-ar" "COMPILER_FLAGS= -O2 -c -mcpu=v9.2 -mlittle-endian -mno-xl-soft-mul -mxl-barrel-shift -mxl-pattern-compare" "EXTRA_COMPILER_FLAGS=-g -ffunction-sections -fdata-sections"
"Running Make include in micro_blaze_sub_system_microblaze_1/libsrc/gpio_v3_01_a/src"
make -C micro_blaze_sub_system_microblaze_1/libsrc/gpio_v3_01_a/src -s include  "SHELL=CMD" "COMPILER=mb-gcc" "ARCHIVER=mb-ar" "COMPILER_FLAGS= -O2 -c -mcpu=v9.2 -mlittle-endian -mno-xl-soft-mul -mxl-barrel-shift -mxl-pattern-compare" "EXTRA_COMPILER_FLAGS=-g -ffunction-sections -fdata-sections"
"Running Make include in micro_blaze_sub_system_microblaze_1/libsrc/intc_v2_07_a/src"
make -C micro_blaze_sub_system_microblaze_1/libsrc/intc_v2_07_a/src -s include  "SHELL=CMD" "COMPILER=mb-gcc" "ARCHIVER=mb-ar" "COMPILER_FLAGS= -O2 -c -mcpu=v9.2 -mlittle-endian -mno-xl-soft-mul -mxl-barrel-shift -mxl-pattern-compare" "EXTRA_COMPILER_FLAGS=-g -ffunction-sections -fdata-sections"
"Running Make include in micro_blaze_sub_system_microblaze_1/libsrc/lwip140_v1_06_a/src"
make -C micro_blaze_sub_system_microblaze_1/libsrc/lwip140_v1_06_a/src -s include  "SHELL=CMD" "COMPILER=mb-gcc" "ARCHIVER=mb-ar" "COMPILER_FLAGS= -O2 -c -mcpu=v9.2 -mlittle-endian -mno-xl-soft-mul -mxl-barrel-shift -mxl-pattern-compare" "EXTRA_COMPILER_FLAGS=-g -ffunction-sections -fdata-sections"
"Running Make include in micro_blaze_sub_system_microblaze_1/libsrc/standalone/src"
make -C micro_blaze_sub_system_microblaze_1/libsrc/standalone/src -s include  "SHELL=CMD" "COMPILER=mb-gcc" "ARCHIVER=mb-ar" "COMPILER_FLAGS= -O2 -c -mcpu=v9.2 -mlittle-endian -mno-xl-soft-mul -mxl-barrel-shift -mxl-pattern-compare" "EXTRA_COMPILER_FLAGS=-g -ffunction-sections -fdata-sections"
"Running Make include in micro_blaze_sub_system_microblaze_1/libsrc/tmrctr_v2_05_a/src"
make -C micro_blaze_sub_system_microblaze_1/libsrc/tmrctr_v2_05_a/src -s include  "SHELL=CMD" "COMPILER=mb-gcc" "ARCHIVER=mb-ar" "COMPILER_FLAGS= -O2 -c -mcpu=v9.2 -mlittle-endian -mno-xl-soft-mul -mxl-barrel-shift -mxl-pattern-compare" "EXTRA_COMPILER_FLAGS=-g -ffunction-sections -fdata-sections"
"Running Make include in micro_blaze_sub_system_microblaze_1/libsrc/trafgen_v2_01_a/src"
make -C micro_blaze_sub_system_microblaze_1/libsrc/trafgen_v2_01_a/src -s include  "SHELL=CMD" "COMPILER=mb-gcc" "ARCHIVER=mb-ar" "COMPILER_FLAGS= -O2 -c -mcpu=v9.2 -mlittle-endian -mno-xl-soft-mul -mxl-barrel-shift -mxl-pattern-compare" "EXTRA_COMPILER_FLAGS=-g -ffunction-sections -fdata-sections"
"Running Make include in micro_blaze_sub_system_microblaze_1/libsrc/uartlite_v2_01_a/src"
make -C micro_blaze_sub_system_microblaze_1/libsrc/uartlite_v2_01_a/src -s include  "SHELL=CMD" "COMPILER=mb-gcc" "ARCHIVER=mb-ar" "COMPILER_FLAGS= -O2 -c -mcpu=v9.2 -mlittle-endian -mno-xl-soft-mul -mxl-barrel-shift -mxl-pattern-compare" "EXTRA_COMPILER_FLAGS=-g -ffunction-sections -fdata-sections"
"Running Make include in micro_blaze_sub_system_microblaze_1/libsrc/xilkernel_v5_02_a/src"
make -C micro_blaze_sub_system_microblaze_1/libsrc/xilkernel_v5_02_a/src -s include  "SHELL=CMD" "COMPILER=mb-gcc" "ARCHIVER=mb-ar" "COMPILER_FLAGS= -O2 -c -mcpu=v9.2 -mlittle-endian -mno-xl-soft-mul -mxl-barrel-shift -mxl-pattern-compare" "EXTRA_COMPILER_FLAGS=-g -ffunction-sections -fdata-sections"
"Running Make include in micro_blaze_sub_system_microblaze_1/libsrc/xilmfs_v1_00_a/src"
make -C micro_blaze_sub_system_microblaze_1/libsrc/xilmfs_v1_00_a/src -s include  "SHELL=CMD" "COMPILER=mb-gcc" "ARCHIVER=mb-ar" "COMPILER_FLAGS= -O2 -c -mcpu=v9.2 -mlittle-endian -mno-xl-soft-mul -mxl-barrel-shift -mxl-pattern-compare" "EXTRA_COMPILER_FLAGS=-g -ffunction-sections -fdata-sections"
"Running Make libs in micro_blaze_sub_system_microblaze_1/libsrc/axidma_v7_02_a/src"
make -C micro_blaze_sub_system_microblaze_1/libsrc/axidma_v7_02_a/src -s libs  "SHELL=CMD" "COMPILER=mb-gcc" "ARCHIVER=mb-ar" "COMPILER_FLAGS= -O2 -c -mcpu=v9.2 -mlittle-endian -mno-xl-soft-mul -mxl-barrel-shift -mxl-pattern-compare" "EXTRA_COMPILER_FLAGS=-g -ffunction-sections -fdata-sections"
"Compiling axidma"
"Running Make libs in micro_blaze_sub_system_microblaze_1/libsrc/axipmon_v5_00_a/src"
make -C micro_blaze_sub_system_microblaze_1/libsrc/axipmon_v5_00_a/src -s libs  "SHELL=CMD" "COMPILER=mb-gcc" "ARCHIVER=mb-ar" "COMPILER_FLAGS= -O2 -c -mcpu=v9.2 -mlittle-endian -mno-xl-soft-mul -mxl-barrel-shift -mxl-pattern-compare" "EXTRA_COMPILER_FLAGS=-g -ffunction-sections -fdata-sections"
"Compiling axipmon"
"Running Make libs in micro_blaze_sub_system_microblaze_1/libsrc/bram_v3_03_a/src"
make -C micro_blaze_sub_system_microblaze_1/libsrc/bram_v3_03_a/src -s libs  "SHELL=CMD" "COMPILER=mb-gcc" "ARCHIVER=mb-ar" "COMPILER_FLAGS= -O2 -c -mcpu=v9.2 -mlittle-endian -mno-xl-soft-mul -mxl-barrel-shift -mxl-pattern-compare" "EXTRA_COMPILER_FLAGS=-g -ffunction-sections -fdata-sections"
"Compiling bram"
"Running Make libs in micro_blaze_sub_system_microblaze_1/libsrc/cpu_v1_15_a/src"
make -C micro_blaze_sub_system_microblaze_1/libsrc/cpu_v1_15_a/src -s libs  "SHELL=CMD" "COMPILER=mb-gcc" "ARCHIVER=mb-ar" "COMPILER_FLAGS= -O2 -c -mcpu=v9.2 -mlittle-endian -mno-xl-soft-mul -mxl-barrel-shift -mxl-pattern-compare" "EXTRA_COMPILER_FLAGS=-g -ffunction-sections -fdata-sections"
"Compiling cpu"
"Running Make libs in micro_blaze_sub_system_microblaze_1/libsrc/emaclite_v3_04_a/src"
make -C micro_blaze_sub_system_microblaze_1/libsrc/emaclite_v3_04_a/src -s libs  "SHELL=CMD" "COMPILER=mb-gcc" "ARCHIVER=mb-ar" "COMPILER_FLAGS= -O2 -c -mcpu=v9.2 -mlittle-endian -mno-xl-soft-mul -mxl-barrel-shift -mxl-pattern-compare" "EXTRA_COMPILER_FLAGS=-g -ffunction-sections -fdata-sections"
"Compiling emaclite"
"Running Make libs in micro_blaze_sub_system_microblaze_1/libsrc/gpio_v3_01_a/src"
make -C micro_blaze_sub_system_microblaze_1/libsrc/gpio_v3_01_a/src -s libs  "SHELL=CMD" "COMPILER=mb-gcc" "ARCHIVER=mb-ar" "COMPILER_FLAGS= -O2 -c -mcpu=v9.2 -mlittle-endian -mno-xl-soft-mul -mxl-barrel-shift -mxl-pattern-compare" "EXTRA_COMPILER_FLAGS=-g -ffunction-sections -fdata-sections"
"Compiling gpio"
"Running Make libs in micro_blaze_sub_system_microblaze_1/libsrc/intc_v2_07_a/src"
make -C micro_blaze_sub_system_microblaze_1/libsrc/intc_v2_07_a/src -s libs  "SHELL=CMD" "COMPILER=mb-gcc" "ARCHIVER=mb-ar" "COMPILER_FLAGS= -O2 -c -mcpu=v9.2 -mlittle-endian -mno-xl-soft-mul -mxl-barrel-shift -mxl-pattern-compare" "EXTRA_COMPILER_FLAGS=-g -ffunction-sections -fdata-sections"
"Compiling intc"
"Running Make libs in micro_blaze_sub_system_microblaze_1/libsrc/lwip140_v1_06_a/src"
make -C micro_blaze_sub_system_microblaze_1/libsrc/lwip140_v1_06_a/src -s libs  "SHELL=CMD" "COMPILER=mb-gcc" "ARCHIVER=mb-ar" "COMPILER_FLAGS= -O2 -c -mcpu=v9.2 -mlittle-endian -mno-xl-soft-mul -mxl-barrel-shift -mxl-pattern-compare" "EXTRA_COMPILER_FLAGS=-g -ffunction-sections -fdata-sections"
"Compiling lwIP"
In file included from lwip-1.4.0/src/core/init.c:43:0:
../../../include/lwip/sys.h:138:19: error: unknown type name 'sys_sem_t'
 err_t sys_sem_new(sys_sem_t *sem, u8_t count);
                   ^
../../../include/lwip/sys.h:141:21: error: unknown type name 'sys_sem_t'
 void sys_sem_signal(sys_sem_t *sem);
                     ^
../../../include/lwip/sys.h:147:25: error: unknown type name 'sys_sem_t'
 u32_t sys_arch_sem_wait(sys_sem_t *sem, u32_t timeout);
                         ^
../../../include/lwip/sys.h:150:19: error: unknown type name 'sys_sem_t'
 void sys_sem_free(sys_sem_t *sem);
                   ^
../../../include/lwip/sys.h:155:19: error: unknown type name 'sys_sem_t'
 int sys_sem_valid(sys_sem_t *sem);
                   ^
../../../include/lwip/sys.h:159:26: error: unknown type name 'sys_sem_t'
 void sys_sem_set_invalid(sys_sem_t *sem);
                          ^
../../../include/lwip/sys.h:173:20: error: unknown type name 'sys_mbox_t'
 err_t sys_mbox_new(sys_mbox_t *mbox, int size);
                    ^
../../../include/lwip/sys.h:178:20: error: unknown type name 'sys_mbox_t'
 void sys_mbox_post(sys_mbox_t *mbox, void *msg);
                    ^
../../../include/lwip/sys.h:182:24: error: unknown type name 'sys_mbox_t'
 err_t sys_mbox_trypost(sys_mbox_t *mbox, void *msg);
                        ^
../../../include/lwip/sys.h:190:27: error: unknown type name 'sys_mbox_t'
 u32_t sys_arch_mbox_fetch(sys_mbox_t *mbox, void **msg, u32_t timeout);
                           ^
../../../include/lwip/sys.h:199:30: error: unknown type name 'sys_mbox_t'
 u32_t sys_arch_mbox_tryfetch(sys_mbox_t *mbox, void **msg);
                              ^
../../../include/lwip/sys.h:205:20: error: unknown type name 'sys_mbox_t'
 void sys_mbox_free(sys_mbox_t *mbox);
                    ^
../../../include/lwip/sys.h:209:20: error: unknown type name 'sys_mbox_t'
 int sys_mbox_valid(sys_mbox_t *mbox);
                    ^
../../../include/lwip/sys.h:213:27: error: unknown type name 'sys_mbox_t'
 void sys_mbox_set_invalid(sys_mbox_t *mbox);
                           ^
../../../include/lwip/sys.h:223:1: error: unknown type name 'sys_thread_t'
 sys_thread_t sys_thread_new(const char *name, lwip_thread_fn thread, void *arg, int stacksize, int prio);
 ^
../../../include/lwip/sys.h:295:1: error: unknown type name 'sys_prot_t'
 sys_prot_t sys_arch_protect(void);
 ^
../../../include/lwip/sys.h:296:25: error: unknown type name 'sys_prot_t'
 void sys_arch_unprotect(sys_prot_t pval);
                         ^
In file included from lwip-1.4.0/src/core/init.c:57:0:
../../../include/lwip/timers.h:89:30: error: unknown type name 'sys_mbox_t'
 void sys_timeouts_mbox_fetch(sys_mbox_t *mbox, void **msg);
                              ^
In file included from ../../../include/lwip/api_msg.h:45:0,
                 from ../../../include/lwip/tcpip.h:39,
                 from lwip-1.4.0/src/core/init.c:61:
../../../include/lwip/api.h:149:3: error: unknown type name 'sys_sem_t'
   sys_sem_t op_completed;
   ^
../../../include/lwip/api.h:152:3: error: unknown type name 'sys_mbox_t'
   sys_mbox_t recvmbox;
   ^
../../../include/lwip/api.h:156:3: error: unknown type name 'sys_mbox_t'
   sys_mbox_t acceptmbox;
   ^
In file included from lwip-1.4.0/src/core/init.c:61:0:
../../../include/lwip/tcpip.h:127:3: error: unknown type name 'sys_sem_t'
   sys_sem_t *sem;
   ^
make[1]: *** [lwip-1.4.0/src/core/init.o] Erreur 1
In file included from lwip-1.4.0/src/core/mem.c:62:0:
../../../include/lwip/sys.h:138:19: error: unknown type name 'sys_sem_t'
 err_t sys_sem_new(sys_sem_t *sem, u8_t count);
                   ^
../../../include/lwip/sys.h:141:21: error: unknown type name 'sys_sem_t'
 void sys_sem_signal(sys_sem_t *sem);
                     ^
../../../include/lwip/sys.h:147:25: error: unknown type name 'sys_sem_t'
 u32_t sys_arch_sem_wait(sys_sem_t *sem, u32_t timeout);
                         ^
../../../include/lwip/sys.h:150:19: error: unknown type name 'sys_sem_t'
 void sys_sem_free(sys_sem_t *sem);
                   ^
../../../include/lwip/sys.h:155:19: error: unknown type name 'sys_sem_t'
 int sys_sem_valid(sys_sem_t *sem);
                   ^
../../../include/lwip/sys.h:159:26: error: unknown type name 'sys_sem_t'
 void sys_sem_set_invalid(sys_sem_t *sem);
                          ^
../../../include/lwip/sys.h:173:20: error: unknown type name 'sys_mbox_t'
 err_t sys_mbox_new(sys_mbox_t *mbox, int size);
                    ^
../../../include/lwip/sys.h:178:20: error: unknown type name 'sys_mbox_t'
 void sys_mbox_post(sys_mbox_t *mbox, void *msg);
                    ^
../../../include/lwip/sys.h:182:24: error: unknown type name 'sys_mbox_t'
 err_t sys_mbox_trypost(sys_mbox_t *mbox, void *msg);
                        ^
../../../include/lwip/sys.h:190:27: error: unknown type name 'sys_mbox_t'
 u32_t sys_arch_mbox_fetch(sys_mbox_t *mbox, void **msg, u32_t timeout);
                           ^
../../../include/lwip/sys.h:199:30: error: unknown type name 'sys_mbox_t'
 u32_t sys_arch_mbox_tryfetch(sys_mbox_t *mbox, void **msg);
                              ^
../../../include/lwip/sys.h:205:20: error: unknown type name 'sys_mbox_t'
 void sys_mbox_free(sys_mbox_t *mbox);
                    ^
../../../include/lwip/sys.h:209:20: error: unknown type name 'sys_mbox_t'
 int sys_mbox_valid(sys_mbox_t *mbox);
                    ^
../../../include/lwip/sys.h:213:27: error: unknown type name 'sys_mbox_t'
 void sys_mbox_set_invalid(sys_mbox_t *mbox);
                           ^
../../../include/lwip/sys.h:223:1: error: unknown type name 'sys_thread_t'
 sys_thread_t sys_thread_new(const char *name, lwip_thread_fn thread, void *arg, int stacksize, int prio);
 ^
../../../include/lwip/sys.h:295:1: error: unknown type name 'sys_prot_t'
 sys_prot_t sys_arch_protect(void);
 ^
../../../include/lwip/sys.h:296:25: error: unknown type name 'sys_prot_t'
 void sys_arch_unprotect(sys_prot_t pval);
                         ^
lwip-1.4.0/src/core/mem.c:193:1: error: unknown type name 'sys_sem_t'
 static sys_mutex_t mem_mutex;
 ^
In file included from lwip-1.4.0/src/core/mem.c:62:0:
lwip-1.4.0/src/core/mem.c: In function 'mem_free':
../../../include/lwip/sys.h:257:36: error: unknown type name 'sys_prot_t'
 #define SYS_ARCH_DECL_PROTECT(lev) sys_prot_t lev
                                    ^
lwip-1.4.0/src/core/mem.c:323:5: note: in expansion of macro 'SYS_ARCH_DECL_PROTECT'
     SYS_ARCH_DECL_PROTECT(lev);
     ^
lwip-1.4.0/src/core/mem.c: In function 'mem_trim':
../../../include/lwip/sys.h:257:36: error: unknown type name 'sys_prot_t'
 #define SYS_ARCH_DECL_PROTECT(lev) sys_prot_t lev
                                    ^
lwip-1.4.0/src/core/mem.c:391:5: note: in expansion of macro 'SYS_ARCH_DECL_PROTECT'
     SYS_ARCH_DECL_PROTECT(lev);
     ^
make[1]: *** [lwip-1.4.0/src/core/mem.o] Erreur 1
In file included from ../../../include/lwip/tcp.h:39:0,
                 from ../../../include/lwip/tcp_impl.h:39,
                 from lwip-1.4.0/src/core/memp.c:47:
../../../include/lwip/sys.h:138:19: error: unknown type name 'sys_sem_t'
 err_t sys_sem_new(sys_sem_t *sem, u8_t count);
                   ^
../../../include/lwip/sys.h:141:21: error: unknown type name 'sys_sem_t'
 void sys_sem_signal(sys_sem_t *sem);
                     ^
../../../include/lwip/sys.h:147:25: error: unknown type name 'sys_sem_t'
 u32_t sys_arch_sem_wait(sys_sem_t *sem, u32_t timeout);
                         ^
../../../include/lwip/sys.h:150:19: error: unknown type name 'sys_sem_t'
 void sys_sem_free(sys_sem_t *sem);
                   ^
../../../include/lwip/sys.h:155:19: error: unknown type name 'sys_sem_t'
 int sys_sem_valid(sys_sem_t *sem);
                   ^
../../../include/lwip/sys.h:159:26: error: unknown type name 'sys_sem_t'
 void sys_sem_set_invalid(sys_sem_t *sem);
                          ^
../../../include/lwip/sys.h:173:20: error: unknown type name 'sys_mbox_t'
 err_t sys_mbox_new(sys_mbox_t *mbox, int size);
                    ^
../../../include/lwip/sys.h:178:20: error: unknown type name 'sys_mbox_t'
 void sys_mbox_post(sys_mbox_t *mbox, void *msg);
                    ^
../../../include/lwip/sys.h:182:24: error: unknown type name 'sys_mbox_t'
 err_t sys_mbox_trypost(sys_mbox_t *mbox, void *msg);
                        ^
../../../include/lwip/sys.h:190:27: error: unknown type name 'sys_mbox_t'
 u32_t sys_arch_mbox_fetch(sys_mbox_t *mbox, void **msg, u32_t timeout);
                           ^
../../../include/lwip/sys.h:199:30: error: unknown type name 'sys_mbox_t'
 u32_t sys_arch_mbox_tryfetch(sys_mbox_t *mbox, void **msg);
                              ^
../../../include/lwip/sys.h:205:20: error: unknown type name 'sys_mbox_t'
 void sys_mbox_free(sys_mbox_t *mbox);
                    ^
../../../include/lwip/sys.h:209:20: error: unknown type name 'sys_mbox_t'
 int sys_mbox_valid(sys_mbox_t *mbox);
                    ^
../../../include/lwip/sys.h:213:27: error: unknown type name 'sys_mbox_t'
 void sys_mbox_set_invalid(sys_mbox_t *mbox);
                           ^
../../../include/lwip/sys.h:223:1: error: unknown type name 'sys_thread_t'
 sys_thread_t sys_thread_new(const char *name, lwip_thread_fn thread, void *arg, int stacksize, int prio);
 ^
../../../include/lwip/sys.h:295:1: error: unknown type name 'sys_prot_t'
 sys_prot_t sys_arch_protect(void);
 ^
../../../include/lwip/sys.h:296:25: error: unknown type name 'sys_prot_t'
 void sys_arch_unprotect(sys_prot_t pval);
                         ^
In file included from lwip-1.4.0/src/core/memp.c:49:0:
../../../include/lwip/api.h:149:3: error: unknown type name 'sys_sem_t'
   sys_sem_t op_completed;
   ^
../../../include/lwip/api.h:152:3: error: unknown type name 'sys_mbox_t'
   sys_mbox_t recvmbox;
   ^
../../../include/lwip/api.h:156:3: error: unknown type name 'sys_mbox_t'
   sys_mbox_t acceptmbox;
   ^
In file included from ../../../include/lwip/tcpip.h:44:0,
                 from lwip-1.4.0/src/core/memp.c:51:
../../../include/lwip/timers.h:89:30: error: unknown type name 'sys_mbox_t'
 void sys_timeouts_mbox_fetch(sys_mbox_t *mbox, void **msg);
                              ^
In file included from lwip-1.4.0/src/core/memp.c:51:0:
../../../include/lwip/tcpip.h:127:3: error: unknown type name 'sys_sem_t'
   sys_sem_t *sem;
   ^
In file included from ../../../include/lwip/tcp.h:39:0,
                 from ../../../include/lwip/tcp_impl.h:39,
                 from lwip-1.4.0/src/core/memp.c:47:
lwip-1.4.0/src/core/memp.c: In function 'memp_malloc':
../../../include/lwip/sys.h:257:36: error: unknown type name 'sys_prot_t'
 #define SYS_ARCH_DECL_PROTECT(lev) sys_prot_t lev
                                    ^
lwip-1.4.0/src/core/memp.c:395:3: note: in expansion of macro 'SYS_ARCH_DECL_PROTECT'
   SYS_ARCH_DECL_PROTECT(old_level);
   ^
lwip-1.4.0/src/core/memp.c: In function 'memp_free':
../../../include/lwip/sys.h:257:36: error: unknown type name 'sys_prot_t'
 #define SYS_ARCH_DECL_PROTECT(lev) sys_prot_t lev
                                    ^
lwip-1.4.0/src/core/memp.c:437:3: note: in expansion of macro 'SYS_ARCH_DECL_PROTECT'
   SYS_ARCH_DECL_PROTECT(old_level);
   ^
make[1]: *** [lwip-1.4.0/src/core/memp.o] Erreur 1
In file included from ../../../include/lwip/tcp.h:39:0,
                 from ../../../include/lwip/tcp_impl.h:39,
                 from lwip-1.4.0/src/core/netif.c:44:
../../../include/lwip/sys.h:138:19: error: unknown type name 'sys_sem_t'
 err_t sys_sem_new(sys_sem_t *sem, u8_t count);
                   ^
../../../include/lwip/sys.h:141:21: error: unknown type name 'sys_sem_t'
 void sys_sem_signal(sys_sem_t *sem);
                     ^
../../../include/lwip/sys.h:147:25: error: unknown type name 'sys_sem_t'
 u32_t sys_arch_sem_wait(sys_sem_t *sem, u32_t timeout);
                         ^
../../../include/lwip/sys.h:150:19: error: unknown type name 'sys_sem_t'
 void sys_sem_free(sys_sem_t *sem);
                   ^
../../../include/lwip/sys.h:155:19: error: unknown type name 'sys_sem_t'
 int sys_sem_valid(sys_sem_t *sem);
                   ^
../../../include/lwip/sys.h:159:26: error: unknown type name 'sys_sem_t'
 void sys_sem_set_invalid(sys_sem_t *sem);
                          ^
../../../include/lwip/sys.h:173:20: error: unknown type name 'sys_mbox_t'
 err_t sys_mbox_new(sys_mbox_t *mbox, int size);
                    ^
../../../include/lwip/sys.h:178:20: error: unknown type name 'sys_mbox_t'
 void sys_mbox_post(sys_mbox_t *mbox, void *msg);
                    ^
../../../include/lwip/sys.h:182:24: error: unknown type name 'sys_mbox_t'
 err_t sys_mbox_trypost(sys_mbox_t *mbox, void *msg);
                        ^
../../../include/lwip/sys.h:190:27: error: unknown type name 'sys_mbox_t'
 u32_t sys_arch_mbox_fetch(sys_mbox_t *mbox, void **msg, u32_t timeout);
                           ^
../../../include/lwip/sys.h:199:30: error: unknown type name 'sys_mbox_t'
 u32_t sys_arch_mbox_tryfetch(sys_mbox_t *mbox, void **msg);
                              ^
../../../include/lwip/sys.h:205:20: error: unknown type name 'sys_mbox_t'
 void sys_mbox_free(sys_mbox_t *mbox);
                    ^
../../../include/lwip/sys.h:209:20: error: unknown type name 'sys_mbox_t'
 int sys_mbox_valid(sys_mbox_t *mbox);
                    ^
../../../include/lwip/sys.h:213:27: error: unknown type name 'sys_mbox_t'
 void sys_mbox_set_invalid(sys_mbox_t *mbox);
                           ^
../../../include/lwip/sys.h:223:1: error: unknown type name 'sys_thread_t'
 sys_thread_t sys_thread_new(const char *name, lwip_thread_fn thread, void *arg, int stacksize, int prio);
 ^
../../../include/lwip/sys.h:295:1: error: unknown type name 'sys_prot_t'
 sys_prot_t sys_arch_protect(void);
 ^
../../../include/lwip/sys.h:296:25: error: unknown type name 'sys_prot_t'
 void sys_arch_unprotect(sys_prot_t pval);
                         ^
make[1]: *** [lwip-1.4.0/src/core/netif.o] Erreur 1
In file included from lwip-1.4.0/src/core/pbuf.c:71:0:
../../../include/lwip/sys.h:138:19: error: unknown type name 'sys_sem_t'
 err_t sys_sem_new(sys_sem_t *sem, u8_t count);
                   ^
../../../include/lwip/sys.h:141:21: error: unknown type name 'sys_sem_t'
 void sys_sem_signal(sys_sem_t *sem);
                     ^
../../../include/lwip/sys.h:147:25: error: unknown type name 'sys_sem_t'
 u32_t sys_arch_sem_wait(sys_sem_t *sem, u32_t timeout);
                         ^
../../../include/lwip/sys.h:150:19: error: unknown type name 'sys_sem_t'
 void sys_sem_free(sys_sem_t *sem);
                   ^
../../../include/lwip/sys.h:155:19: error: unknown type name 'sys_sem_t'
 int sys_sem_valid(sys_sem_t *sem);
                   ^
../../../include/lwip/sys.h:159:26: error: unknown type name 'sys_sem_t'
 void sys_sem_set_invalid(sys_sem_t *sem);
                          ^
../../../include/lwip/sys.h:173:20: error: unknown type name 'sys_mbox_t'
 err_t sys_mbox_new(sys_mbox_t *mbox, int size);
                    ^
../../../include/lwip/sys.h:178:20: error: unknown type name 'sys_mbox_t'
 void sys_mbox_post(sys_mbox_t *mbox, void *msg);
                    ^
../../../include/lwip/sys.h:182:24: error: unknown type name 'sys_mbox_t'
 err_t sys_mbox_trypost(sys_mbox_t *mbox, void *msg);
                        ^
../../../include/lwip/sys.h:190:27: error: unknown type name 'sys_mbox_t'
 u32_t sys_arch_mbox_fetch(sys_mbox_t *mbox, void **msg, u32_t timeout);
                           ^
../../../include/lwip/sys.h:199:30: error: unknown type name 'sys_mbox_t'
 u32_t sys_arch_mbox_tryfetch(sys_mbox_t *mbox, void **msg);
                              ^
../../../include/lwip/sys.h:205:20: error: unknown type name 'sys_mbox_t'
 void sys_mbox_free(sys_mbox_t *mbox);
                    ^
../../../include/lwip/sys.h:209:20: error: unknown type name 'sys_mbox_t'
 int sys_mbox_valid(sys_mbox_t *mbox);
                    ^
../../../include/lwip/sys.h:213:27: error: unknown type name 'sys_mbox_t'
 void sys_mbox_set_invalid(sys_mbox_t *mbox);
                           ^
../../../include/lwip/sys.h:223:1: error: unknown type name 'sys_thread_t'
 sys_thread_t sys_thread_new(const char *name, lwip_thread_fn thread, void *arg, int stacksize, int prio);
 ^
../../../include/lwip/sys.h:295:1: error: unknown type name 'sys_prot_t'
 sys_prot_t sys_arch_protect(void);
 ^
../../../include/lwip/sys.h:296:25: error: unknown type name 'sys_prot_t'
 void sys_arch_unprotect(sys_prot_t pval);
                         ^
In file included from ../../../include/lwip/api_msg.h:45:0,
                 from ../../../include/lwip/tcpip.h:39,
                 from lwip-1.4.0/src/core/pbuf.c:96:
../../../include/lwip/api.h:149:3: error: unknown type name 'sys_sem_t'
   sys_sem_t op_completed;
   ^
../../../include/lwip/api.h:152:3: error: unknown type name 'sys_mbox_t'
   sys_mbox_t recvmbox;
   ^
../../../include/lwip/api.h:156:3: error: unknown type name 'sys_mbox_t'
   sys_mbox_t acceptmbox;
   ^
In file included from ../../../include/lwip/tcpip.h:44:0,
                 from lwip-1.4.0/src/core/pbuf.c:96:
../../../include/lwip/timers.h:89:30: error: unknown type name 'sys_mbox_t'
 void sys_timeouts_mbox_fetch(sys_mbox_t *mbox, void **msg);
                              ^
In file included from lwip-1.4.0/src/core/pbuf.c:96:0:
../../../include/lwip/tcpip.h:127:3: error: unknown type name 'sys_sem_t'
   sys_sem_t *sem;
   ^
In file included from lwip-1.4.0/src/core/pbuf.c:71:0:
lwip-1.4.0/src/core/pbuf.c: In function 'pbuf_free_ooseq':
../../../include/lwip/sys.h:257:36: error: unknown type name 'sys_prot_t'
 #define SYS_ARCH_DECL_PROTECT(lev) sys_prot_t lev
                                    ^
lwip-1.4.0/src/core/pbuf.c:111:3: note: in expansion of macro 'SYS_ARCH_DECL_PROTECT'
   SYS_ARCH_DECL_PROTECT(old_level);
   ^
lwip-1.4.0/src/core/pbuf.c: In function 'pbuf_pool_is_empty':
../../../include/lwip/sys.h:257:36: error: unknown type name 'sys_prot_t'
 #define SYS_ARCH_DECL_PROTECT(lev) sys_prot_t lev
                                    ^
lwip-1.4.0/src/core/pbuf.c:134:3: note: in expansion of macro 'SYS_ARCH_DECL_PROTECT'
   SYS_ARCH_DECL_PROTECT(old_level);
   ^
lwip-1.4.0/src/core/pbuf.c: In function 'pbuf_free':
../../../include/lwip/sys.h:257:36: error: unknown type name 'sys_prot_t'
 #define SYS_ARCH_DECL_PROTECT(lev) sys_prot_t lev
                                    ^
lwip-1.4.0/src/core/pbuf.c:621:5: note: in expansion of macro 'SYS_ARCH_DECL_PROTECT'
     SYS_ARCH_DECL_PROTECT(old_level);
     ^
lwip-1.4.0/src/core/pbuf.c: In function 'pbuf_ref':
../../../include/lwip/sys.h:257:36: error: unknown type name 'sys_prot_t'
 #define SYS_ARCH_DECL_PROTECT(lev) sys_prot_t lev
                                    ^
lwip-1.4.0/src/core/pbuf.c:702:3: note: in expansion of macro 'SYS_ARCH_DECL_PROTECT'
   SYS_ARCH_DECL_PROTECT(old_level);
   ^
make[1]: *** [lwip-1.4.0/src/core/pbuf.o] Erreur 1
In file included from ../../../include/lwip/timers.h:44:0,
                 from lwip-1.4.0/src/core/timers.c:44:
../../../include/lwip/sys.h:138:19: error: unknown type name 'sys_sem_t'
 err_t sys_sem_new(sys_sem_t *sem, u8_t count);
                   ^
../../../include/lwip/sys.h:141:21: error: unknown type name 'sys_sem_t'
 void sys_sem_signal(sys_sem_t *sem);
                     ^
../../../include/lwip/sys.h:147:25: error: unknown type name 'sys_sem_t'
 u32_t sys_arch_sem_wait(sys_sem_t *sem, u32_t timeout);
                         ^
../../../include/lwip/sys.h:150:19: error: unknown type name 'sys_sem_t'
 void sys_sem_free(sys_sem_t *sem);
                   ^
../../../include/lwip/sys.h:155:19: error: unknown type name 'sys_sem_t'
 int sys_sem_valid(sys_sem_t *sem);
                   ^
../../../include/lwip/sys.h:159:26: error: unknown type name 'sys_sem_t'
 void sys_sem_set_invalid(sys_sem_t *sem);
                          ^
../../../include/lwip/sys.h:173:20: error: unknown type name 'sys_mbox_t'
 err_t sys_mbox_new(sys_mbox_t *mbox, int size);
                    ^
../../../include/lwip/sys.h:178:20: error: unknown type name 'sys_mbox_t'
 void sys_mbox_post(sys_mbox_t *mbox, void *msg);
                    ^
../../../include/lwip/sys.h:182:24: error: unknown type name 'sys_mbox_t'
 err_t sys_mbox_trypost(sys_mbox_t *mbox, void *msg);
                        ^
../../../include/lwip/sys.h:190:27: error: unknown type name 'sys_mbox_t'
 u32_t sys_arch_mbox_fetch(sys_mbox_t *mbox, void **msg, u32_t timeout);
                           ^
../../../include/lwip/sys.h:199:30: error: unknown type name 'sys_mbox_t'
 u32_t sys_arch_mbox_tryfetch(sys_mbox_t *mbox, void **msg);
                              ^
../../../include/lwip/sys.h:205:20: error: unknown type name 'sys_mbox_t'
 void sys_mbox_free(sys_mbox_t *mbox);
                    ^
../../../include/lwip/sys.h:209:20: error: unknown type name 'sys_mbox_t'
 int sys_mbox_valid(sys_mbox_t *mbox);
                    ^
../../../include/lwip/sys.h:213:27: error: unknown type name 'sys_mbox_t'
 void sys_mbox_set_invalid(sys_mbox_t *mbox);
                           ^
../../../include/lwip/sys.h:223:1: error: unknown type name 'sys_thread_t'
 sys_thread_t sys_thread_new(const char *name, lwip_thread_fn thread, void *arg, int stacksize, int prio);
 ^
../../../include/lwip/sys.h:295:1: error: unknown type name 'sys_prot_t'
 sys_prot_t sys_arch_protect(void);
 ^
../../../include/lwip/sys.h:296:25: error: unknown type name 'sys_prot_t'
 void sys_arch_unprotect(sys_prot_t pval);
                         ^
In file included from lwip-1.4.0/src/core/timers.c:44:0:
../../../include/lwip/timers.h:89:30: error: unknown type name 'sys_mbox_t'
 void sys_timeouts_mbox_fetch(sys_mbox_t *mbox, void **msg);
                              ^
In file included from ../../../include/lwip/api_msg.h:45:0,
                 from ../../../include/lwip/tcpip.h:39,
                 from lwip-1.4.0/src/core/timers.c:51:
../../../include/lwip/api.h:149:3: error: unknown type name 'sys_sem_t'
   sys_sem_t op_completed;
   ^
../../../include/lwip/api.h:152:3: error: unknown type name 'sys_mbox_t'
   sys_mbox_t recvmbox;
   ^
../../../include/lwip/api.h:156:3: error: unknown type name 'sys_mbox_t'
   sys_mbox_t acceptmbox;
   ^
In file included from lwip-1.4.0/src/core/timers.c:51:0:
../../../include/lwip/tcpip.h:127:3: error: unknown type name 'sys_sem_t'
   sys_sem_t *sem;
   ^
lwip-1.4.0/src/core/timers.c:418:25: error: unknown type name 'sys_mbox_t'
 sys_timeouts_mbox_fetch(sys_mbox_t *mbox, void **msg)
                         ^
make[1]: *** [lwip-1.4.0/src/core/timers.o] Erreur 1
In file included from lwip-1.4.0/src/core/sys.c:41:0:
../../../include/lwip/sys.h:138:19: error: unknown type name 'sys_sem_t'
 err_t sys_sem_new(sys_sem_t *sem, u8_t count);
                   ^
../../../include/lwip/sys.h:141:21: error: unknown type name 'sys_sem_t'
 void sys_sem_signal(sys_sem_t *sem);
                     ^
../../../include/lwip/sys.h:147:25: error: unknown type name 'sys_sem_t'
 u32_t sys_arch_sem_wait(sys_sem_t *sem, u32_t timeout);
                         ^
../../../include/lwip/sys.h:150:19: error: unknown type name 'sys_sem_t'
 void sys_sem_free(sys_sem_t *sem);
                   ^
../../../include/lwip/sys.h:155:19: error: unknown type name 'sys_sem_t'
 int sys_sem_valid(sys_sem_t *sem);
                   ^
../../../include/lwip/sys.h:159:26: error: unknown type name 'sys_sem_t'
 void sys_sem_set_invalid(sys_sem_t *sem);
                          ^
../../../include/lwip/sys.h:173:20: error: unknown type name 'sys_mbox_t'
 err_t sys_mbox_new(sys_mbox_t *mbox, int size);
                    ^
../../../include/lwip/sys.h:178:20: error: unknown type name 'sys_mbox_t'
 void sys_mbox_post(sys_mbox_t *mbox, void *msg);
                    ^
../../../include/lwip/sys.h:182:24: error: unknown type name 'sys_mbox_t'
 err_t sys_mbox_trypost(sys_mbox_t *mbox, void *msg);
                        ^
../../../include/lwip/sys.h:190:27: error: unknown type name 'sys_mbox_t'
 u32_t sys_arch_mbox_fetch(sys_mbox_t *mbox, void **msg, u32_t timeout);
                           ^
../../../include/lwip/sys.h:199:30: error: unknown type name 'sys_mbox_t'
 u32_t sys_arch_mbox_tryfetch(sys_mbox_t *mbox, void **msg);
                              ^
../../../include/lwip/sys.h:205:20: error: unknown type name 'sys_mbox_t'
 void sys_mbox_free(sys_mbox_t *mbox);
                    ^
../../../include/lwip/sys.h:209:20: error: unknown type name 'sys_mbox_t'
 int sys_mbox_valid(sys_mbox_t *mbox);
                    ^
../../../include/lwip/sys.h:213:27: error: unknown type name 'sys_mbox_t'
 void sys_mbox_set_invalid(sys_mbox_t *mbox);
                           ^
../../../include/lwip/sys.h:223:1: error: unknown type name 'sys_thread_t'
 sys_thread_t sys_thread_new(const char *name, lwip_thread_fn thread, void *arg, int stacksize, int prio);
 ^
../../../include/lwip/sys.h:295:1: error: unknown type name 'sys_prot_t'
 sys_prot_t sys_arch_protect(void);
 ^
../../../include/lwip/sys.h:296:25: error: unknown type name 'sys_prot_t'
 void sys_arch_unprotect(sys_prot_t pval);
                         ^
lwip-1.4.0/src/core/sys.c: In function 'sys_msleep':
lwip-1.4.0/src/core/sys.c:57:5: error: unknown type name 'sys_sem_t'
     sys_sem_t delaysem;
     ^
make[1]: *** [lwip-1.4.0/src/core/sys.o] Erreur 1
In file included from ../../../include/lwip/tcp.h:39:0,
                 from ../../../include/lwip/tcp_impl.h:39,
                 from lwip-1.4.0/src/core/ipv4/ip.c:52:
../../../include/lwip/sys.h:138:19: error: unknown type name 'sys_sem_t'
 err_t sys_sem_new(sys_sem_t *sem, u8_t count);
                   ^
../../../include/lwip/sys.h:141:21: error: unknown type name 'sys_sem_t'
 void sys_sem_signal(sys_sem_t *sem);
                     ^
../../../include/lwip/sys.h:147:25: error: unknown type name 'sys_sem_t'
 u32_t sys_arch_sem_wait(sys_sem_t *sem, u32_t timeout);
                         ^
../../../include/lwip/sys.h:150:19: error: unknown type name 'sys_sem_t'
 void sys_sem_free(sys_sem_t *sem);
                   ^
../../../include/lwip/sys.h:155:19: error: unknown type name 'sys_sem_t'
 int sys_sem_valid(sys_sem_t *sem);
                   ^
../../../include/lwip/sys.h:159:26: error: unknown type name 'sys_sem_t'
 void sys_sem_set_invalid(sys_sem_t *sem);
                          ^
../../../include/lwip/sys.h:173:20: error: unknown type name 'sys_mbox_t'
 err_t sys_mbox_new(sys_mbox_t *mbox, int size);
                    ^
../../../include/lwip/sys.h:178:20: error: unknown type name 'sys_mbox_t'
 void sys_mbox_post(sys_mbox_t *mbox, void *msg);
                    ^
../../../include/lwip/sys.h:182:24: error: unknown type name 'sys_mbox_t'
 err_t sys_mbox_trypost(sys_mbox_t *mbox, void *msg);
                        ^
../../../include/lwip/sys.h:190:27: error: unknown type name 'sys_mbox_t'
 u32_t sys_arch_mbox_fetch(sys_mbox_t *mbox, void **msg, u32_t timeout);
                           ^
../../../include/lwip/sys.h:199:30: error: unknown type name 'sys_mbox_t'
 u32_t sys_arch_mbox_tryfetch(sys_mbox_t *mbox, void **msg);
                              ^
../../../include/lwip/sys.h:205:20: error: unknown type name 'sys_mbox_t'
 void sys_mbox_free(sys_mbox_t *mbox);
                    ^
../../../include/lwip/sys.h:209:20: error: unknown type name 'sys_mbox_t'
 int sys_mbox_valid(sys_mbox_t *mbox);
                    ^
../../../include/lwip/sys.h:213:27: error: unknown type name 'sys_mbox_t'
 void sys_mbox_set_invalid(sys_mbox_t *mbox);
                           ^
../../../include/lwip/sys.h:223:1: error: unknown type name 'sys_thread_t'
 sys_thread_t sys_thread_new(const char *name, lwip_thread_fn thread, void *arg, int stacksize, int prio);
 ^
../../../include/lwip/sys.h:295:1: error: unknown type name 'sys_prot_t'
 sys_prot_t sys_arch_protect(void);
 ^
../../../include/lwip/sys.h:296:25: error: unknown type name 'sys_prot_t'
 void sys_arch_unprotect(sys_prot_t pval);
                         ^
make[1]: *** [lwip-1.4.0/src/core/ipv4/ip.o] Erreur 1
In file included from ../../../include/lwip/tcp.h:39:0,
                 from lwip-1.4.0/src/core/tcp.c:51:
../../../include/lwip/sys.h:138:19: error: unknown type name 'sys_sem_t'
 err_t sys_sem_new(sys_sem_t *sem, u8_t count);
                   ^
../../../include/lwip/sys.h:141:21: error: unknown type name 'sys_sem_t'
 void sys_sem_signal(sys_sem_t *sem);
                     ^
../../../include/lwip/sys.h:147:25: error: unknown type name 'sys_sem_t'
 u32_t sys_arch_sem_wait(sys_sem_t *sem, u32_t timeout);
                         ^
../../../include/lwip/sys.h:150:19: error: unknown type name 'sys_sem_t'
 void sys_sem_free(sys_sem_t *sem);
                   ^
../../../include/lwip/sys.h:155:19: error: unknown type name 'sys_sem_t'
 int sys_sem_valid(sys_sem_t *sem);
                   ^
../../../include/lwip/sys.h:159:26: error: unknown type name 'sys_sem_t'
 void sys_sem_set_invalid(sys_sem_t *sem);
                          ^
../../../include/lwip/sys.h:173:20: error: unknown type name 'sys_mbox_t'
 err_t sys_mbox_new(sys_mbox_t *mbox, int size);
                    ^
../../../include/lwip/sys.h:178:20: error: unknown type name 'sys_mbox_t'
 void sys_mbox_post(sys_mbox_t *mbox, void *msg);
                    ^
../../../include/lwip/sys.h:182:24: error: unknown type name 'sys_mbox_t'
 err_t sys_mbox_trypost(sys_mbox_t *mbox, void *msg);
                        ^
../../../include/lwip/sys.h:190:27: error: unknown type name 'sys_mbox_t'
 u32_t sys_arch_mbox_fetch(sys_mbox_t *mbox, void **msg, u32_t timeout);
                           ^
../../../include/lwip/sys.h:199:30: error: unknown type name 'sys_mbox_t'
 u32_t sys_arch_mbox_tryfetch(sys_mbox_t *mbox, void **msg);
                              ^
../../../include/lwip/sys.h:205:20: error: unknown type name 'sys_mbox_t'
 void sys_mbox_free(sys_mbox_t *mbox);
                    ^
../../../include/lwip/sys.h:209:20: error: unknown type name 'sys_mbox_t'
 int sys_mbox_valid(sys_mbox_t *mbox);
                    ^
../../../include/lwip/sys.h:213:27: error: unknown type name 'sys_mbox_t'
 void sys_mbox_set_invalid(sys_mbox_t *mbox);
                           ^
../../../include/lwip/sys.h:223:1: error: unknown type name 'sys_thread_t'
 sys_thread_t sys_thread_new(const char *name, lwip_thread_fn thread, void *arg, int stacksize, int prio);
 ^
../../../include/lwip/sys.h:295:1: error: unknown type name 'sys_prot_t'
 sys_prot_t sys_arch_protect(void);
 ^
../../../include/lwip/sys.h:296:25: error: unknown type name 'sys_prot_t'
 void sys_arch_unprotect(sys_prot_t pval);
                         ^
make[1]: *** [lwip-1.4.0/src/core/tcp.o] Erreur 1
In file included from ../../../include/lwip/tcp.h:39:0,
                 from ../../../include/lwip/tcp_impl.h:39,
                 from lwip-1.4.0/src/core/tcp_in.c:48:
../../../include/lwip/sys.h:138:19: error: unknown type name 'sys_sem_t'
 err_t sys_sem_new(sys_sem_t *sem, u8_t count);
                   ^
../../../include/lwip/sys.h:141:21: error: unknown type name 'sys_sem_t'
 void sys_sem_signal(sys_sem_t *sem);
                     ^
../../../include/lwip/sys.h:147:25: error: unknown type name 'sys_sem_t'
 u32_t sys_arch_sem_wait(sys_sem_t *sem, u32_t timeout);
                         ^
../../../include/lwip/sys.h:150:19: error: unknown type name 'sys_sem_t'
 void sys_sem_free(sys_sem_t *sem);
                   ^
../../../include/lwip/sys.h:155:19: error: unknown type name 'sys_sem_t'
 int sys_sem_valid(sys_sem_t *sem);
                   ^
../../../include/lwip/sys.h:159:26: error: unknown type name 'sys_sem_t'
 void sys_sem_set_invalid(sys_sem_t *sem);
                          ^
../../../include/lwip/sys.h:173:20: error: unknown type name 'sys_mbox_t'
 err_t sys_mbox_new(sys_mbox_t *mbox, int size);
                    ^
../../../include/lwip/sys.h:178:20: error: unknown type name 'sys_mbox_t'
 void sys_mbox_post(sys_mbox_t *mbox, void *msg);
                    ^
../../../include/lwip/sys.h:182:24: error: unknown type name 'sys_mbox_t'
 err_t sys_mbox_trypost(sys_mbox_t *mbox, void *msg);
                        ^
../../../include/lwip/sys.h:190:27: error: unknown type name 'sys_mbox_t'
 u32_t sys_arch_mbox_fetch(sys_mbox_t *mbox, void **msg, u32_t timeout);
                           ^
../../../include/lwip/sys.h:199:30: error: unknown type name 'sys_mbox_t'
 u32_t sys_arch_mbox_tryfetch(sys_mbox_t *mbox, void **msg);
                              ^
../../../include/lwip/sys.h:205:20: error: unknown type name 'sys_mbox_t'
 void sys_mbox_free(sys_mbox_t *mbox);
                    ^
../../../include/lwip/sys.h:209:20: error: unknown type name 'sys_mbox_t'
 int sys_mbox_valid(sys_mbox_t *mbox);
                    ^
../../../include/lwip/sys.h:213:27: error: unknown type name 'sys_mbox_t'
 void sys_mbox_set_invalid(sys_mbox_t *mbox);
                           ^
../../../include/lwip/sys.h:223:1: error: unknown type name 'sys_thread_t'
 sys_thread_t sys_thread_new(const char *name, lwip_thread_fn thread, void *arg, int stacksize, int prio);
 ^
../../../include/lwip/sys.h:295:1: error: unknown type name 'sys_prot_t'
 sys_prot_t sys_arch_protect(void);
 ^
../../../include/lwip/sys.h:296:25: error: unknown type name 'sys_prot_t'
 void sys_arch_unprotect(sys_prot_t pval);
                         ^
make[1]: *** [lwip-1.4.0/src/core/tcp_in.o] Erreur 1
In file included from ../../../include/lwip/tcp.h:39:0,
                 from ../../../include/lwip/tcp_impl.h:39,
                 from lwip-1.4.0/src/core/tcp_out.c:45:
../../../include/lwip/sys.h:138:19: error: unknown type name 'sys_sem_t'
 err_t sys_sem_new(sys_sem_t *sem, u8_t count);
                   ^
../../../include/lwip/sys.h:141:21: error: unknown type name 'sys_sem_t'
 void sys_sem_signal(sys_sem_t *sem);
                     ^
../../../include/lwip/sys.h:147:25: error: unknown type name 'sys_sem_t'
 u32_t sys_arch_sem_wait(sys_sem_t *sem, u32_t timeout);
                         ^
../../../include/lwip/sys.h:150:19: error: unknown type name 'sys_sem_t'
 void sys_sem_free(sys_sem_t *sem);
                   ^
../../../include/lwip/sys.h:155:19: error: unknown type name 'sys_sem_t'
 int sys_sem_valid(sys_sem_t *sem);
                   ^
../../../include/lwip/sys.h:159:26: error: unknown type name 'sys_sem_t'
 void sys_sem_set_invalid(sys_sem_t *sem);
                          ^
../../../include/lwip/sys.h:173:20: error: unknown type name 'sys_mbox_t'
 err_t sys_mbox_new(sys_mbox_t *mbox, int size);
                    ^
../../../include/lwip/sys.h:178:20: error: unknown type name 'sys_mbox_t'
 void sys_mbox_post(sys_mbox_t *mbox, void *msg);
                    ^
../../../include/lwip/sys.h:182:24: error: unknown type name 'sys_mbox_t'
 err_t sys_mbox_trypost(sys_mbox_t *mbox, void *msg);
                        ^
../../../include/lwip/sys.h:190:27: error: unknown type name 'sys_mbox_t'
 u32_t sys_arch_mbox_fetch(sys_mbox_t *mbox, void **msg, u32_t timeout);
                           ^
../../../include/lwip/sys.h:199:30: error: unknown type name 'sys_mbox_t'
 u32_t sys_arch_mbox_tryfetch(sys_mbox_t *mbox, void **msg);
                              ^
../../../include/lwip/sys.h:205:20: error: unknown type name 'sys_mbox_t'
 void sys_mbox_free(sys_mbox_t *mbox);
                    ^
../../../include/lwip/sys.h:209:20: error: unknown type name 'sys_mbox_t'
 int sys_mbox_valid(sys_mbox_t *mbox);
                    ^
../../../include/lwip/sys.h:213:27: error: unknown type name 'sys_mbox_t'
 void sys_mbox_set_invalid(sys_mbox_t *mbox);
                           ^
../../../include/lwip/sys.h:223:1: error: unknown type name 'sys_thread_t'
 sys_thread_t sys_thread_new(const char *name, lwip_thread_fn thread, void *arg, int stacksize, int prio);
 ^
../../../include/lwip/sys.h:295:1: error: unknown type name 'sys_prot_t'
 sys_prot_t sys_arch_protect(void);
 ^
../../../include/lwip/sys.h:296:25: error: unknown type name 'sys_prot_t'
 void sys_arch_unprotect(sys_prot_t pval);
                         ^
make[1]: *** [lwip-1.4.0/src/core/tcp_out.o] Erreur 1
In file included from ../../../include/lwip/api.h:42:0,
                 from lwip-1.4.0/src/api/api_lib.c:46:
../../../include/lwip/sys.h:138:19: error: unknown type name 'sys_sem_t'
 err_t sys_sem_new(sys_sem_t *sem, u8_t count);
                   ^
../../../include/lwip/sys.h:141:21: error: unknown type name 'sys_sem_t'
 void sys_sem_signal(sys_sem_t *sem);
                     ^
../../../include/lwip/sys.h:147:25: error: unknown type name 'sys_sem_t'
 u32_t sys_arch_sem_wait(sys_sem_t *sem, u32_t timeout);
                         ^
../../../include/lwip/sys.h:150:19: error: unknown type name 'sys_sem_t'
 void sys_sem_free(sys_sem_t *sem);
                   ^
../../../include/lwip/sys.h:155:19: error: unknown type name 'sys_sem_t'
 int sys_sem_valid(sys_sem_t *sem);
                   ^
../../../include/lwip/sys.h:159:26: error: unknown type name 'sys_sem_t'
 void sys_sem_set_invalid(sys_sem_t *sem);
                          ^
../../../include/lwip/sys.h:173:20: error: unknown type name 'sys_mbox_t'
 err_t sys_mbox_new(sys_mbox_t *mbox, int size);
                    ^
../../../include/lwip/sys.h:178:20: error: unknown type name 'sys_mbox_t'
 void sys_mbox_post(sys_mbox_t *mbox, void *msg);
                    ^
../../../include/lwip/sys.h:182:24: error: unknown type name 'sys_mbox_t'
 err_t sys_mbox_trypost(sys_mbox_t *mbox, void *msg);
                        ^
../../../include/lwip/sys.h:190:27: error: unknown type name 'sys_mbox_t'
 u32_t sys_arch_mbox_fetch(sys_mbox_t *mbox, void **msg, u32_t timeout);
                           ^
../../../include/lwip/sys.h:199:30: error: unknown type name 'sys_mbox_t'
 u32_t sys_arch_mbox_tryfetch(sys_mbox_t *mbox, void **msg);
                              ^
../../../include/lwip/sys.h:205:20: error: unknown type name 'sys_mbox_t'
 void sys_mbox_free(sys_mbox_t *mbox);
                    ^
../../../include/lwip/sys.h:209:20: error: unknown type name 'sys_mbox_t'
 int sys_mbox_valid(sys_mbox_t *mbox);
                    ^
../../../include/lwip/sys.h:213:27: error: unknown type name 'sys_mbox_t'
 void sys_mbox_set_invalid(sys_mbox_t *mbox);
                           ^
../../../include/lwip/sys.h:223:1: error: unknown type name 'sys_thread_t'
 sys_thread_t sys_thread_new(const char *name, lwip_thread_fn thread, void *arg, int stacksize, int prio);
 ^
../../../include/lwip/sys.h:295:1: error: unknown type name 'sys_prot_t'
 sys_prot_t sys_arch_protect(void);
 ^
../../../include/lwip/sys.h:296:25: error: unknown type name 'sys_prot_t'
 void sys_arch_unprotect(sys_prot_t pval);
                         ^
In file included from lwip-1.4.0/src/api/api_lib.c:46:0:
../../../include/lwip/api.h:149:3: error: unknown type name 'sys_sem_t'
   sys_sem_t op_completed;
   ^
../../../include/lwip/api.h:152:3: error: unknown type name 'sys_mbox_t'
   sys_mbox_t recvmbox;
   ^
../../../include/lwip/api.h:156:3: error: unknown type name 'sys_mbox_t'
   sys_mbox_t acceptmbox;
   ^
In file included from ../../../include/lwip/tcpip.h:44:0,
                 from lwip-1.4.0/src/api/api_lib.c:47:
../../../include/lwip/timers.h:89:30: error: unknown type name 'sys_mbox_t'
 void sys_timeouts_mbox_fetch(sys_mbox_t *mbox, void **msg);
                              ^
In file included from lwip-1.4.0/src/api/api_lib.c:47:0:
../../../include/lwip/tcpip.h:127:3: error: unknown type name 'sys_sem_t'
   sys_sem_t *sem;
   ^
In file included from ../../../include/lwip/api.h:42:0,
                 from lwip-1.4.0/src/api/api_lib.c:46:
lwip-1.4.0/src/api/api_lib.c: In function 'netconn_getaddr':
../../../include/lwip/sys.h:257:36: error: unknown type name 'sys_prot_t'
 #define SYS_ARCH_DECL_PROTECT(lev) sys_prot_t lev
                                    ^
../../../include/lwip/api.h:198:3: note: in expansion of macro 'SYS_ARCH_DECL_PROTECT'
   SYS_ARCH_DECL_PROTECT(lev); \
   ^
lwip-1.4.0/src/api/api_lib.c:151:3: note: in expansion of macro 'NETCONN_SET_SAFE_ERR'
   NETCONN_SET_SAFE_ERR(conn, err);
   ^
lwip-1.4.0/src/api/api_lib.c: In function 'netconn_bind':
../../../include/lwip/sys.h:257:36: error: unknown type name 'sys_prot_t'
 #define SYS_ARCH_DECL_PROTECT(lev) sys_prot_t lev
                                    ^
../../../include/lwip/api.h:198:3: note: in expansion of macro 'SYS_ARCH_DECL_PROTECT'
   SYS_ARCH_DECL_PROTECT(lev); \
   ^
lwip-1.4.0/src/api/api_lib.c:179:3: note: in expansion of macro 'NETCONN_SET_SAFE_ERR'
   NETCONN_SET_SAFE_ERR(conn, err);
   ^
lwip-1.4.0/src/api/api_lib.c: In function 'netconn_connect':
../../../include/lwip/sys.h:257:36: error: unknown type name 'sys_prot_t'
 #define SYS_ARCH_DECL_PROTECT(lev) sys_prot_t lev
                                    ^
../../../include/lwip/api.h:198:3: note: in expansion of macro 'SYS_ARCH_DECL_PROTECT'
   SYS_ARCH_DECL_PROTECT(lev); \
   ^
lwip-1.4.0/src/api/api_lib.c:206:3: note: in expansion of macro 'NETCONN_SET_SAFE_ERR'
   NETCONN_SET_SAFE_ERR(conn, err);
   ^
lwip-1.4.0/src/api/api_lib.c: In function 'netconn_disconnect':
../../../include/lwip/sys.h:257:36: error: unknown type name 'sys_prot_t'
 #define SYS_ARCH_DECL_PROTECT(lev) sys_prot_t lev
                                    ^
../../../include/lwip/api.h:198:3: note: in expansion of macro 'SYS_ARCH_DECL_PROTECT'
   SYS_ARCH_DECL_PROTECT(lev); \
   ^
lwip-1.4.0/src/api/api_lib.c:228:3: note: in expansion of macro 'NETCONN_SET_SAFE_ERR'
   NETCONN_SET_SAFE_ERR(conn, err);
   ^
lwip-1.4.0/src/api/api_lib.c: In function 'netconn_listen_with_backlog':
../../../include/lwip/sys.h:257:36: error: unknown type name 'sys_prot_t'
 #define SYS_ARCH_DECL_PROTECT(lev) sys_prot_t lev
                                    ^
../../../include/lwip/api.h:198:3: note: in expansion of macro 'SYS_ARCH_DECL_PROTECT'
   SYS_ARCH_DECL_PROTECT(lev); \
   ^
lwip-1.4.0/src/api/api_lib.c:259:3: note: in expansion of macro 'NETCONN_SET_SAFE_ERR'
   NETCONN_SET_SAFE_ERR(conn, err);
   ^
lwip-1.4.0/src/api/api_lib.c: In function 'netconn_accept':
../../../include/lwip/sys.h:257:36: error: unknown type name 'sys_prot_t'
 #define SYS_ARCH_DECL_PROTECT(lev) sys_prot_t lev
                                    ^
../../../include/lwip/api.h:198:3: note: in expansion of macro 'SYS_ARCH_DECL_PROTECT'
   SYS_ARCH_DECL_PROTECT(lev); \
   ^
lwip-1.4.0/src/api/api_lib.c:311:5: note: in expansion of macro 'NETCONN_SET_SAFE_ERR'
     NETCONN_SET_SAFE_ERR(conn, ERR_ABRT);
     ^
lwip-1.4.0/src/api/api_lib.c: In function 'netconn_recv_data':
../../../include/lwip/sys.h:257:36: error: unknown type name 'sys_prot_t'
 #define SYS_ARCH_DECL_PROTECT(lev) sys_prot_t lev
                                    ^
../../../include/lwip/api.h:198:3: note: in expansion of macro 'SYS_ARCH_DECL_PROTECT'
   SYS_ARCH_DECL_PROTECT(lev); \
   ^
lwip-1.4.0/src/api/api_lib.c:395:7: note: in expansion of macro 'NETCONN_SET_SAFE_ERR'
       NETCONN_SET_SAFE_ERR(conn, ERR_CLSD);
       ^
lwip-1.4.0/src/api/api_lib.c: In function 'netconn_recv':
../../../include/lwip/sys.h:257:36: error: unknown type name 'sys_prot_t'
 #define SYS_ARCH_DECL_PROTECT(lev) sys_prot_t lev
                                    ^
../../../include/lwip/api.h:198:3: note: in expansion of macro 'SYS_ARCH_DECL_PROTECT'
   SYS_ARCH_DECL_PROTECT(lev); \
   ^
lwip-1.4.0/src/api/api_lib.c:470:7: note: in expansion of macro 'NETCONN_SET_SAFE_ERR'
       NETCONN_SET_SAFE_ERR(conn, ERR_MEM);
       ^
lwip-1.4.0/src/api/api_lib.c: In function 'netconn_send':
../../../include/lwip/sys.h:257:36: error: unknown type name 'sys_prot_t'
 #define SYS_ARCH_DECL_PROTECT(lev) sys_prot_t lev
                                    ^
../../../include/lwip/api.h:198:3: note: in expansion of macro 'SYS_ARCH_DECL_PROTECT'
   SYS_ARCH_DECL_PROTECT(lev); \
   ^
lwip-1.4.0/src/api/api_lib.c:571:3: note: in expansion of macro 'NETCONN_SET_SAFE_ERR'
   NETCONN_SET_SAFE_ERR(conn, err);
   ^
lwip-1.4.0/src/api/api_lib.c: In function 'netconn_write':
../../../include/lwip/sys.h:257:36: error: unknown type name 'sys_prot_t'
 #define SYS_ARCH_DECL_PROTECT(lev) sys_prot_t lev
                                    ^
../../../include/lwip/api.h:198:3: note: in expansion of macro 'SYS_ARCH_DECL_PROTECT'
   SYS_ARCH_DECL_PROTECT(lev); \
   ^
lwip-1.4.0/src/api/api_lib.c:611:3: note: in expansion of macro 'NETCONN_SET_SAFE_ERR'
   NETCONN_SET_SAFE_ERR(conn, err);
   ^
lwip-1.4.0/src/api/api_lib.c: In function 'netconn_close_shutdown':
../../../include/lwip/sys.h:257:36: error: unknown type name 'sys_prot_t'
 #define SYS_ARCH_DECL_PROTECT(lev) sys_prot_t lev
                                    ^
../../../include/lwip/api.h:198:3: note: in expansion of macro 'SYS_ARCH_DECL_PROTECT'
   SYS_ARCH_DECL_PROTECT(lev); \
   ^
lwip-1.4.0/src/api/api_lib.c:638:3: note: in expansion of macro 'NETCONN_SET_SAFE_ERR'
   NETCONN_SET_SAFE_ERR(conn, err);
   ^
make[1]: *** [lwip-1.4.0/src/api/api_lib.o] Erreur 1
In file included from ../../../include/lwip/api_msg.h:43:0,
                 from lwip-1.4.0/src/api/api_msg.c:43:
../../../include/lwip/sys.h:138:19: error: unknown type name 'sys_sem_t'
 err_t sys_sem_new(sys_sem_t *sem, u8_t count);
                   ^
../../../include/lwip/sys.h:141:21: error: unknown type name 'sys_sem_t'
 void sys_sem_signal(sys_sem_t *sem);
                     ^
../../../include/lwip/sys.h:147:25: error: unknown type name 'sys_sem_t'
 u32_t sys_arch_sem_wait(sys_sem_t *sem, u32_t timeout);
                         ^
../../../include/lwip/sys.h:150:19: error: unknown type name 'sys_sem_t'
 void sys_sem_free(sys_sem_t *sem);
                   ^
../../../include/lwip/sys.h:155:19: error: unknown type name 'sys_sem_t'
 int sys_sem_valid(sys_sem_t *sem);
                   ^
../../../include/lwip/sys.h:159:26: error: unknown type name 'sys_sem_t'
 void sys_sem_set_invalid(sys_sem_t *sem);
                          ^
../../../include/lwip/sys.h:173:20: error: unknown type name 'sys_mbox_t'
 err_t sys_mbox_new(sys_mbox_t *mbox, int size);
                    ^
../../../include/lwip/sys.h:178:20: error: unknown type name 'sys_mbox_t'
 void sys_mbox_post(sys_mbox_t *mbox, void *msg);
                    ^
../../../include/lwip/sys.h:182:24: error: unknown type name 'sys_mbox_t'
 err_t sys_mbox_trypost(sys_mbox_t *mbox, void *msg);
                        ^
../../../include/lwip/sys.h:190:27: error: unknown type name 'sys_mbox_t'
 u32_t sys_arch_mbox_fetch(sys_mbox_t *mbox, void **msg, u32_t timeout);
                           ^
../../../include/lwip/sys.h:199:30: error: unknown type name 'sys_mbox_t'
 u32_t sys_arch_mbox_tryfetch(sys_mbox_t *mbox, void **msg);
                              ^
../../../include/lwip/sys.h:205:20: error: unknown type name 'sys_mbox_t'
 void sys_mbox_free(sys_mbox_t *mbox);
                    ^
../../../include/lwip/sys.h:209:20: error: unknown type name 'sys_mbox_t'
 int sys_mbox_valid(sys_mbox_t *mbox);
                    ^
../../../include/lwip/sys.h:213:27: error: unknown type name 'sys_mbox_t'
 void sys_mbox_set_invalid(sys_mbox_t *mbox);
                           ^
../../../include/lwip/sys.h:223:1: error: unknown type name 'sys_thread_t'
 sys_thread_t sys_thread_new(const char *name, lwip_thread_fn thread, void *arg, int stacksize, int prio);
 ^
../../../include/lwip/sys.h:295:1: error: unknown type name 'sys_prot_t'
 sys_prot_t sys_arch_protect(void);
 ^
../../../include/lwip/sys.h:296:25: error: unknown type name 'sys_prot_t'
 void sys_arch_unprotect(sys_prot_t pval);
                         ^
In file included from ../../../include/lwip/api_msg.h:45:0,
                 from lwip-1.4.0/src/api/api_msg.c:43:
../../../include/lwip/api.h:149:3: error: unknown type name 'sys_sem_t'
   sys_sem_t op_completed;
   ^
../../../include/lwip/api.h:152:3: error: unknown type name 'sys_mbox_t'
   sys_mbox_t recvmbox;
   ^
../../../include/lwip/api.h:156:3: error: unknown type name 'sys_mbox_t'
   sys_mbox_t acceptmbox;
   ^
In file included from ../../../include/lwip/tcpip.h:44:0,
                 from lwip-1.4.0/src/api/api_msg.c:51:
../../../include/lwip/timers.h:89:30: error: unknown type name 'sys_mbox_t'
 void sys_timeouts_mbox_fetch(sys_mbox_t *mbox, void **msg);
                              ^
In file included from lwip-1.4.0/src/api/api_msg.c:51:0:
../../../include/lwip/tcpip.h:127:3: error: unknown type name 'sys_sem_t'
   sys_sem_t *sem;
   ^
In file included from ../../../include/lwip/api_msg.h:43:0,
                 from lwip-1.4.0/src/api/api_msg.c:43:
lwip-1.4.0/src/api/api_msg.c: In function 'recv_tcp':
../../../include/lwip/sys.h:257:36: error: unknown type name 'sys_prot_t'
 #define SYS_ARCH_DECL_PROTECT(lev) sys_prot_t lev
                                    ^
../../../include/lwip/api.h:198:3: note: in expansion of macro 'SYS_ARCH_DECL_PROTECT'
   SYS_ARCH_DECL_PROTECT(lev); \
   ^
lwip-1.4.0/src/api/api_msg.c:243:3: note: in expansion of macro 'NETCONN_SET_SAFE_ERR'
   NETCONN_SET_SAFE_ERR(conn, err);
   ^
lwip-1.4.0/src/api/api_msg.c: In function 'err_tcp':
../../../include/lwip/sys.h:257:36: error: unknown type name 'sys_prot_t'
 #define SYS_ARCH_DECL_PROTECT(lev) sys_prot_t lev
                                    ^
lwip-1.4.0/src/api/api_msg.c:351:3: note: in expansion of macro 'SYS_ARCH_DECL_PROTECT'
   SYS_ARCH_DECL_PROTECT(lev);
   ^
lwip-1.4.0/src/api/api_msg.c: In function 'do_connected':
../../../include/lwip/sys.h:257:36: error: unknown type name 'sys_prot_t'
 #define SYS_ARCH_DECL_PROTECT(lev) sys_prot_t lev
                                    ^
../../../include/lwip/api.h:198:3: note: in expansion of macro 'SYS_ARCH_DECL_PROTECT'
   SYS_ARCH_DECL_PROTECT(lev); \
   ^
lwip-1.4.0/src/api/api_msg.c:953:5: note: in expansion of macro 'NETCONN_SET_SAFE_ERR'
     NETCONN_SET_SAFE_ERR(conn, ERR_OK);
     ^
make[1]: *** [lwip-1.4.0/src/api/api_msg.o] Erreur 1
In file included from ../../../include/lwip/api.h:42:0,
                 from lwip-1.4.0/src/api/sockets.c:46:
../../../include/lwip/sys.h:138:19: error: unknown type name 'sys_sem_t'
 err_t sys_sem_new(sys_sem_t *sem, u8_t count);
                   ^
../../../include/lwip/sys.h:141:21: error: unknown type name 'sys_sem_t'
 void sys_sem_signal(sys_sem_t *sem);
                     ^
../../../include/lwip/sys.h:147:25: error: unknown type name 'sys_sem_t'
 u32_t sys_arch_sem_wait(sys_sem_t *sem, u32_t timeout);
                         ^
../../../include/lwip/sys.h:150:19: error: unknown type name 'sys_sem_t'
 void sys_sem_free(sys_sem_t *sem);
                   ^
../../../include/lwip/sys.h:155:19: error: unknown type name 'sys_sem_t'
 int sys_sem_valid(sys_sem_t *sem);
                   ^
../../../include/lwip/sys.h:159:26: error: unknown type name 'sys_sem_t'
 void sys_sem_set_invalid(sys_sem_t *sem);
                          ^
../../../include/lwip/sys.h:173:20: error: unknown type name 'sys_mbox_t'
 err_t sys_mbox_new(sys_mbox_t *mbox, int size);
                    ^
../../../include/lwip/sys.h:178:20: error: unknown type name 'sys_mbox_t'
 void sys_mbox_post(sys_mbox_t *mbox, void *msg);
                    ^
../../../include/lwip/sys.h:182:24: error: unknown type name 'sys_mbox_t'
 err_t sys_mbox_trypost(sys_mbox_t *mbox, void *msg);
                        ^
../../../include/lwip/sys.h:190:27: error: unknown type name 'sys_mbox_t'
 u32_t sys_arch_mbox_fetch(sys_mbox_t *mbox, void **msg, u32_t timeout);
                           ^
../../../include/lwip/sys.h:199:30: error: unknown type name 'sys_mbox_t'
 u32_t sys_arch_mbox_tryfetch(sys_mbox_t *mbox, void **msg);
                              ^
../../../include/lwip/sys.h:205:20: error: unknown type name 'sys_mbox_t'
 void sys_mbox_free(sys_mbox_t *mbox);
                    ^
../../../include/lwip/sys.h:209:20: error: unknown type name 'sys_mbox_t'
 int sys_mbox_valid(sys_mbox_t *mbox);
                    ^
../../../include/lwip/sys.h:213:27: error: unknown type name 'sys_mbox_t'
 void sys_mbox_set_invalid(sys_mbox_t *mbox);
                           ^
../../../include/lwip/sys.h:223:1: error: unknown type name 'sys_thread_t'
 sys_thread_t sys_thread_new(const char *name, lwip_thread_fn thread, void *arg, int stacksize, int prio);
 ^
../../../include/lwip/sys.h:295:1: error: unknown type name 'sys_prot_t'
 sys_prot_t sys_arch_protect(void);
 ^
../../../include/lwip/sys.h:296:25: error: unknown type name 'sys_prot_t'
 void sys_arch_unprotect(sys_prot_t pval);
                         ^
In file included from lwip-1.4.0/src/api/sockets.c:46:0:
../../../include/lwip/api.h:149:3: error: unknown type name 'sys_sem_t'
   sys_sem_t op_completed;
   ^
../../../include/lwip/api.h:152:3: error: unknown type name 'sys_mbox_t'
   sys_mbox_t recvmbox;
   ^
../../../include/lwip/api.h:156:3: error: unknown type name 'sys_mbox_t'
   sys_mbox_t acceptmbox;
   ^
In file included from ../../../include/lwip/tcpip.h:44:0,
                 from lwip-1.4.0/src/api/sockets.c:53:
../../../include/lwip/timers.h:89:30: error: unknown type name 'sys_mbox_t'
 void sys_timeouts_mbox_fetch(sys_mbox_t *mbox, void **msg);
                              ^
In file included from lwip-1.4.0/src/api/sockets.c:53:0:
../../../include/lwip/tcpip.h:127:3: error: unknown type name 'sys_sem_t'
   sys_sem_t *sem;
   ^
lwip-1.4.0/src/api/sockets.c:100:3: error: unknown type name 'sys_sem_t'
   sys_sem_t sem;
   ^
In file included from ../../../include/lwip/api.h:42:0,
                 from lwip-1.4.0/src/api/sockets.c:46:
lwip-1.4.0/src/api/sockets.c: In function 'alloc_socket':
../../../include/lwip/sys.h:257:36: error: unknown type name 'sys_prot_t'
 #define SYS_ARCH_DECL_PROTECT(lev) sys_prot_t lev
                                    ^
lwip-1.4.0/src/api/sockets.c:246:3: note: in expansion of macro 'SYS_ARCH_DECL_PROTECT'
   SYS_ARCH_DECL_PROTECT(lev);
   ^
lwip-1.4.0/src/api/sockets.c: In function 'free_socket':
../../../include/lwip/sys.h:257:36: error: unknown type name 'sys_prot_t'
 #define SYS_ARCH_DECL_PROTECT(lev) sys_prot_t lev
                                    ^
lwip-1.4.0/src/api/sockets.c:283:3: note: in expansion of macro 'SYS_ARCH_DECL_PROTECT'
   SYS_ARCH_DECL_PROTECT(lev);
   ^
lwip-1.4.0/src/api/sockets.c: In function 'lwip_accept':
../../../include/lwip/sys.h:257:36: error: unknown type name 'sys_prot_t'
 #define SYS_ARCH_DECL_PROTECT(lev) sys_prot_t lev
                                    ^
lwip-1.4.0/src/api/sockets.c:321:3: note: in expansion of macro 'SYS_ARCH_DECL_PROTECT'
   SYS_ARCH_DECL_PROTECT(lev);
   ^
lwip-1.4.0/src/api/sockets.c: In function 'lwip_selscan':
../../../include/lwip/sys.h:257:36: error: unknown type name 'sys_prot_t'
 #define SYS_ARCH_DECL_PROTECT(lev) sys_prot_t lev
                                    ^
lwip-1.4.0/src/api/sockets.c:1019:3: note: in expansion of macro 'SYS_ARCH_DECL_PROTECT'
   SYS_ARCH_DECL_PROTECT(lev);
   ^
lwip-1.4.0/src/api/sockets.c: In function 'lwip_select':
../../../include/lwip/sys.h:257:36: error: unknown type name 'sys_prot_t'
 #define SYS_ARCH_DECL_PROTECT(lev) sys_prot_t lev
                                    ^
lwip-1.4.0/src/api/sockets.c:1085:3: note: in expansion of macro 'SYS_ARCH_DECL_PROTECT'
   SYS_ARCH_DECL_PROTECT(lev);
   ^
lwip-1.4.0/src/api/sockets.c: In function 'event_callback':
../../../include/lwip/sys.h:257:36: error: unknown type name 'sys_prot_t'
 #define SYS_ARCH_DECL_PROTECT(lev) sys_prot_t lev
                                    ^
lwip-1.4.0/src/api/sockets.c:1240:3: note: in expansion of macro 'SYS_ARCH_DECL_PROTECT'
   SYS_ARCH_DECL_PROTECT(lev);
   ^
make[1]: *** [lwip-1.4.0/src/api/sockets.o] Erreur 1
In file included from lwip-1.4.0/src/api/tcpip.c:43:0:
../../../include/lwip/sys.h:138:19: error: unknown type name 'sys_sem_t'
 err_t sys_sem_new(sys_sem_t *sem, u8_t count);
                   ^
../../../include/lwip/sys.h:141:21: error: unknown type name 'sys_sem_t'
 void sys_sem_signal(sys_sem_t *sem);
                     ^
../../../include/lwip/sys.h:147:25: error: unknown type name 'sys_sem_t'
 u32_t sys_arch_sem_wait(sys_sem_t *sem, u32_t timeout);
                         ^
../../../include/lwip/sys.h:150:19: error: unknown type name 'sys_sem_t'
 void sys_sem_free(sys_sem_t *sem);
                   ^
../../../include/lwip/sys.h:155:19: error: unknown type name 'sys_sem_t'
 int sys_sem_valid(sys_sem_t *sem);
                   ^
../../../include/lwip/sys.h:159:26: error: unknown type name 'sys_sem_t'
 void sys_sem_set_invalid(sys_sem_t *sem);
                          ^
../../../include/lwip/sys.h:173:20: error: unknown type name 'sys_mbox_t'
 err_t sys_mbox_new(sys_mbox_t *mbox, int size);
                    ^
../../../include/lwip/sys.h:178:20: error: unknown type name 'sys_mbox_t'
 void sys_mbox_post(sys_mbox_t *mbox, void *msg);
                    ^
../../../include/lwip/sys.h:182:24: error: unknown type name 'sys_mbox_t'
 err_t sys_mbox_trypost(sys_mbox_t *mbox, void *msg);
                        ^
../../../include/lwip/sys.h:190:27: error: unknown type name 'sys_mbox_t'
 u32_t sys_arch_mbox_fetch(sys_mbox_t *mbox, void **msg, u32_t timeout);
                           ^
../../../include/lwip/sys.h:199:30: error: unknown type name 'sys_mbox_t'
 u32_t sys_arch_mbox_tryfetch(sys_mbox_t *mbox, void **msg);
                              ^
../../../include/lwip/sys.h:205:20: error: unknown type name 'sys_mbox_t'
 void sys_mbox_free(sys_mbox_t *mbox);
                    ^
../../../include/lwip/sys.h:209:20: error: unknown type name 'sys_mbox_t'
 int sys_mbox_valid(sys_mbox_t *mbox);
                    ^
../../../include/lwip/sys.h:213:27: error: unknown type name 'sys_mbox_t'
 void sys_mbox_set_invalid(sys_mbox_t *mbox);
                           ^
../../../include/lwip/sys.h:223:1: error: unknown type name 'sys_thread_t'
 sys_thread_t sys_thread_new(const char *name, lwip_thread_fn thread, void *arg, int stacksize, int prio);
 ^
../../../include/lwip/sys.h:295:1: error: unknown type name 'sys_prot_t'
 sys_prot_t sys_arch_protect(void);
 ^
../../../include/lwip/sys.h:296:25: error: unknown type name 'sys_prot_t'
 void sys_arch_unprotect(sys_prot_t pval);
                         ^
In file included from ../../../include/lwip/api_msg.h:45:0,
                 from ../../../include/lwip/tcpip.h:39,
                 from lwip-1.4.0/src/api/tcpip.c:47:
../../../include/lwip/api.h:149:3: error: unknown type name 'sys_sem_t'
   sys_sem_t op_completed;
   ^
../../../include/lwip/api.h:152:3: error: unknown type name 'sys_mbox_t'
   sys_mbox_t recvmbox;
   ^
../../../include/lwip/api.h:156:3: error: unknown type name 'sys_mbox_t'
   sys_mbox_t acceptmbox;
   ^
In file included from ../../../include/lwip/tcpip.h:44:0,
                 from lwip-1.4.0/src/api/tcpip.c:47:
../../../include/lwip/timers.h:89:30: error: unknown type name 'sys_mbox_t'
 void sys_timeouts_mbox_fetch(sys_mbox_t *mbox, void **msg);
                              ^
In file included from lwip-1.4.0/src/api/tcpip.c:47:0:
../../../include/lwip/tcpip.h:127:3: error: unknown type name 'sys_sem_t'
   sys_sem_t *sem;
   ^
lwip-1.4.0/src/api/tcpip.c:55:1: error: unknown type name 'sys_mbox_t'
 static sys_mbox_t mbox;
 ^
make[1]: *** [lwip-1.4.0/src/api/tcpip.o] Erreur 1
"Compiling lwIP adapter for Xilinx MAC"
In file included from contrib/ports/xilinx/sys_arch_raw.c:31:0:
../../../include/lwip/sys.h:138:19: error: unknown type name 'sys_sem_t'
 err_t sys_sem_new(sys_sem_t *sem, u8_t count);
                   ^
../../../include/lwip/sys.h:141:21: error: unknown type name 'sys_sem_t'
 void sys_sem_signal(sys_sem_t *sem);
                     ^
../../../include/lwip/sys.h:147:25: error: unknown type name 'sys_sem_t'
 u32_t sys_arch_sem_wait(sys_sem_t *sem, u32_t timeout);
                         ^
../../../include/lwip/sys.h:150:19: error: unknown type name 'sys_sem_t'
 void sys_sem_free(sys_sem_t *sem);
                   ^
../../../include/lwip/sys.h:155:19: error: unknown type name 'sys_sem_t'
 int sys_sem_valid(sys_sem_t *sem);
                   ^
../../../include/lwip/sys.h:159:26: error: unknown type name 'sys_sem_t'
 void sys_sem_set_invalid(sys_sem_t *sem);
                          ^
../../../include/lwip/sys.h:173:20: error: unknown type name 'sys_mbox_t'
 err_t sys_mbox_new(sys_mbox_t *mbox, int size);
                    ^
../../../include/lwip/sys.h:178:20: error: unknown type name 'sys_mbox_t'
 void sys_mbox_post(sys_mbox_t *mbox, void *msg);
                    ^
../../../include/lwip/sys.h:182:24: error: unknown type name 'sys_mbox_t'
 err_t sys_mbox_trypost(sys_mbox_t *mbox, void *msg);
                        ^
../../../include/lwip/sys.h:190:27: error: unknown type name 'sys_mbox_t'
 u32_t sys_arch_mbox_fetch(sys_mbox_t *mbox, void **msg, u32_t timeout);
                           ^
../../../include/lwip/sys.h:199:30: error: unknown type name 'sys_mbox_t'
 u32_t sys_arch_mbox_tryfetch(sys_mbox_t *mbox, void **msg);
                              ^
../../../include/lwip/sys.h:205:20: error: unknown type name 'sys_mbox_t'
 void sys_mbox_free(sys_mbox_t *mbox);
                    ^
../../../include/lwip/sys.h:209:20: error: unknown type name 'sys_mbox_t'
 int sys_mbox_valid(sys_mbox_t *mbox);
                    ^
../../../include/lwip/sys.h:213:27: error: unknown type name 'sys_mbox_t'
 void sys_mbox_set_invalid(sys_mbox_t *mbox);
                           ^
../../../include/lwip/sys.h:223:1: error: unknown type name 'sys_thread_t'
 sys_thread_t sys_thread_new(const char *name, lwip_thread_fn thread, void *arg, int stacksize, int prio);
 ^
../../../include/lwip/sys.h:295:1: error: unknown type name 'sys_prot_t'
 sys_prot_t sys_arch_protect(void);
 ^
../../../include/lwip/sys.h:296:25: error: unknown type name 'sys_prot_t'
 void sys_arch_unprotect(sys_prot_t pval);
                         ^
contrib/ports/xilinx/sys_arch_raw.c:48:1: error: unknown type name 'sys_prot_t'
 sys_prot_t
 ^
contrib/ports/xilinx/sys_arch_raw.c: In function 'sys_arch_protect':
contrib/ports/xilinx/sys_arch_raw.c:51:2: error: unknown type name 'sys_prot_t'
  sys_prot_t cur;
  ^
contrib/ports/xilinx/sys_arch_raw.c: At top level:
contrib/ports/xilinx/sys_arch_raw.c:76:20: error: unknown type name 'sys_prot_t'
 sys_arch_unprotect(sys_prot_t lev)
                    ^
make[1]: *** [contrib/ports/xilinx/sys_arch_raw.o] Erreur 1
In file included from contrib/ports/xilinx/netif/xadapter.c:31:0:
../../../include/lwip/sys.h:138:19: error: unknown type name 'sys_sem_t'
 err_t sys_sem_new(sys_sem_t *sem, u8_t count);
                   ^
../../../include/lwip/sys.h:141:21: error: unknown type name 'sys_sem_t'
 void sys_sem_signal(sys_sem_t *sem);
                     ^
../../../include/lwip/sys.h:147:25: error: unknown type name 'sys_sem_t'
 u32_t sys_arch_sem_wait(sys_sem_t *sem, u32_t timeout);
                         ^
../../../include/lwip/sys.h:150:19: error: unknown type name 'sys_sem_t'
 void sys_sem_free(sys_sem_t *sem);
                   ^
../../../include/lwip/sys.h:155:19: error: unknown type name 'sys_sem_t'
 int sys_sem_valid(sys_sem_t *sem);
                   ^
../../../include/lwip/sys.h:159:26: error: unknown type name 'sys_sem_t'
 void sys_sem_set_invalid(sys_sem_t *sem);
                          ^
../../../include/lwip/sys.h:173:20: error: unknown type name 'sys_mbox_t'
 err_t sys_mbox_new(sys_mbox_t *mbox, int size);
                    ^
../../../include/lwip/sys.h:178:20: error: unknown type name 'sys_mbox_t'
 void sys_mbox_post(sys_mbox_t *mbox, void *msg);
                    ^
../../../include/lwip/sys.h:182:24: error: unknown type name 'sys_mbox_t'
 err_t sys_mbox_trypost(sys_mbox_t *mbox, void *msg);
                        ^
../../../include/lwip/sys.h:190:27: error: unknown type name 'sys_mbox_t'
 u32_t sys_arch_mbox_fetch(sys_mbox_t *mbox, void **msg, u32_t timeout);
                           ^
../../../include/lwip/sys.h:199:30: error: unknown type name 'sys_mbox_t'
 u32_t sys_arch_mbox_tryfetch(sys_mbox_t *mbox, void **msg);
                              ^
../../../include/lwip/sys.h:205:20: error: unknown type name 'sys_mbox_t'
 void sys_mbox_free(sys_mbox_t *mbox);
                    ^
../../../include/lwip/sys.h:209:20: error: unknown type name 'sys_mbox_t'
 int sys_mbox_valid(sys_mbox_t *mbox);
                    ^
../../../include/lwip/sys.h:213:27: error: unknown type name 'sys_mbox_t'
 void sys_mbox_set_invalid(sys_mbox_t *mbox);
                           ^
../../../include/lwip/sys.h:223:1: error: unknown type name 'sys_thread_t'
 sys_thread_t sys_thread_new(const char *name, lwip_thread_fn thread, void *arg, int stacksize, int prio);
 ^
../../../include/lwip/sys.h:295:1: error: unknown type name 'sys_prot_t'
 sys_prot_t sys_arch_protect(void);
 ^
../../../include/lwip/sys.h:296:25: error: unknown type name 'sys_prot_t'
 void sys_arch_unprotect(sys_prot_t pval);
                         ^
In file included from contrib/ports/xilinx/netif/xadapter.c:38:0:
../../../include/netif/xadapter.h:45:9: error: unknown type name 'sys_sem_t'
         sys_sem_t sem_rx_data_available;
         ^
In file included from ../../../include/lwip/api_msg.h:45:0,
                 from ../../../include/lwip/tcpip.h:39,
                 from contrib/ports/xilinx/netif/xadapter.c:57:
../../../include/lwip/api.h:149:3: error: unknown type name 'sys_sem_t'
   sys_sem_t op_completed;
   ^
../../../include/lwip/api.h:152:3: error: unknown type name 'sys_mbox_t'
   sys_mbox_t recvmbox;
   ^
../../../include/lwip/api.h:156:3: error: unknown type name 'sys_mbox_t'
   sys_mbox_t acceptmbox;
   ^
In file included from ../../../include/lwip/tcpip.h:44:0,
                 from contrib/ports/xilinx/netif/xadapter.c:57:
../../../include/lwip/timers.h:89:30: error: unknown type name 'sys_mbox_t'
 void sys_timeouts_mbox_fetch(sys_mbox_t *mbox, void **msg);
                              ^
In file included from contrib/ports/xilinx/netif/xadapter.c:57:0:
../../../include/lwip/tcpip.h:127:3: error: unknown type name 'sys_sem_t'
   sys_sem_t *sem;
   ^
In file included from contrib/ports/xilinx/netif/xadapter.c:31:0:
contrib/ports/xilinx/netif/xadapter.c: In function 'xemacif_input':
../../../include/lwip/sys.h:257:36: error: unknown type name 'sys_prot_t'
 #define SYS_ARCH_DECL_PROTECT(lev) sys_prot_t lev
                                    ^
contrib/ports/xilinx/netif/xadapter.c:216:2: note: in expansion of macro 'SYS_ARCH_DECL_PROTECT'
  SYS_ARCH_DECL_PROTECT(lev);
  ^
make[1]: *** [contrib/ports/xilinx/netif/xadapter.o] Erreur 1
In file included from contrib/ports/xilinx/netif/xemacliteif.c:66:0:
../../../include/lwip/sys.h:138:19: error: unknown type name 'sys_sem_t'
 err_t sys_sem_new(sys_sem_t *sem, u8_t count);
                   ^
../../../include/lwip/sys.h:141:21: error: unknown type name 'sys_sem_t'
 void sys_sem_signal(sys_sem_t *sem);
                     ^
../../../include/lwip/sys.h:147:25: error: unknown type name 'sys_sem_t'
 u32_t sys_arch_sem_wait(sys_sem_t *sem, u32_t timeout);
                         ^
../../../include/lwip/sys.h:150:19: error: unknown type name 'sys_sem_t'
 void sys_sem_free(sys_sem_t *sem);
                   ^
../../../include/lwip/sys.h:155:19: error: unknown type name 'sys_sem_t'
 int sys_sem_valid(sys_sem_t *sem);
                   ^
../../../include/lwip/sys.h:159:26: error: unknown type name 'sys_sem_t'
 void sys_sem_set_invalid(sys_sem_t *sem);
                          ^
../../../include/lwip/sys.h:173:20: error: unknown type name 'sys_mbox_t'
 err_t sys_mbox_new(sys_mbox_t *mbox, int size);
                    ^
../../../include/lwip/sys.h:178:20: error: unknown type name 'sys_mbox_t'
 void sys_mbox_post(sys_mbox_t *mbox, void *msg);
                    ^
../../../include/lwip/sys.h:182:24: error: unknown type name 'sys_mbox_t'
 err_t sys_mbox_trypost(sys_mbox_t *mbox, void *msg);
                        ^
../../../include/lwip/sys.h:190:27: error: unknown type name 'sys_mbox_t'
 u32_t sys_arch_mbox_fetch(sys_mbox_t *mbox, void **msg, u32_t timeout);
                           ^
../../../include/lwip/sys.h:199:30: error: unknown type name 'sys_mbox_t'
 u32_t sys_arch_mbox_tryfetch(sys_mbox_t *mbox, void **msg);
                              ^
../../../include/lwip/sys.h:205:20: error: unknown type name 'sys_mbox_t'
 void sys_mbox_free(sys_mbox_t *mbox);
                    ^
../../../include/lwip/sys.h:209:20: error: unknown type name 'sys_mbox_t'
 int sys_mbox_valid(sys_mbox_t *mbox);
                    ^
../../../include/lwip/sys.h:213:27: error: unknown type name 'sys_mbox_t'
 void sys_mbox_set_invalid(sys_mbox_t *mbox);
                           ^
../../../include/lwip/sys.h:223:1: error: unknown type name 'sys_thread_t'
 sys_thread_t sys_thread_new(const char *name, lwip_thread_fn thread, void *arg, int stacksize, int prio);
 ^
../../../include/lwip/sys.h:295:1: error: unknown type name 'sys_prot_t'
 sys_prot_t sys_arch_protect(void);
 ^
../../../include/lwip/sys.h:296:25: error: unknown type name 'sys_prot_t'
 void sys_arch_unprotect(sys_prot_t pval);
                         ^
In file included from contrib/ports/xilinx/netif/xemacliteif.c:70:0:
../../../include/netif/xadapter.h:45:9: error: unknown type name 'sys_sem_t'
         sys_sem_t sem_rx_data_available;
         ^
In file included from contrib/ports/xilinx/netif/xemacliteif.c:66:0:
contrib/ports/xilinx/netif/xemacliteif.c: In function 'low_level_output':
../../../include/lwip/sys.h:257:36: error: unknown type name 'sys_prot_t'
 #define SYS_ARCH_DECL_PROTECT(lev) sys_prot_t lev
                                    ^
contrib/ports/xilinx/netif/xemacliteif.c:289:2: note: in expansion of macro 'SYS_ARCH_DECL_PROTECT'
  SYS_ARCH_DECL_PROTECT(lev);
  ^
contrib/ports/xilinx/netif/xemacliteif.c: In function 'xemacliteif_input':
../../../include/lwip/sys.h:257:36: error: unknown type name 'sys_prot_t'
 #define SYS_ARCH_DECL_PROTECT(lev) sys_prot_t lev
                                    ^
contrib/ports/xilinx/netif/xemacliteif.c:412:2: note: in expansion of macro 'SYS_ARCH_DECL_PROTECT'
  SYS_ARCH_DECL_PROTECT(lev);
  ^
make[1]: *** [contrib/ports/xilinx/netif/xemacliteif.o] Erreur 1
make[1]: La cible  libs  n'a pas pu tre refabrique  cause d'erreurs.
make: *** [micro_blaze_sub_system_microblaze_1/libsrc/lwip140_v1_06_a/src/make.libs] Erreur 2
"Running Make libs in micro_blaze_sub_system_microblaze_1/libsrc/standalone/src"
make -C micro_blaze_sub_system_microblaze_1/libsrc/standalone/src -s libs  "SHELL=CMD" "COMPILER=mb-gcc" "ARCHIVER=mb-ar" "COMPILER_FLAGS= -O2 -c -mcpu=v9.2 -mlittle-endian -mno-xl-soft-mul -mxl-barrel-shift -mxl-pattern-compare" "EXTRA_COMPILER_FLAGS=-g -ffunction-sections -fdata-sections"
"Compiling standalone";
"Running Make libs in micro_blaze_sub_system_microblaze_1/libsrc/tmrctr_v2_05_a/src"
make -C micro_blaze_sub_system_microblaze_1/libsrc/tmrctr_v2_05_a/src -s libs  "SHELL=CMD" "COMPILER=mb-gcc" "ARCHIVER=mb-ar" "COMPILER_FLAGS= -O2 -c -mcpu=v9.2 -mlittle-endian -mno-xl-soft-mul -mxl-barrel-shift -mxl-pattern-compare" "EXTRA_COMPILER_FLAGS=-g -ffunction-sections -fdata-sections"
"Compiling tmrctr"
"Running Make libs in micro_blaze_sub_system_microblaze_1/libsrc/trafgen_v2_01_a/src"
make -C micro_blaze_sub_system_microblaze_1/libsrc/trafgen_v2_01_a/src -s libs  "SHELL=CMD" "COMPILER=mb-gcc" "ARCHIVER=mb-ar" "COMPILER_FLAGS= -O2 -c -mcpu=v9.2 -mlittle-endian -mno-xl-soft-mul -mxl-barrel-shift -mxl-pattern-compare" "EXTRA_COMPILER_FLAGS=-g -ffunction-sections -fdata-sections"
"Compiling trafgen"
"Running Make libs in micro_blaze_sub_system_microblaze_1/libsrc/uartlite_v2_01_a/src"
make -C micro_blaze_sub_system_microblaze_1/libsrc/uartlite_v2_01_a/src -s libs  "SHELL=CMD" "COMPILER=mb-gcc" "ARCHIVER=mb-ar" "COMPILER_FLAGS= -O2 -c -mcpu=v9.2 -mlittle-endian -mno-xl-soft-mul -mxl-barrel-shift -mxl-pattern-compare" "EXTRA_COMPILER_FLAGS=-g -ffunction-sections -fdata-sections"
"Compiling uartlite"
"Running Make libs in micro_blaze_sub_system_microblaze_1/libsrc/xilkernel_v5_02_a/src"
make -C micro_blaze_sub_system_microblaze_1/libsrc/xilkernel_v5_02_a/src -s libs  "SHELL=CMD" "COMPILER=mb-gcc" "ARCHIVER=mb-ar" "COMPILER_FLAGS= -O2 -c -mcpu=v9.2 -mlittle-endian -mno-xl-soft-mul -mxl-barrel-shift -mxl-pattern-compare" "EXTRA_COMPILER_FLAGS=-g -ffunction-sections -fdata-sections"
mb-ar: creating ./libsyscall.a
mb-ar: creating ./libxilkernel.a
"Compiling xilkernel"
"Running Make libs in micro_blaze_sub_system_microblaze_1/libsrc/xilmfs_v1_00_a/src"
make -C micro_blaze_sub_system_microblaze_1/libsrc/xilmfs_v1_00_a/src -s libs  "SHELL=CMD" "COMPILER=mb-gcc" "ARCHIVER=mb-ar" "COMPILER_FLAGS= -O2 -c -mcpu=v9.2 -mlittle-endian -mno-xl-soft-mul -mxl-barrel-shift -mxl-pattern-compare" "EXTRA_COMPILER_FLAGS=-g -ffunction-sections -fdata-sections"
make: La cible  all  n'a pas pu tre refabrique  cause d'erreurs.

09:25:41 Build Finished (took 42s.861ms)

